
mustart.elf:	file format elf32-mos

SYMBOL TABLE:
00000000 l    df *ABS*	00000000 zero-bss.c
00000000 l    df *ABS*	00000000 zero-zp-bss.c
00000000 l    df *ABS*	00000000 ld-temp.o
00000034 l     O .zp.bss	00000007 kernelEventData
00000b5e l     O .rodata	00000030 textColors
00000030 l     O .zp.bss	00000001 _col
00000031 l     O .zp.bss	00000001 _row
00000b9d l     O .bss	00000001 kernelError
0000092b l     F .text	000001e7 putchar
00000032 l     O .zp.bss	00000002 __putchar.s
0000033b g     F .text	000005eb main
00000014 g       *ABS*	00000000 __rc4
00000012 g       *ABS*	00000000 __rc2
00000311 g       .text	00000000 __after_main
00000300 g       .text	00000000 __do_init_stack
00000308 g       .text	00000000 __do_zero_bss
00000315 g     F .text	00000013 __zero_bss
0000030b g       .text	00000000 __do_zero_zp_bss
00000328 g     F .text	00000013 __zero_zp_bss
00000926 g     F .text	00000005 exit
00000314 g       .text	00000000 _fini
00000b3e  w    F .text	00000020 __memset
00001000  w      *ABS*	00000000 __heap_default_limit
00000b9e g       .noinit	00000000 __heap_start
00000b12  w    F .text	0000002c memcpy
00000010 g       *ABS*	00000000 __rc0
00000016 g       *ABS*	00000000 __rc6
00000018 g       *ABS*	00000000 __rc8
0000001a g       *ABS*	00000000 __rc10
0000001c g       *ABS*	00000000 __rc12
0000001e g       *ABS*	00000000 __rc14
00000020 g       *ABS*	00000000 __rc16
00000022 g       *ABS*	00000000 __rc18
00000024 g       *ABS*	00000000 __rc20
00000026 g       *ABS*	00000000 __rc22
00000028 g       *ABS*	00000000 __rc24
0000002a g       *ABS*	00000000 __rc26
0000002c g       *ABS*	00000000 __rc28
0000002e g       *ABS*	00000000 __rc30
0000002f g       *ABS*	00000000 __rc31
00000300 g       *ABS*	00000000 __f256_start
0000c000 g       *ABS*	00000000 __stack
0000c000 g       *ABS*	00000000 __SLOT_ADDR
0800c000 g       *ABS*	00000000 __block8_lma
00002000 g       *ABS*	00000000 __BLOCK_SIZE
0900c000 g       *ABS*	00000000 __block9_lma
0a00c000 g       *ABS*	00000000 __block10_lma
0b00c000 g       *ABS*	00000000 __block11_lma
0c00c000 g       *ABS*	00000000 __block12_lma
0d00c000 g       *ABS*	00000000 __block13_lma
0e00c000 g       *ABS*	00000000 __block14_lma
0f00c000 g       *ABS*	00000000 __block15_lma
1000c000 g       *ABS*	00000000 __block16_lma
1100c000 g       *ABS*	00000000 __block17_lma
1200c000 g       *ABS*	00000000 __block18_lma
1300c000 g       *ABS*	00000000 __block19_lma
1400c000 g       *ABS*	00000000 __block20_lma
1500c000 g       *ABS*	00000000 __block21_lma
1600c000 g       *ABS*	00000000 __block22_lma
1700c000 g       *ABS*	00000000 __block23_lma
00000b9d g       .bss	00000000 __bss_start
00000300 g       .text	00000000 _start
0000002d g       *ABS*	00000000 __rc29
0000002b g       *ABS*	00000000 __rc27
00000029 g       *ABS*	00000000 __rc25
00000027 g       *ABS*	00000000 __rc23
00000025 g       *ABS*	00000000 __rc21
00000023 g       *ABS*	00000000 __rc19
00000021 g       *ABS*	00000000 __rc17
0000001f g       *ABS*	00000000 __rc15
0000001d g       *ABS*	00000000 __rc13
0000001b g       *ABS*	00000000 __rc11
00000019 g       *ABS*	00000000 __rc9
00000017 g       *ABS*	00000000 __rc7
00000015 g       *ABS*	00000000 __rc5
00000013 g       *ABS*	00000000 __rc3
00000011 g       *ABS*	00000000 __rc1
00000030 g       .zp.data	00000000 __zp_data_start
00000300 g       *ABS*	00000000 __zp_data_load_start
00000000 g       *ABS*	00000000 __zp_data_size
00000030 g       .zp.bss	00000000 __zp_bss_start
0000000b g       *ABS*	00000000 __zp_bss_size
00000300 g       .text	00000000 _init
00000b5e g       .text	00000000 __init_array_start
00000b5e g       .text	00000000 __init_array_end
00000b5e g       .text	00000000 __fini_array_start
00000b5e g       .text	00000000 __fini_array_end
00000b9d g       .data	00000000 __data_start
00000b9d g       .data	00000000 __data_end
00000b9d g       *ABS*	00000000 __data_load_start
00000000 g       *ABS*	00000000 __data_size
00000b9e g       .bss	00000000 __bss_end
00000001 g       *ABS*	00000000 __bss_size
00000b9e g       .noinit	00000000 end_block8
00000b9e g       .noinit	00000000 end_block9
00000b9e g       .noinit	00000000 end_block10
00000b9e g       .noinit	00000000 end_block11
00000b9e g       .noinit	00000000 end_block12
00000b9e g       .noinit	00000000 end_block13
00000b9e g       .noinit	00000000 end_block14
00000b9e g       .noinit	00000000 end_block15
00000b9e g       .noinit	00000000 end_block16
00000b9e g       .noinit	00000000 end_block17
00000b9e g       .noinit	00000000 end_block18
00000b9e g       .noinit	00000000 end_block19
00000b9e g       .noinit	00000000 end_block20
00000b9e g       .noinit	00000000 end_block21
00000b9e g       .noinit	00000000 end_block22
00000b9e g       .noinit	00000000 end_block23

Disassembly of section .text:

00000300 <_start>:
     300: a9 00        	lda	#$0
     302: 85 10        	sta	$10                     ; 0x2010 <end_block9+0x1472>
     304: a9 c0        	lda	#$c0
     306: 85 11        	sta	$11                     ; 0x2011 <end_block9+0x1473>

00000308 <__do_zero_bss>:
     308: 20 15 03     	jsr	$315 <__zero_bss>

0000030b <__do_zero_zp_bss>:
     30b: 20 28 03     	jsr	$328 <__zero_zp_bss>
     30e: 20 3b 03     	jsr	$33b <main>

00000311 <__after_main>:
     311: 4c 26 09     	jmp	$926 <exit>

00000314 <_fini>:
     314: 60           	rts

00000315 <__zero_bss>:
     315: a2 01        	ldx	#$1
     317: a0 00        	ldy	#$0
     319: a9 9d        	lda	#$9d
     31b: 85 12        	sta	$12                     ; 0x2012 <end_block9+0x1474>
     31d: a9 0b        	lda	#$b
     31f: 85 13        	sta	$13                     ; 0x2013 <end_block9+0x1475>
     321: a9 00        	lda	#$0
     323: 84 14        	sty	$14                     ; 0x2014 <end_block9+0x1476>
     325: 4c 3e 0b     	jmp	$b3e <__memset>

00000328 <__zero_zp_bss>:
     328: a2 0b        	ldx	#$b
     32a: a0 00        	ldy	#$0
     32c: a9 30        	lda	#$30
     32e: 85 12        	sta	$12                     ; 0x2012 <end_block9+0x1474>
     330: a9 00        	lda	#$0
     332: 85 13        	sta	$13                     ; 0x2013 <end_block9+0x1475>
     334: a9 00        	lda	#$0
     336: 84 14        	sty	$14                     ; 0x2014 <end_block9+0x1476>
     338: 4c 3e 0b     	jmp	$b3e <__memset>

0000033b <main>:
     33b: 18           	clc
     33c: a5 10        	lda	$10                     ; 0x2010 <end_block9+0x1472>
     33e: 69 f5        	adc	#$f5
     340: 85 10        	sta	$10                     ; 0x2010 <end_block9+0x1472>
     342: a5 11        	lda	$11                     ; 0x2011 <end_block9+0x1473>
     344: 69 ff        	adc	#$ff
     346: 85 11        	sta	$11                     ; 0x2011 <end_block9+0x1473>
     348: a6 24        	ldx	$24                     ; 0x2024 <end_block9+0x1486>
     34a: da           	phx
     34b: a6 25        	ldx	$25                     ; 0x2025 <end_block9+0x1487>
     34d: da           	phx
     34e: 64 1c        	stz	$1c                     ; 0x201c <end_block9+0x147e>
     350: a2 00        	ldx	#$0
     352: 86 1a        	stx	$1a                     ; 0x201a <end_block9+0x147c>
     354: a2 d0        	ldx	#$d0
     356: 86 1b        	stx	$1b                     ; 0x201b <end_block9+0x147d>
     358: a2 00        	ldx	#$0
     35a: 86 16        	stx	$16                     ; 0x2016 <end_block9+0x1478>
     35c: a2 d8        	ldx	#$d8
     35e: 86 17        	stx	$17                     ; 0x2017 <end_block9+0x1479>
     360: a9 02        	lda	#$2
     362: a2 00        	ldx	#$0
     364: 86 18        	stx	$18                     ; 0x2018 <end_block9+0x147a>
     366: a2 d4        	ldx	#$d4
     368: 86 19        	stx	$19                     ; 0x2019 <end_block9+0x147b>
     36a: a2 00        	ldx	#$0
     36c: 86 14        	stx	$14                     ; 0x2014 <end_block9+0x1476>
     36e: a2 dc        	ldx	#$dc
     370: 86 15        	stx	$15                     ; 0x2015 <end_block9+0x1477>
     372: a2 00        	ldx	#$0
     374: 86 12        	stx	$12                     ; 0x2012 <end_block9+0x1474>
     376: a2 c0        	ldx	#$c0
     378: 86 13        	stx	$13                     ; 0x2013 <end_block9+0x1475>
     37a: 64 01        	stz	$1                      ; 0x2001 <end_block9+0x1463>
     37c: a2 3f        	ldx	#$3f
     37e: 8e 00 d0     	stx	$d000                   ; 0xd000 <end_block9+0xc462>
     381: a2 b3        	ldx	#$b3
     383: 86 00        	stx	$0                      ; 0x2000 <end_block9+0x1462>
     385: 64 08        	stz	$8                      ; 0x2008 <end_block9+0x146a>
     387: a2 01        	ldx	#$1
     389: 86 09        	stx	$9                      ; 0x2009 <end_block9+0x146b>
     38b: 85 0a        	sta	$a                      ; 0x200a <end_block9+0x146c>
     38d: a2 03        	ldx	#$3
     38f: 86 0b        	stx	$b                      ; 0x200b <end_block9+0x146d>
     391: e8           	inx
     392: 86 0c        	stx	$c                      ; 0x200c <end_block9+0x146e>
     394: e8           	inx
     395: 86 0d        	stx	$d                      ; 0x200d <end_block9+0x146f>
     397: a2 34        	ldx	#$34
     399: a9 00        	lda	#$0
     39b: 86 f0        	stx	$f0                     ; 0x20f0 <end_block9+0x1552>
     39d: 85 f1        	sta	$f1                     ; 0x20f1 <end_block9+0x1553>
     39f: a6 01        	ldx	$1                      ; 0x2001 <end_block9+0x1463>
     3a1: a0 01        	ldy	#$1
     3a3: 84 01        	sty	$1                      ; 0x2001 <end_block9+0x1463>
     3a5: a5 1c        	lda	$1c                     ; 0x201c <end_block9+0x147e>
     3a7: 92 1a        	sta	($1a)                   ; 0x201a <end_block9+0x147c>
     3a9: 91 1a        	sta	($1a),y                 ; 0x201a <end_block9+0x147c>
     3ab: c8           	iny
     3ac: 91 1a        	sta	($1a),y                 ; 0x201a <end_block9+0x147c>
     3ae: c8           	iny
     3af: a9 ff        	lda	#$ff
     3b1: 91 1a        	sta	($1a),y                 ; 0x201a <end_block9+0x147c>
     3b3: 86 01        	stx	$1                      ; 0x2001 <end_block9+0x1463>
     3b5: a5 1a        	lda	$1a                     ; 0x201a <end_block9+0x147c>
     3b7: 18           	clc
     3b8: 69 04        	adc	#$4
     3ba: 85 1a        	sta	$1a                     ; 0x201a <end_block9+0x147c>
     3bc: a5 1b        	lda	$1b                     ; 0x201b <end_block9+0x147d>
     3be: 69 00        	adc	#$0
     3c0: e6 1c        	inc	$1c                     ; 0x201c <end_block9+0x147e>
     3c2: 85 1b        	sta	$1b                     ; 0x201b <end_block9+0x147d>
     3c4: d0 d9        	bne	$39f <main+0x64>
     3c6: a9 00        	lda	#$0
     3c8: a6 01        	ldx	$1                      ; 0x2001 <end_block9+0x1463>
     3ca: a0 01        	ldy	#$1
     3cc: 84 01        	sty	$1                      ; 0x2001 <end_block9+0x1463>
     3ce: 92 18        	sta	($18)                   ; 0x2018 <end_block9+0x147a>
     3d0: 91 18        	sta	($18),y                 ; 0x2018 <end_block9+0x147a>
     3d2: c8           	iny
     3d3: 91 18        	sta	($18),y                 ; 0x2018 <end_block9+0x147a>
     3d5: c8           	iny
     3d6: 85 1a        	sta	$1a                     ; 0x201a <end_block9+0x147c>
     3d8: a9 ff        	lda	#$ff
     3da: 91 18        	sta	($18),y                 ; 0x2018 <end_block9+0x147a>
     3dc: 86 01        	stx	$1                      ; 0x2001 <end_block9+0x1463>
     3de: a5 18        	lda	$18                     ; 0x2018 <end_block9+0x147a>
     3e0: 18           	clc
     3e1: 69 04        	adc	#$4
     3e3: 85 18        	sta	$18                     ; 0x2018 <end_block9+0x147a>
     3e5: a5 19        	lda	$19                     ; 0x2019 <end_block9+0x147b>
     3e7: 69 00        	adc	#$0
     3e9: e6 1a        	inc	$1a                     ; 0x201a <end_block9+0x147c>
     3eb: 85 19        	sta	$19                     ; 0x2019 <end_block9+0x147b>
     3ed: a5 1a        	lda	$1a                     ; 0x201a <end_block9+0x147c>
     3ef: d0 d7        	bne	$3c8 <main+0x8d>
     3f1: a9 00        	lda	#$0
     3f3: a6 01        	ldx	$1                      ; 0x2001 <end_block9+0x1463>
     3f5: a0 01        	ldy	#$1
     3f7: 84 01        	sty	$1                      ; 0x2001 <end_block9+0x1463>
     3f9: 92 16        	sta	($16)                   ; 0x2016 <end_block9+0x1478>
     3fb: 91 16        	sta	($16),y                 ; 0x2016 <end_block9+0x1478>
     3fd: c8           	iny
     3fe: 91 16        	sta	($16),y                 ; 0x2016 <end_block9+0x1478>
     400: c8           	iny
     401: 85 18        	sta	$18                     ; 0x2018 <end_block9+0x147a>
     403: a9 ff        	lda	#$ff
     405: 91 16        	sta	($16),y                 ; 0x2016 <end_block9+0x1478>
     407: 86 01        	stx	$1                      ; 0x2001 <end_block9+0x1463>
     409: a5 16        	lda	$16                     ; 0x2016 <end_block9+0x1478>
     40b: 18           	clc
     40c: 69 04        	adc	#$4
     40e: 85 16        	sta	$16                     ; 0x2016 <end_block9+0x1478>
     410: a5 17        	lda	$17                     ; 0x2017 <end_block9+0x1479>
     412: 69 00        	adc	#$0
     414: e6 18        	inc	$18                     ; 0x2018 <end_block9+0x147a>
     416: 85 17        	sta	$17                     ; 0x2017 <end_block9+0x1479>
     418: a5 18        	lda	$18                     ; 0x2018 <end_block9+0x147a>
     41a: d0 d7        	bne	$3f3 <main+0xb8>
     41c: a9 00        	lda	#$0
     41e: a6 01        	ldx	$1                      ; 0x2001 <end_block9+0x1463>
     420: a0 01        	ldy	#$1
     422: 84 01        	sty	$1                      ; 0x2001 <end_block9+0x1463>
     424: 92 14        	sta	($14)                   ; 0x2014 <end_block9+0x1476>
     426: 91 14        	sta	($14),y                 ; 0x2014 <end_block9+0x1476>
     428: c8           	iny
     429: 91 14        	sta	($14),y                 ; 0x2014 <end_block9+0x1476>
     42b: c8           	iny
     42c: 85 16        	sta	$16                     ; 0x2016 <end_block9+0x1478>
     42e: a9 ff        	lda	#$ff
     430: 91 14        	sta	($14),y                 ; 0x2014 <end_block9+0x1476>
     432: 86 01        	stx	$1                      ; 0x2001 <end_block9+0x1463>
     434: a5 14        	lda	$14                     ; 0x2014 <end_block9+0x1476>
     436: 18           	clc
     437: 69 04        	adc	#$4
     439: 85 14        	sta	$14                     ; 0x2014 <end_block9+0x1476>
     43b: a5 15        	lda	$15                     ; 0x2015 <end_block9+0x1477>
     43d: 69 00        	adc	#$0
     43f: e6 16        	inc	$16                     ; 0x2016 <end_block9+0x1478>
     441: 85 15        	sta	$15                     ; 0x2015 <end_block9+0x1477>
     443: a5 16        	lda	$16                     ; 0x2016 <end_block9+0x1478>
     445: d0 d7        	bne	$41e <main+0xe3>
     447: ad 02 d0     	lda	$d002                   ; 0xd002 <end_block9+0xc464>
     44a: 29 f0        	and	#$f0
     44c: 8d 02 d0     	sta	$d002                   ; 0xd002 <end_block9+0xc464>
     44f: ad 02 d0     	lda	$d002                   ; 0xd002 <end_block9+0xc464>
     452: 29 0f        	and	#$f
     454: 09 10        	ora	#$10
     456: 8d 02 d0     	sta	$d002                   ; 0xd002 <end_block9+0xc464>
     459: a2 02        	ldx	#$2
     45b: 8e 03 d0     	stx	$d003                   ; 0xd003 <end_block9+0xc465>
     45e: ad 01 d0     	lda	$d001                   ; 0xd001 <end_block9+0xc463>
     461: 29 f9        	and	#$f9
     463: 09 04        	ora	#$4
     465: 8d 01 d0     	sta	$d001                   ; 0xd001 <end_block9+0xc463>
     468: 64 14        	stz	$14                     ; 0x2014 <end_block9+0x1476>
     46a: 9c 10 d0     	stz	$d010                   ; 0xd010 <end_block9+0xc472>
     46d: a2 00        	ldx	#$0
     46f: 64 15        	stz	$15                     ; 0x2015 <end_block9+0x1477>
     471: 86 18        	stx	$18                     ; 0x2018 <end_block9+0x147a>
     473: a4 18        	ldy	$18                     ; 0x2018 <end_block9+0x147a>
     475: be 5e 0b     	ldx	$b5e,y                  ; 0xb5e <textColors>
     478: 86 19        	stx	$19                     ; 0x2019 <end_block9+0x147b>
     47a: be 5f 0b     	ldx	$b5f,y                  ; 0xb5f <textColors+0x1>
     47d: 86 1a        	stx	$1a                     ; 0x201a <end_block9+0x147c>
     47f: be 60 0b     	ldx	$b60,y                  ; 0xb60 <textColors+0x2>
     482: 86 1b        	stx	$1b                     ; 0x201b <end_block9+0x147d>
     484: a6 15        	ldx	$15                     ; 0x2015 <end_block9+0x1477>
     486: 8e 00 de     	stx	$de00                   ; 0xde00 <end_block9+0xd262>
     489: 86 17        	stx	$17                     ; 0x2017 <end_block9+0x1479>
     48b: 9c 01 de     	stz	$de01                   ; 0xde01 <end_block9+0xd263>
     48e: a2 04        	ldx	#$4
     490: 8e 02 de     	stx	$de02                   ; 0xde02 <end_block9+0xd264>
     493: 9c 03 de     	stz	$de03                   ; 0xde03 <end_block9+0xd265>
     496: ad 10 de     	lda	$de10                   ; 0xde10 <end_block9+0xd272>
     499: ac 11 de     	ldy	$de11                   ; 0xde11 <end_block9+0xd273>
     49c: 84 15        	sty	$15                     ; 0x2015 <end_block9+0x1477>
     49e: ac 12 de     	ldy	$de12                   ; 0xde12 <end_block9+0xd274>
     4a1: ac 13 de     	ldy	$de13                   ; 0xde13 <end_block9+0xd275>
     4a4: 18           	clc
     4a5: 65 14        	adc	$14                     ; 0x2014 <end_block9+0x1476>
     4a7: 85 16        	sta	$16                     ; 0x2016 <end_block9+0x1478>
     4a9: a6 17        	ldx	$17                     ; 0x2017 <end_block9+0x1479>
     4ab: a9 d8        	lda	#$d8
     4ad: 65 15        	adc	$15                     ; 0x2015 <end_block9+0x1477>
     4af: 85 17        	sta	$17                     ; 0x2017 <end_block9+0x1479>
     4b1: a5 1b        	lda	$1b                     ; 0x201b <end_block9+0x147d>
     4b3: 92 16        	sta	($16)                   ; 0x2016 <end_block9+0x1478>
     4b5: a0 01        	ldy	#$1
     4b7: a5 1a        	lda	$1a                     ; 0x201a <end_block9+0x147c>
     4b9: 91 16        	sta	($16),y                 ; 0x2016 <end_block9+0x1478>
     4bb: c8           	iny
     4bc: a5 19        	lda	$19                     ; 0x2019 <end_block9+0x147b>
     4be: 91 16        	sta	($16),y                 ; 0x2016 <end_block9+0x1478>
     4c0: c8           	iny
     4c1: a9 ff        	lda	#$ff
     4c3: 91 16        	sta	($16),y                 ; 0x2016 <end_block9+0x1478>
     4c5: 8e 00 de     	stx	$de00                   ; 0xde00 <end_block9+0xd262>
     4c8: 9c 01 de     	stz	$de01                   ; 0xde01 <end_block9+0xd263>
     4cb: c8           	iny
     4cc: 8c 02 de     	sty	$de02                   ; 0xde02 <end_block9+0xd264>
     4cf: 9c 03 de     	stz	$de03                   ; 0xde03 <end_block9+0xd265>
     4d2: ad 10 de     	lda	$de10                   ; 0xde10 <end_block9+0xd272>
     4d5: 85 15        	sta	$15                     ; 0x2015 <end_block9+0x1477>
     4d7: ad 11 de     	lda	$de11                   ; 0xde11 <end_block9+0xd273>
     4da: 85 16        	sta	$16                     ; 0x2016 <end_block9+0x1478>
     4dc: a9 40        	lda	#$40
     4de: 18           	clc
     4df: 65 15        	adc	$15                     ; 0x2015 <end_block9+0x1477>
     4e1: a8           	tay
     4e2: a9 d8        	lda	#$d8
     4e4: 65 16        	adc	$16                     ; 0x2016 <end_block9+0x1478>
     4e6: 85 17        	sta	$17                     ; 0x2017 <end_block9+0x1479>
     4e8: 84 16        	sty	$16                     ; 0x2016 <end_block9+0x1478>
     4ea: ad 12 de     	lda	$de12                   ; 0xde12 <end_block9+0xd274>
     4ed: ad 13 de     	lda	$de13                   ; 0xde13 <end_block9+0xd275>
     4f0: a5 1b        	lda	$1b                     ; 0x201b <end_block9+0x147d>
     4f2: 92 16        	sta	($16)                   ; 0x2016 <end_block9+0x1478>
     4f4: a5 1a        	lda	$1a                     ; 0x201a <end_block9+0x147c>
     4f6: a0 01        	ldy	#$1
     4f8: 91 16        	sta	($16),y                 ; 0x2016 <end_block9+0x1478>
     4fa: a5 19        	lda	$19                     ; 0x2019 <end_block9+0x147b>
     4fc: c8           	iny
     4fd: 91 16        	sta	($16),y                 ; 0x2016 <end_block9+0x1478>
     4ff: c8           	iny
     500: a9 ff        	lda	#$ff
     502: 91 16        	sta	($16),y                 ; 0x2016 <end_block9+0x1478>
     504: e8           	inx
     505: 86 15        	stx	$15                     ; 0x2015 <end_block9+0x1477>
     507: 18           	clc
     508: a5 18        	lda	$18                     ; 0x2018 <end_block9+0x147a>
     50a: 69 03        	adc	#$3
     50c: aa           	tax
     50d: c9 30        	cmp	#$30
     50f: f0 03        	beq	$514 <main+0x1d9>
     511: 4c 71 04     	jmp	$471 <main+0x136>
     514: a6 01        	ldx	$1                      ; 0x2001 <end_block9+0x1463>
     516: 86 18        	stx	$18                     ; 0x2018 <end_block9+0x147a>
     518: a2 50        	ldx	#$50
     51a: 8e 00 de     	stx	$de00                   ; 0xde00 <end_block9+0xd262>
     51d: 9c 01 de     	stz	$de01                   ; 0xde01 <end_block9+0xd263>
     520: a2 1e        	ldx	#$1e
     522: 8e 02 de     	stx	$de02                   ; 0xde02 <end_block9+0xd264>
     525: 9c 03 de     	stz	$de03                   ; 0xde03 <end_block9+0xd265>
     528: ae 10 de     	ldx	$de10                   ; 0xde10 <end_block9+0xd272>
     52b: ac 11 de     	ldy	$de11                   ; 0xde11 <end_block9+0xd273>
     52e: ad 12 de     	lda	$de12                   ; 0xde12 <end_block9+0xd274>
     531: ad 13 de     	lda	$de13                   ; 0xde13 <end_block9+0xd275>
     534: a9 02        	lda	#$2
     536: 85 01        	sta	$1                      ; 0x2001 <end_block9+0x1463>
     538: e0 01        	cpx	#$1
     53a: 98           	tya
     53b: e9 00        	sbc	#$0
     53d: 50 02        	bvc	$541 <main+0x206>
     53f: 49 80        	eor	#$80
     541: c9 00        	cmp	#$0
     543: 30 50        	bmi	$595 <main+0x25a>
     545: a9 20        	lda	#$20
     547: 86 19        	stx	$19                     ; 0x2019 <end_block9+0x147b>
     549: 86 14        	stx	$14                     ; 0x2014 <end_block9+0x1476>
     54b: 84 15        	sty	$15                     ; 0x2015 <end_block9+0x1477>
     54d: a2 00        	ldx	#$0
     54f: 86 16        	stx	$16                     ; 0x2016 <end_block9+0x1478>
     551: a2 c0        	ldx	#$c0
     553: 86 17        	stx	$17                     ; 0x2017 <end_block9+0x1479>
     555: 80 04        	bra	$55b <main+0x220>
     557: a6 15        	ldx	$15                     ; 0x2015 <end_block9+0x1477>
     559: f0 14        	beq	$56f <main+0x234>
     55b: 92 16        	sta	($16)                   ; 0x2016 <end_block9+0x1478>
     55d: e6 16        	inc	$16                     ; 0x2016 <end_block9+0x1478>
     55f: d0 02        	bne	$563 <main+0x228>
     561: e6 17        	inc	$17                     ; 0x2017 <end_block9+0x1479>
     563: a2 ff        	ldx	#$ff
     565: c6 14        	dec	$14                     ; 0x2014 <end_block9+0x1476>
     567: e4 14        	cpx	$14                     ; 0x2014 <end_block9+0x1476>
     569: d0 ec        	bne	$557 <main+0x21c>
     56b: c6 15        	dec	$15                     ; 0x2015 <end_block9+0x1477>
     56d: 80 e8        	bra	$557 <main+0x21c>
     56f: a6 14        	ldx	$14                     ; 0x2014 <end_block9+0x1476>
     571: d0 e8        	bne	$55b <main+0x220>
     573: a2 03        	ldx	#$3
     575: 86 01        	stx	$1                      ; 0x2001 <end_block9+0x1463>
     577: a6 19        	ldx	$19                     ; 0x2019 <end_block9+0x147b>
     579: 80 03        	bra	$57e <main+0x243>
     57b: 98           	tya
     57c: f0 12        	beq	$590 <main+0x255>
     57e: a9 f0        	lda	#$f0
     580: 92 12        	sta	($12)                   ; 0x2012 <end_block9+0x1474>
     582: e6 12        	inc	$12                     ; 0x2012 <end_block9+0x1474>
     584: d0 02        	bne	$588 <main+0x24d>
     586: e6 13        	inc	$13                     ; 0x2013 <end_block9+0x1475>
     588: ca           	dex
     589: e0 ff        	cpx	#$ff
     58b: d0 ee        	bne	$57b <main+0x240>
     58d: 88           	dey
     58e: 80 eb        	bra	$57b <main+0x240>
     590: 8a           	txa
     591: d0 eb        	bne	$57e <main+0x243>
     593: 80 04        	bra	$599 <main+0x25e>
     595: a2 03        	ldx	#$3
     597: 86 01        	stx	$1                      ; 0x2001 <end_block9+0x1463>
     599: a6 18        	ldx	$18                     ; 0x2018 <end_block9+0x147a>
     59b: 86 01        	stx	$1                      ; 0x2001 <end_block9+0x1463>
     59d: 64 30        	stz	$30                     ; 0x2030 <end_block9+0x1492>
     59f: 9c 14 d0     	stz	$d014                   ; 0xd014 <end_block9+0xc476>
     5a2: 9c 15 d0     	stz	$d015                   ; 0xd015 <end_block9+0xc477>
     5a5: 64 31        	stz	$31                     ; 0x2031 <end_block9+0x1493>
     5a7: 9c 16 d0     	stz	$d016                   ; 0xd016 <end_block9+0xc478>
     5aa: 9c 17 d0     	stz	$d017                   ; 0xd017 <end_block9+0xc479>
     5ad: a2 40        	ldx	#$40
     5af: 8e 00 de     	stx	$de00                   ; 0xde00 <end_block9+0xd262>
     5b2: a2 01        	ldx	#$1
     5b4: 8e 01 de     	stx	$de01                   ; 0xde01 <end_block9+0xd263>
     5b7: a2 f0        	ldx	#$f0
     5b9: 8e 02 de     	stx	$de02                   ; 0xde02 <end_block9+0xd264>
     5bc: 9c 03 de     	stz	$de03                   ; 0xde03 <end_block9+0xd265>
     5bf: ae 10 de     	ldx	$de10                   ; 0xde10 <end_block9+0xd272>
     5c2: 86 17        	stx	$17                     ; 0x2017 <end_block9+0x1479>
     5c4: ae 11 de     	ldx	$de11                   ; 0xde11 <end_block9+0xd273>
     5c7: 86 12        	stx	$12                     ; 0x2012 <end_block9+0x1474>
     5c9: ae 12 de     	ldx	$de12                   ; 0xde12 <end_block9+0xd274>
     5cc: 86 13        	stx	$13                     ; 0x2013 <end_block9+0x1475>
     5ce: ae 13 de     	ldx	$de13                   ; 0xde13 <end_block9+0xd275>
     5d1: 86 14        	stx	$14                     ; 0x2014 <end_block9+0x1476>
     5d3: a4 12        	ldy	$12                     ; 0x2012 <end_block9+0x1474>
     5d5: 84 15        	sty	$15                     ; 0x2015 <end_block9+0x1477>
     5d7: 06 15        	asl	$15                     ; 0x2015 <end_block9+0x1477>
     5d9: a5 13        	lda	$13                     ; 0x2013 <end_block9+0x1475>
     5db: 2a           	rol
     5dc: 86 16        	stx	$16                     ; 0x2016 <end_block9+0x1478>
     5de: 26 16        	rol	$16                     ; 0x2016 <end_block9+0x1478>
     5e0: 06 15        	asl	$15                     ; 0x2015 <end_block9+0x1477>
     5e2: 2a           	rol
     5e3: 26 16        	rol	$16                     ; 0x2016 <end_block9+0x1478>
     5e5: 06 15        	asl	$15                     ; 0x2015 <end_block9+0x1477>
     5e7: 2a           	rol
     5e8: 26 16        	rol	$16                     ; 0x2016 <end_block9+0x1478>
     5ea: 85 15        	sta	$15                     ; 0x2015 <end_block9+0x1477>
     5ec: 8d 00 de     	sta	$de00                   ; 0xde00 <end_block9+0xd262>
     5ef: a5 16        	lda	$16                     ; 0x2016 <end_block9+0x1478>
     5f1: 8d 01 de     	sta	$de01                   ; 0xde01 <end_block9+0xd263>
     5f4: 9c 02 de     	stz	$de02                   ; 0xde02 <end_block9+0xd264>
     5f7: a2 20        	ldx	#$20
     5f9: 8e 03 de     	stx	$de03                   ; 0xde03 <end_block9+0xd265>
     5fc: ae 10 de     	ldx	$de10                   ; 0xde10 <end_block9+0xd272>
     5ff: 86 16        	stx	$16                     ; 0x2016 <end_block9+0x1478>
     601: ae 11 de     	ldx	$de11                   ; 0xde11 <end_block9+0xd273>
     604: 86 18        	stx	$18                     ; 0x2018 <end_block9+0x147a>
     606: ac 12 de     	ldy	$de12                   ; 0xde12 <end_block9+0xd274>
     609: ae 13 de     	ldx	$de13                   ; 0xde13 <end_block9+0xd275>
     60c: e4 14        	cpx	$14                     ; 0x2014 <end_block9+0x1476>
     60e: d0 14        	bne	$624 <main+0x2e9>
     610: c4 13        	cpy	$13                     ; 0x2013 <end_block9+0x1475>
     612: d0 10        	bne	$624 <main+0x2e9>
     614: a6 18        	ldx	$18                     ; 0x2018 <end_block9+0x147a>
     616: e4 12        	cpx	$12                     ; 0x2012 <end_block9+0x1474>
     618: d0 0a        	bne	$624 <main+0x2e9>
     61a: a6 16        	ldx	$16                     ; 0x2016 <end_block9+0x1478>
     61c: e4 17        	cpx	$17                     ; 0x2017 <end_block9+0x1479>
     61e: d0 04        	bne	$624 <main+0x2e9>
     620: a6 15        	ldx	$15                     ; 0x2015 <end_block9+0x1477>
     622: 80 06        	bra	$62a <main+0x2ef>
     624: a6 15        	ldx	$15                     ; 0x2015 <end_block9+0x1477>
     626: e8           	inx
     627: d0 01        	bne	$62a <main+0x2ef>
     629: 1a           	inc
     62a: 8e 00 de     	stx	$de00                   ; 0xde00 <end_block9+0xd262>
     62d: 8d 01 de     	sta	$de01                   ; 0xde01 <end_block9+0xd263>
     630: 9c 02 de     	stz	$de02                   ; 0xde02 <end_block9+0xd264>
     633: a2 20        	ldx	#$20
     635: 8e 03 de     	stx	$de03                   ; 0xde03 <end_block9+0xd265>
     638: ae 10 de     	ldx	$de10                   ; 0xde10 <end_block9+0xd272>
     63b: 86 12        	stx	$12                     ; 0x2012 <end_block9+0x1474>
     63d: ae 11 de     	ldx	$de11                   ; 0xde11 <end_block9+0xd273>
     640: 86 13        	stx	$13                     ; 0x2013 <end_block9+0x1475>
     642: ae 12 de     	ldx	$de12                   ; 0xde12 <end_block9+0xd274>
     645: 86 14        	stx	$14                     ; 0x2014 <end_block9+0x1476>
     647: a9 00        	lda	#$0
     649: 38           	sec
     64a: e5 12        	sbc	$12                     ; 0x2012 <end_block9+0x1474>
     64c: a8           	tay
     64d: a9 00        	lda	#$0
     64f: e5 13        	sbc	$13                     ; 0x2013 <end_block9+0x1475>
     651: 85 15        	sta	$15                     ; 0x2015 <end_block9+0x1477>
     653: a9 08        	lda	#$8
     655: e5 14        	sbc	$14                     ; 0x2014 <end_block9+0x1476>
     657: aa           	tax
     658: 98           	tya
     659: 84 17        	sty	$17                     ; 0x2017 <end_block9+0x1479>
     65b: 38           	sec
     65c: e5 12        	sbc	$12                     ; 0x2012 <end_block9+0x1474>
     65e: 85 16        	sta	$16                     ; 0x2016 <end_block9+0x1478>
     660: a5 15        	lda	$15                     ; 0x2015 <end_block9+0x1477>
     662: e5 13        	sbc	$13                     ; 0x2013 <end_block9+0x1475>
     664: 85 18        	sta	$18                     ; 0x2018 <end_block9+0x147a>
     666: 8a           	txa
     667: 86 19        	stx	$19                     ; 0x2019 <end_block9+0x147b>
     669: e5 14        	sbc	$14                     ; 0x2014 <end_block9+0x1476>
     66b: a8           	tay
     66c: 38           	sec
     66d: a5 16        	lda	$16                     ; 0x2016 <end_block9+0x1478>
     66f: e5 12        	sbc	$12                     ; 0x2012 <end_block9+0x1474>
     671: 85 12        	sta	$12                     ; 0x2012 <end_block9+0x1474>
     673: a5 18        	lda	$18                     ; 0x2018 <end_block9+0x147a>
     675: e5 13        	sbc	$13                     ; 0x2013 <end_block9+0x1475>
     677: 85 13        	sta	$13                     ; 0x2013 <end_block9+0x1475>
     679: 98           	tya
     67a: e5 14        	sbc	$14                     ; 0x2014 <end_block9+0x1476>
     67c: ae 13 de     	ldx	$de13                   ; 0xde13 <end_block9+0xd275>
     67f: a6 17        	ldx	$17                     ; 0x2017 <end_block9+0x1479>
     681: 8e 01 d1     	stx	$d101                   ; 0xd101 <end_block9+0xc563>
     684: a6 15        	ldx	$15                     ; 0x2015 <end_block9+0x1477>
     686: 8e 02 d1     	stx	$d102                   ; 0xd102 <end_block9+0xc564>
     689: a6 19        	ldx	$19                     ; 0x2019 <end_block9+0x147b>
     68b: 8e 03 d1     	stx	$d103                   ; 0xd103 <end_block9+0xc565>
     68e: a6 16        	ldx	$16                     ; 0x2016 <end_block9+0x1478>
     690: 8e 09 d1     	stx	$d109                   ; 0xd109 <end_block9+0xc56b>
     693: a6 18        	ldx	$18                     ; 0x2018 <end_block9+0x147a>
     695: 8e 0a d1     	stx	$d10a                   ; 0xd10a <end_block9+0xc56c>
     698: 8c 0b d1     	sty	$d10b                   ; 0xd10b <end_block9+0xc56d>
     69b: a6 12        	ldx	$12                     ; 0x2012 <end_block9+0x1474>
     69d: 8e 11 d1     	stx	$d111                   ; 0xd111 <end_block9+0xc573>
     6a0: a6 13        	ldx	$13                     ; 0x2013 <end_block9+0x1475>
     6a2: 8e 12 d1     	stx	$d112                   ; 0xd112 <end_block9+0xc574>
     6a5: 8d 13 d1     	sta	$d113                   ; 0xd113 <end_block9+0xc575>
     6a8: 9c 00 d1     	stz	$d100                   ; 0xd100 <end_block9+0xc562>
     6ab: 9c 08 d1     	stz	$d108                   ; 0xd108 <end_block9+0xc56a>
     6ae: 9c 10 d1     	stz	$d110                   ; 0xd110 <end_block9+0xc572>
     6b1: a2 10        	ldx	#$10
     6b3: 8e 00 d2     	stx	$d200                   ; 0xd200 <end_block9+0xc662>
     6b6: 8e 0c d2     	stx	$d20c                   ; 0xd20c <end_block9+0xc66e>
     6b9: 8e 18 d2     	stx	$d218                   ; 0xd218 <end_block9+0xc67a>
     6bc: a0 d9        	ldy	#$d9
     6be: a2 40        	ldx	#$40
     6c0: 64 12        	stz	$12                     ; 0x2012 <end_block9+0x1474>
     6c2: 84 13        	sty	$13                     ; 0x2013 <end_block9+0x1475>
     6c4: a9 00        	lda	#$0
     6c6: 92 12        	sta	($12)                   ; 0x2012 <end_block9+0x1474>
     6c8: ca           	dex
     6c9: 18           	clc
     6ca: a5 12        	lda	$12                     ; 0x2012 <end_block9+0x1474>
     6cc: 69 08        	adc	#$8
     6ce: 85 12        	sta	$12                     ; 0x2012 <end_block9+0x1474>
     6d0: 98           	tya
     6d1: 69 00        	adc	#$0
     6d3: a8           	tay
     6d4: 8a           	txa
     6d5: d0 eb        	bne	$6c2 <main+0x387>
     6d7: 18           	clc
     6d8: a5 10        	lda	$10                     ; 0x2010 <end_block9+0x1472>
     6da: 69 02        	adc	#$2
     6dc: 85 12        	sta	$12                     ; 0x2012 <end_block9+0x1474>
     6de: a5 11        	lda	$11                     ; 0x2011 <end_block9+0x1473>
     6e0: 69 00        	adc	#$0
     6e2: 85 13        	sta	$13                     ; 0x2013 <end_block9+0x1475>
     6e4: a6 12        	ldx	$12                     ; 0x2012 <end_block9+0x1474>
     6e6: 86 fb        	stx	$fb                     ; 0x20fb <end_block9+0x155d>
     6e8: 85 fc        	sta	$fc                     ; 0x20fc <end_block9+0x155e>
     6ea: a2 08        	ldx	#$8
     6ec: 86 fd        	stx	$fd                     ; 0x20fd <end_block9+0x155f>
     6ee: 18           	clc
     6ef: a5 10        	lda	$10                     ; 0x2010 <end_block9+0x1472>
     6f1: 69 01        	adc	#$1
     6f3: 85 14        	sta	$14                     ; 0x2014 <end_block9+0x1476>
     6f5: a5 11        	lda	$11                     ; 0x2011 <end_block9+0x1473>
     6f7: 69 00        	adc	#$0
     6f9: 85 15        	sta	$15                     ; 0x2015 <end_block9+0x1477>
     6fb: a2 9d        	ldx	#$9d
     6fd: 86 24        	stx	$24                     ; 0x2024 <end_block9+0x1486>
     6ff: a2 0b        	ldx	#$b
     701: 86 25        	stx	$25                     ; 0x2025 <end_block9+0x1487>
     703: a0 06        	ldy	#$6
     705: 20 dc ff     	jsr	$ffdc <end_block9+0xf43e>
     708: 92 14        	sta	($14)                   ; 0x2014 <end_block9+0x1476>
     70a: a9 00        	lda	#$0
     70c: 6a           	ror
     70d: 85 24        	sta	$24                     ; 0x2024 <end_block9+0x1486>
     70f: b1 12        	lda	($12),y                 ; 0x2012 <end_block9+0x1474>
     711: 85 14        	sta	$14                     ; 0x2014 <end_block9+0x1476>
     713: c8           	iny
     714: b1 12        	lda	($12),y                 ; 0x2012 <end_block9+0x1474>
     716: a6 14        	ldx	$14                     ; 0x2014 <end_block9+0x1476>
     718: 8e 00 de     	stx	$de00                   ; 0xde00 <end_block9+0xd262>
     71b: 9c 01 de     	stz	$de01                   ; 0xde01 <end_block9+0xd263>
     71e: 8d 02 de     	sta	$de02                   ; 0xde02 <end_block9+0xd264>
     721: 9c 03 de     	stz	$de03                   ; 0xde03 <end_block9+0xd265>
     724: ae 10 de     	ldx	$de10                   ; 0xde10 <end_block9+0xd272>
     727: ac 11 de     	ldy	$de11                   ; 0xde11 <end_block9+0xd273>
     72a: ad 12 de     	lda	$de12                   ; 0xde12 <end_block9+0xd274>
     72d: ad 13 de     	lda	$de13                   ; 0xde13 <end_block9+0xd275>
     730: 8e a4 d6     	stx	$d6a4                   ; 0xd6a4 <end_block9+0xcb06>
     733: 8c a5 d6     	sty	$d6a5                   ; 0xd6a5 <end_block9+0xcb07>
     736: a2 03        	ldx	#$3
     738: 8e a6 d6     	stx	$d6a6                   ; 0xd6a6 <end_block9+0xcb08>
     73b: 64 01        	stz	$1                      ; 0x2001 <end_block9+0x1463>
     73d: a2 0f        	ldx	#$f
     73f: 8e 00 d0     	stx	$d000                   ; 0xd000 <end_block9+0xc462>
     742: a2 04        	ldx	#$4
     744: 8e 01 d0     	stx	$d001                   ; 0xd001 <end_block9+0xc463>
     747: a2 10        	ldx	#$10
     749: 8e 02 d0     	stx	$d002                   ; 0xd002 <end_block9+0xc464>
     74c: 9c 0d d0     	stz	$d00d                   ; 0xd00d <end_block9+0xc46f>
     74f: 9c 0e d0     	stz	$d00e                   ; 0xd00e <end_block9+0xc470>
     752: 9c 0f d0     	stz	$d00f                   ; 0xd00f <end_block9+0xc471>
     755: 64 01        	stz	$1                      ; 0x2001 <end_block9+0x1463>
     757: a2 05        	ldx	#$5
     759: 86 30        	stx	$30                     ; 0x2030 <end_block9+0x1492>
     75b: 8e 14 d0     	stx	$d014                   ; 0xd014 <end_block9+0xc476>
     75e: 9c 15 d0     	stz	$d015                   ; 0xd015 <end_block9+0xc477>
     761: a2 0a        	ldx	#$a
     763: 86 31        	stx	$31                     ; 0x2031 <end_block9+0x1493>
     765: 8e 16 d0     	stx	$d016                   ; 0xd016 <end_block9+0xc478>
     768: 9c 17 d0     	stz	$d017                   ; 0xd017 <end_block9+0xc479>
     76b: a9 76        	lda	#$76
     76d: a2 00        	ldx	#$0
     76f: 20 2b 09     	jsr	$92b <putchar>
     772: a2 00        	ldx	#$0
     774: a9 67        	lda	#$67
     776: 20 2b 09     	jsr	$92b <putchar>
     779: a2 00        	ldx	#$0
     77b: a9 6d        	lda	#$6d
     77d: 20 2b 09     	jsr	$92b <putchar>
     780: a2 00        	ldx	#$0
     782: a9 70        	lda	#$70
     784: 20 2b 09     	jsr	$92b <putchar>
     787: a9 6c        	lda	#$6c
     789: a2 00        	ldx	#$0
     78b: 20 2b 09     	jsr	$92b <putchar>
     78e: a9 61        	lda	#$61
     790: a2 00        	ldx	#$0
     792: 20 2b 09     	jsr	$92b <putchar>
     795: a2 00        	ldx	#$0
     797: a9 79        	lda	#$79
     799: 20 2b 09     	jsr	$92b <putchar>
     79c: a9 65        	lda	#$65
     79e: a2 00        	ldx	#$0
     7a0: 20 2b 09     	jsr	$92b <putchar>
     7a3: a9 72        	lda	#$72
     7a5: a2 00        	ldx	#$0
     7a7: 20 2b 09     	jsr	$92b <putchar>
     7aa: a9 32        	lda	#$32
     7ac: a2 00        	ldx	#$0
     7ae: 20 2b 09     	jsr	$92b <putchar>
     7b1: a2 00        	ldx	#$0
     7b3: a9 2e        	lda	#$2e
     7b5: 20 2b 09     	jsr	$92b <putchar>
     7b8: a2 00        	ldx	#$0
     7ba: a9 70        	lda	#$70
     7bc: 20 2b 09     	jsr	$92b <putchar>
     7bf: a2 00        	ldx	#$0
     7c1: a9 67        	lda	#$67
     7c3: 20 2b 09     	jsr	$92b <putchar>
     7c6: a2 00        	ldx	#$0
     7c8: a9 7a        	lda	#$7a
     7ca: 20 2b 09     	jsr	$92b <putchar>
     7cd: a2 00        	ldx	#$0
     7cf: a9 0a        	lda	#$a
     7d1: 20 2b 09     	jsr	$92b <putchar>
     7d4: a2 05        	ldx	#$5
     7d6: 86 30        	stx	$30                     ; 0x2030 <end_block9+0x1492>
     7d8: 8e 14 d0     	stx	$d014                   ; 0xd014 <end_block9+0xc476>
     7db: 9c 15 d0     	stz	$d015                   ; 0xd015 <end_block9+0xc477>
     7de: a2 0b        	ldx	#$b
     7e0: 86 31        	stx	$31                     ; 0x2031 <end_block9+0x1493>
     7e2: 8e 16 d0     	stx	$d016                   ; 0xd016 <end_block9+0xc478>
     7e5: 9c 17 d0     	stz	$d017                   ; 0xd017 <end_block9+0xc479>
     7e8: a2 00        	ldx	#$0
     7ea: a9 6d        	lda	#$6d
     7ec: 20 2b 09     	jsr	$92b <putchar>
     7ef: a9 75        	lda	#$75
     7f1: a2 00        	ldx	#$0
     7f3: 20 2b 09     	jsr	$92b <putchar>
     7f6: a9 73        	lda	#$73
     7f8: a2 00        	ldx	#$0
     7fa: 20 2b 09     	jsr	$92b <putchar>
     7fd: a2 00        	ldx	#$0
     7ff: a9 69        	lda	#$69
     801: 20 2b 09     	jsr	$92b <putchar>
     804: a2 00        	ldx	#$0
     806: a9 63        	lda	#$63
     808: 20 2b 09     	jsr	$92b <putchar>
     80b: a9 2f        	lda	#$2f
     80d: a2 00        	ldx	#$0
     80f: 20 2b 09     	jsr	$92b <putchar>
     812: a2 00        	ldx	#$0
     814: a9 63        	lda	#$63
     816: 20 2b 09     	jsr	$92b <putchar>
     819: a9 6f        	lda	#$6f
     81b: a2 00        	ldx	#$0
     81d: 20 2b 09     	jsr	$92b <putchar>
     820: a2 00        	ldx	#$0
     822: a9 7a        	lda	#$7a
     824: 20 2b 09     	jsr	$92b <putchar>
     827: a2 00        	ldx	#$0
     829: a9 79        	lda	#$79
     82b: 20 2b 09     	jsr	$92b <putchar>
     82e: a2 00        	ldx	#$0
     830: a9 6d        	lda	#$6d
     832: 20 2b 09     	jsr	$92b <putchar>
     835: a2 00        	ldx	#$0
     837: a9 69        	lda	#$69
     839: 20 2b 09     	jsr	$92b <putchar>
     83c: a9 64        	lda	#$64
     83e: a2 00        	ldx	#$0
     840: 20 2b 09     	jsr	$92b <putchar>
     843: a2 00        	ldx	#$0
     845: a9 69        	lda	#$69
     847: 20 2b 09     	jsr	$92b <putchar>
     84a: a2 00        	ldx	#$0
     84c: a9 2e        	lda	#$2e
     84e: 20 2b 09     	jsr	$92b <putchar>
     851: a2 00        	ldx	#$0
     853: a9 70        	lda	#$70
     855: 20 2b 09     	jsr	$92b <putchar>
     858: a2 00        	ldx	#$0
     85a: a9 67        	lda	#$67
     85c: 20 2b 09     	jsr	$92b <putchar>
     85f: a2 00        	ldx	#$0
     861: a9 7a        	lda	#$7a
     863: 20 2b 09     	jsr	$92b <putchar>
     866: a2 00        	ldx	#$0
     868: a9 0a        	lda	#$a
     86a: 20 2b 09     	jsr	$92b <putchar>
     86d: 64 34        	stz	$34                     ; 0x2034 <end_block9+0x1496>
     86f: 18           	clc
     870: a5 10        	lda	$10                     ; 0x2010 <end_block9+0x1472>
     872: 69 0a        	adc	#$a
     874: 85 12        	sta	$12                     ; 0x2012 <end_block9+0x1474>
     876: a5 11        	lda	$11                     ; 0x2011 <end_block9+0x1473>
     878: 69 00        	adc	#$0
     87a: 85 13        	sta	$13                     ; 0x2013 <end_block9+0x1475>
     87c: 20 00 ff     	jsr	$ff00 <end_block9+0xf362>
     87f: 92 12        	sta	($12)                   ; 0x2012 <end_block9+0x1474>
     881: a9 00        	lda	#$0
     883: 6a           	ror
     884: 85 24        	sta	$24                     ; 0x2024 <end_block9+0x1486>
     886: a6 34        	ldx	$34                     ; 0x2034 <end_block9+0x1496>
     888: e0 08        	cpx	#$8
     88a: d0 e1        	bne	$86d <main+0x532>
     88c: a6 38        	ldx	$38                     ; 0x2038 <end_block9+0x149a>
     88e: e0 20        	cpx	#$20
     890: f0 04        	beq	$896 <main+0x55b>
     892: e0 94        	cpx	#$94
     894: d0 d7        	bne	$86d <main+0x532>
     896: a2 00        	ldx	#$0
     898: 64 fb        	stz	$fb                     ; 0x20fb <end_block9+0x155d>
     89a: a9 02        	lda	#$2
     89c: 85 fc        	sta	$fc                     ; 0x20fc <end_block9+0x155e>
     89e: 85 fd        	sta	$fd                     ; 0x20fd <end_block9+0x155f>
     8a0: a0 80        	ldy	#$80
     8a2: 84 f8        	sty	$f8                     ; 0x20f8 <end_block9+0x155a>
     8a4: 85 f9        	sta	$f9                     ; 0x20f9 <end_block9+0x155b>
     8a6: a0 06        	ldy	#$6
     8a8: 84 fa        	sty	$fa                     ; 0x20fa <end_block9+0x155c>
     8aa: a8           	tay
     8ab: 84 12        	sty	$12                     ; 0x2012 <end_block9+0x1474>
     8ad: a8           	tay
     8ae: 84 13        	sty	$13                     ; 0x2013 <end_block9+0x1475>
     8b0: a0 8e        	ldy	#$8e
     8b2: 84 14        	sty	$14                     ; 0x2014 <end_block9+0x1476>
     8b4: a0 0b        	ldy	#$b
     8b6: 84 15        	sty	$15                     ; 0x2015 <end_block9+0x1477>
     8b8: a9 0f        	lda	#$f
     8ba: 20 12 0b     	jsr	$b12 <memcpy>
     8bd: a2 2d        	ldx	#$2d
     8bf: 8e 00 02     	stx	$200                    ; 0x200 <__rc31+0x1d1>
     8c2: 9c 01 02     	stz	$201                    ; 0x201 <__rc31+0x1d2>
     8c5: 9c 80 02     	stz	$280                    ; 0x280 <__rc31+0x251>
     8c8: a2 02        	ldx	#$2
     8ca: 8e 81 02     	stx	$281                    ; 0x281 <__rc31+0x252>
     8cd: 8e 82 02     	stx	$282                    ; 0x282 <__rc31+0x253>
     8d0: 8e 83 02     	stx	$283                    ; 0x283 <__rc31+0x254>
     8d3: 9c 84 02     	stz	$284                    ; 0x284 <__rc31+0x255>
     8d6: 18           	clc
     8d7: a6 10        	ldx	$10                     ; 0x2010 <end_block9+0x1472>
     8d9: 86 12        	stx	$12                     ; 0x2012 <end_block9+0x1474>
     8db: a6 11        	ldx	$11                     ; 0x2011 <end_block9+0x1473>
     8dd: 86 13        	stx	$13                     ; 0x2013 <end_block9+0x1475>
     8df: a2 9d        	ldx	#$9d
     8e1: 86 14        	stx	$14                     ; 0x2014 <end_block9+0x1476>
     8e3: a2 0b        	ldx	#$b
     8e5: 86 15        	stx	$15                     ; 0x2015 <end_block9+0x1477>
     8e7: 20 18 ff     	jsr	$ff18 <end_block9+0xf37a>
     8ea: 92 12        	sta	($12)                   ; 0x2012 <end_block9+0x1474>
     8ec: a9 00        	lda	#$0
     8ee: 6a           	ror
     8ef: 85 14        	sta	$14                     ; 0x2014 <end_block9+0x1476>
     8f1: 78           	sei
     8f2: a2 07        	ldx	#$7
     8f4: 86 0f        	stx	$f                      ; 0x200f <end_block9+0x1471>
     8f6: a2 de        	ldx	#$de
     8f8: 8e a2 d6     	stx	$d6a2                   ; 0xd6a2 <end_block9+0xcb04>
     8fb: a2 ad        	ldx	#$ad
     8fd: 8e a3 d6     	stx	$d6a3                   ; 0xd6a3 <end_block9+0xcb05>
     900: a2 f0        	ldx	#$f0
     902: 8e a0 d6     	stx	$d6a0                   ; 0xd6a0 <end_block9+0xcb02>
     905: 9c a0 d6     	stz	$d6a0                   ; 0xd6a0 <end_block9+0xcb02>
     908: 6c fc ff     	jmp	($fffc)                 ; 0xfffc <end_block9+0xf45e>
     90b: a2 00        	ldx	#$0
     90d: 8a           	txa
     90e: 85 20        	sta	$20                     ; 0x2020 <end_block9+0x1482>
     910: 7a           	ply
     911: 84 25        	sty	$25                     ; 0x2025 <end_block9+0x1487>
     913: 7a           	ply
     914: 84 24        	sty	$24                     ; 0x2024 <end_block9+0x1486>
     916: 18           	clc
     917: a5 10        	lda	$10                     ; 0x2010 <end_block9+0x1472>
     919: 69 0b        	adc	#$b
     91b: 85 10        	sta	$10                     ; 0x2010 <end_block9+0x1472>
     91d: a5 11        	lda	$11                     ; 0x2011 <end_block9+0x1473>
     91f: 69 00        	adc	#$0
     921: 85 11        	sta	$11                     ; 0x2011 <end_block9+0x1473>
     923: a5 20        	lda	$20                     ; 0x2020 <end_block9+0x1482>
     925: 60           	rts

00000926 <exit>:
     926: 20 14 03     	jsr	$314 <_fini>
     929: 80 fe        	bra	$929 <exit+0x3>

0000092b <putchar>:
     92b: 86 12        	stx	$12                     ; 0x2012 <end_block9+0x1474>
     92d: 85 3b        	sta	$3b                     ; 0x203b <end_block9+0x149d>
     92f: 85 32        	sta	$32                     ; 0x2032 <end_block9+0x1494>
     931: a6 01        	ldx	$1                      ; 0x2001 <end_block9+0x1463>
     933: 86 3c        	stx	$3c                     ; 0x203c <end_block9+0x149e>
     935: a6 31        	ldx	$31                     ; 0x2031 <end_block9+0x1493>
     937: a0 50        	ldy	#$50
     939: 8c 00 de     	sty	$de00                   ; 0xde00 <end_block9+0xd262>
     93c: 9c 01 de     	stz	$de01                   ; 0xde01 <end_block9+0xd263>
     93f: 8e 02 de     	stx	$de02                   ; 0xde02 <end_block9+0xd264>
     942: 9c 03 de     	stz	$de03                   ; 0xde03 <end_block9+0xd265>
     945: ae 10 de     	ldx	$de10                   ; 0xde10 <end_block9+0xd272>
     948: ad 11 de     	lda	$de11                   ; 0xde11 <end_block9+0xd273>
     94b: ac 12 de     	ldy	$de12                   ; 0xde12 <end_block9+0xd274>
     94e: 84 1a        	sty	$1a                     ; 0x201a <end_block9+0x147c>
     950: ac 13 de     	ldy	$de13                   ; 0xde13 <end_block9+0xd275>
     953: 84 1b        	sty	$1b                     ; 0x201b <end_block9+0x147d>
     955: 9c 08 de     	stz	$de08                   ; 0xde08 <end_block9+0xd26a>
     958: a0 c0        	ldy	#$c0
     95a: 8c 09 de     	sty	$de09                   ; 0xde09 <end_block9+0xd26b>
     95d: 9c 0a de     	stz	$de0a                   ; 0xde0a <end_block9+0xd26c>
     960: 9c 0b de     	stz	$de0b                   ; 0xde0b <end_block9+0xd26d>
     963: 8e 0c de     	stx	$de0c                   ; 0xde0c <end_block9+0xd26e>
     966: 8d 0d de     	sta	$de0d                   ; 0xde0d <end_block9+0xd26f>
     969: 64 13        	stz	$13                     ; 0x2013 <end_block9+0x1475>
     96b: a2 00        	ldx	#$0
     96d: 86 14        	stx	$14                     ; 0x2014 <end_block9+0x1476>
     96f: a2 c0        	ldx	#$c0
     971: 86 15        	stx	$15                     ; 0x2015 <end_block9+0x1477>
     973: a2 11        	ldx	#$11
     975: 86 16        	stx	$16                     ; 0x2016 <end_block9+0x1478>
     977: a2 c9        	ldx	#$c9
     979: 86 17        	stx	$17                     ; 0x2017 <end_block9+0x1479>
     97b: a2 10        	ldx	#$10
     97d: 86 18        	stx	$18                     ; 0x2018 <end_block9+0x147a>
     97f: a2 c9        	ldx	#$c9
     981: 86 19        	stx	$19                     ; 0x2019 <end_block9+0x147b>
     983: a6 1a        	ldx	$1a                     ; 0x201a <end_block9+0x147c>
     985: 8e 0e de     	stx	$de0e                   ; 0xde0e <end_block9+0xd270>
     988: a6 1b        	ldx	$1b                     ; 0x201b <end_block9+0x147d>
     98a: 8e 0f de     	stx	$de0f                   ; 0xde0f <end_block9+0xd271>
     98d: ac 18 de     	ldy	$de18                   ; 0xde18 <end_block9+0xd27a>
     990: ad 19 de     	lda	$de19                   ; 0xde19 <end_block9+0xd27b>
     993: ae 1a de     	ldx	$de1a                   ; 0xde1a <end_block9+0xd27c>
     996: ae 1b de     	ldx	$de1b                   ; 0xde1b <end_block9+0xd27d>
     999: 84 1c        	sty	$1c                     ; 0x201c <end_block9+0x147e>
     99b: 85 1d        	sta	$1d                     ; 0x201d <end_block9+0x147f>
     99d: 64 1a        	stz	$1a                     ; 0x201a <end_block9+0x147c>
     99f: 80 13        	bra	$9b4 <putchar+0x89>
     9a1: a5 1c        	lda	$1c                     ; 0x201c <end_block9+0x147e>
     9a3: 18           	clc
     9a4: 69 50        	adc	#$50
     9a6: 85 1c        	sta	$1c                     ; 0x201c <end_block9+0x147e>
     9a8: a5 1d        	lda	$1d                     ; 0x201d <end_block9+0x147f>
     9aa: 69 00        	adc	#$0
     9ac: 85 1d        	sta	$1d                     ; 0x201d <end_block9+0x147f>
     9ae: e6 13        	inc	$13                     ; 0x2013 <end_block9+0x1475>
     9b0: d0 02        	bne	$9b4 <putchar+0x89>
     9b2: e6 1a        	inc	$1a                     ; 0x201a <end_block9+0x147c>
     9b4: a9 32        	lda	#$32
     9b6: 18           	clc
     9b7: 65 13        	adc	$13                     ; 0x2013 <end_block9+0x1475>
     9b9: 85 1e        	sta	$1e                     ; 0x201e <end_block9+0x1480>
     9bb: a9 00        	lda	#$0
     9bd: 65 1a        	adc	$1a                     ; 0x201a <end_block9+0x147c>
     9bf: 85 1f        	sta	$1f                     ; 0x201f <end_block9+0x1481>
     9c1: b2 1e        	lda	($1e)                   ; 0x201e <end_block9+0x1480>
     9c3: c9 0a        	cmp	#$a
     9c5: f0 26        	beq	$9ed <putchar+0xc2>
     9c7: c9 0d        	cmp	#$d
     9c9: f0 22        	beq	$9ed <putchar+0xc2>
     9cb: aa           	tax
     9cc: d0 03        	bne	$9d1 <putchar+0xa6>
     9ce: 4c f7 0a     	jmp	$af7 <putchar+0x1cc>
     9d1: a2 03        	ldx	#$3
     9d3: 86 01        	stx	$1                      ; 0x2001 <end_block9+0x1463>
     9d5: a4 30        	ldy	$30                     ; 0x2030 <end_block9+0x1492>
     9d7: a9 f0        	lda	#$f0
     9d9: 91 1c        	sta	($1c),y                 ; 0x201c <end_block9+0x147e>
     9db: ca           	dex
     9dc: 86 01        	stx	$1                      ; 0x2001 <end_block9+0x1463>
     9de: b2 1e        	lda	($1e)                   ; 0x201e <end_block9+0x1480>
     9e0: a4 30        	ldy	$30                     ; 0x2030 <end_block9+0x1492>
     9e2: 91 1c        	sta	($1c),y                 ; 0x201c <end_block9+0x147e>
     9e4: a6 30        	ldx	$30                     ; 0x2030 <end_block9+0x1492>
     9e6: e8           	inx
     9e7: e6 30        	inc	$30                     ; 0x2030 <end_block9+0x1492>
     9e9: e0 50        	cpx	#$50
     9eb: d0 c1        	bne	$9ae <putchar+0x83>
     9ed: 64 30        	stz	$30                     ; 0x2030 <end_block9+0x1492>
     9ef: a6 31        	ldx	$31                     ; 0x2031 <end_block9+0x1493>
     9f1: e8           	inx
     9f2: e6 31        	inc	$31                     ; 0x2031 <end_block9+0x1493>
     9f4: e0 1e        	cpx	#$1e
     9f6: f0 03        	beq	$9fb <putchar+0xd0>
     9f8: 4c a1 09     	jmp	$9a1 <putchar+0x76>
     9fb: a2 03        	ldx	#$3
     9fd: 86 01        	stx	$1                      ; 0x2001 <end_block9+0x1463>
     9ff: a2 09        	ldx	#$9
     a01: a0 50        	ldy	#$50
     a03: a9 10        	lda	#$10
     a05: 5a           	phy
     a06: a0 00        	ldy	#$0
     a08: 84 1c        	sty	$1c                     ; 0x201c <end_block9+0x147e>
     a0a: a0 c0        	ldy	#$c0
     a0c: 84 1d        	sty	$1d                     ; 0x201d <end_block9+0x147f>
     a0e: 7a           	ply
     a0f: 85 1b        	sta	$1b                     ; 0x201b <end_block9+0x147d>
     a11: b1 1c        	lda	($1c),y                 ; 0x201c <end_block9+0x147e>
     a13: 92 1c        	sta	($1c)                   ; 0x201c <end_block9+0x147e>
     a15: a9 ff        	lda	#$ff
     a17: c6 1b        	dec	$1b                     ; 0x201b <end_block9+0x147d>
     a19: c5 1b        	cmp	$1b                     ; 0x201b <end_block9+0x147d>
     a1b: d0 01        	bne	$a1e <putchar+0xf3>
     a1d: ca           	dex
     a1e: e6 1c        	inc	$1c                     ; 0x201c <end_block9+0x147e>
     a20: d0 02        	bne	$a24 <putchar+0xf9>
     a22: e6 1d        	inc	$1d                     ; 0x201d <end_block9+0x147f>
     a24: 8a           	txa
     a25: d0 ea        	bne	$a11 <putchar+0xe6>
     a27: a5 1b        	lda	$1b                     ; 0x201b <end_block9+0x147d>
     a29: d0 e6        	bne	$a11 <putchar+0xe6>
     a2b: a2 02        	ldx	#$2
     a2d: 86 01        	stx	$1                      ; 0x2001 <end_block9+0x1463>
     a2f: a2 09        	ldx	#$9
     a31: a9 10        	lda	#$10
     a33: 5a           	phy
     a34: a0 00        	ldy	#$0
     a36: 84 1c        	sty	$1c                     ; 0x201c <end_block9+0x147e>
     a38: a0 c0        	ldy	#$c0
     a3a: 84 1d        	sty	$1d                     ; 0x201d <end_block9+0x147f>
     a3c: 7a           	ply
     a3d: 85 1b        	sta	$1b                     ; 0x201b <end_block9+0x147d>
     a3f: b1 1c        	lda	($1c),y                 ; 0x201c <end_block9+0x147e>
     a41: 92 1c        	sta	($1c)                   ; 0x201c <end_block9+0x147e>
     a43: a9 ff        	lda	#$ff
     a45: c6 1b        	dec	$1b                     ; 0x201b <end_block9+0x147d>
     a47: c5 1b        	cmp	$1b                     ; 0x201b <end_block9+0x147d>
     a49: d0 01        	bne	$a4c <putchar+0x121>
     a4b: ca           	dex
     a4c: e6 1c        	inc	$1c                     ; 0x201c <end_block9+0x147e>
     a4e: d0 02        	bne	$a52 <putchar+0x127>
     a50: e6 1d        	inc	$1d                     ; 0x201d <end_block9+0x147f>
     a52: 8a           	txa
     a53: d0 ea        	bne	$a3f <putchar+0x114>
     a55: a5 1b        	lda	$1b                     ; 0x201b <end_block9+0x147d>
     a57: d0 e6        	bne	$a3f <putchar+0x114>
     a59: a2 02        	ldx	#$2
     a5b: 86 01        	stx	$1                      ; 0x2001 <end_block9+0x1463>
     a5d: e8           	inx
     a5e: 86 01        	stx	$1                      ; 0x2001 <end_block9+0x1463>
     a60: a2 50        	ldx	#$50
     a62: a0 11        	ldy	#$11
     a64: 84 1c        	sty	$1c                     ; 0x201c <end_block9+0x147e>
     a66: a0 c9        	ldy	#$c9
     a68: 84 1d        	sty	$1d                     ; 0x201d <end_block9+0x147f>
     a6a: a0 10        	ldy	#$10
     a6c: 84 1e        	sty	$1e                     ; 0x201e <end_block9+0x1480>
     a6e: a0 c9        	ldy	#$c9
     a70: 84 1f        	sty	$1f                     ; 0x201f <end_block9+0x1481>
     a72: a9 f0        	lda	#$f0
     a74: a4 1c        	ldy	$1c                     ; 0x201c <end_block9+0x147e>
     a76: 84 22        	sty	$22                     ; 0x2022 <end_block9+0x1484>
     a78: a4 1d        	ldy	$1d                     ; 0x201d <end_block9+0x147f>
     a7a: 84 23        	sty	$23                     ; 0x2023 <end_block9+0x1485>
     a7c: 92 1e        	sta	($1e)                   ; 0x201e <end_block9+0x1480>
     a7e: e6 1c        	inc	$1c                     ; 0x201c <end_block9+0x147e>
     a80: d0 02        	bne	$a84 <putchar+0x159>
     a82: e6 1d        	inc	$1d                     ; 0x201d <end_block9+0x147f>
     a84: ca           	dex
     a85: a4 22        	ldy	$22                     ; 0x2022 <end_block9+0x1484>
     a87: 84 1e        	sty	$1e                     ; 0x201e <end_block9+0x1480>
     a89: a4 23        	ldy	$23                     ; 0x2023 <end_block9+0x1485>
     a8b: 84 1f        	sty	$1f                     ; 0x201f <end_block9+0x1481>
     a8d: e0 00        	cpx	#$0
     a8f: d0 e3        	bne	$a74 <putchar+0x149>
     a91: a2 02        	ldx	#$2
     a93: 86 01        	stx	$1                      ; 0x2001 <end_block9+0x1463>
     a95: a2 50        	ldx	#$50
     a97: a0 11        	ldy	#$11
     a99: 84 1c        	sty	$1c                     ; 0x201c <end_block9+0x147e>
     a9b: a0 c9        	ldy	#$c9
     a9d: 84 1d        	sty	$1d                     ; 0x201d <end_block9+0x147f>
     a9f: a0 10        	ldy	#$10
     aa1: 84 1e        	sty	$1e                     ; 0x201e <end_block9+0x1480>
     aa3: a0 c9        	ldy	#$c9
     aa5: 84 1f        	sty	$1f                     ; 0x201f <end_block9+0x1481>
     aa7: a9 20        	lda	#$20
     aa9: a4 1c        	ldy	$1c                     ; 0x201c <end_block9+0x147e>
     aab: 84 22        	sty	$22                     ; 0x2022 <end_block9+0x1484>
     aad: a4 1d        	ldy	$1d                     ; 0x201d <end_block9+0x147f>
     aaf: 84 23        	sty	$23                     ; 0x2023 <end_block9+0x1485>
     ab1: 92 1e        	sta	($1e)                   ; 0x201e <end_block9+0x1480>
     ab3: e6 1c        	inc	$1c                     ; 0x201c <end_block9+0x147e>
     ab5: d0 02        	bne	$ab9 <putchar+0x18e>
     ab7: e6 1d        	inc	$1d                     ; 0x201d <end_block9+0x147f>
     ab9: ca           	dex
     aba: a4 22        	ldy	$22                     ; 0x2022 <end_block9+0x1484>
     abc: 84 1e        	sty	$1e                     ; 0x201e <end_block9+0x1480>
     abe: a4 23        	ldy	$23                     ; 0x2023 <end_block9+0x1485>
     ac0: 84 1f        	sty	$1f                     ; 0x201f <end_block9+0x1481>
     ac2: e0 00        	cpx	#$0
     ac4: d0 e3        	bne	$aa9 <putchar+0x17e>
     ac6: c6 31        	dec	$31                     ; 0x2031 <end_block9+0x1493>
     ac8: 9c 08 de     	stz	$de08                   ; 0xde08 <end_block9+0xd26a>
     acb: a2 c0        	ldx	#$c0
     acd: 8e 09 de     	stx	$de09                   ; 0xde09 <end_block9+0xd26b>
     ad0: 9c 0a de     	stz	$de0a                   ; 0xde0a <end_block9+0xd26c>
     ad3: 9c 0b de     	stz	$de0b                   ; 0xde0b <end_block9+0xd26d>
     ad6: a2 1d        	ldx	#$1d
     ad8: 8e 0c de     	stx	$de0c                   ; 0xde0c <end_block9+0xd26e>
     adb: 9c 0d de     	stz	$de0d                   ; 0xde0d <end_block9+0xd26f>
     ade: 9c 0e de     	stz	$de0e                   ; 0xde0e <end_block9+0xd270>
     ae1: 9c 0f de     	stz	$de0f                   ; 0xde0f <end_block9+0xd271>
     ae4: ae 18 de     	ldx	$de18                   ; 0xde18 <end_block9+0xd27a>
     ae7: ac 19 de     	ldy	$de19                   ; 0xde19 <end_block9+0xd27b>
     aea: ad 1a de     	lda	$de1a                   ; 0xde1a <end_block9+0xd27c>
     aed: ad 1b de     	lda	$de1b                   ; 0xde1b <end_block9+0xd27d>
     af0: 86 1c        	stx	$1c                     ; 0x201c <end_block9+0x147e>
     af2: 84 1d        	sty	$1d                     ; 0x201d <end_block9+0x147f>
     af4: 4c ae 09     	jmp	$9ae <putchar+0x83>
     af7: a6 3c        	ldx	$3c                     ; 0x203c <end_block9+0x149e>
     af9: 86 01        	stx	$1                      ; 0x2001 <end_block9+0x1463>
     afb: a6 30        	ldx	$30                     ; 0x2030 <end_block9+0x1492>
     afd: a4 31        	ldy	$31                     ; 0x2031 <end_block9+0x1493>
     aff: 8e 14 d0     	stx	$d014                   ; 0xd014 <end_block9+0xc476>
     b02: 9c 15 d0     	stz	$d015                   ; 0xd015 <end_block9+0xc477>
     b05: 84 31        	sty	$31                     ; 0x2031 <end_block9+0x1493>
     b07: 8c 16 d0     	sty	$d016                   ; 0xd016 <end_block9+0xc478>
     b0a: 9c 17 d0     	stz	$d017                   ; 0xd017 <end_block9+0xc479>
     b0d: a6 12        	ldx	$12                     ; 0x2012 <end_block9+0x1474>
     b0f: a5 3b        	lda	$3b                     ; 0x203b <end_block9+0x149d>
     b11: 60           	rts

00000b12 <memcpy>:
     b12: a8           	tay
     b13: 8a           	txa
     b14: d0 03        	bne	$b19 <memcpy+0x7>
     b16: 98           	tya
     b17: f0 24        	beq	$b3d <memcpy+0x2b>
     b19: a5 12        	lda	$12                     ; 0x2012 <end_block9+0x1474>
     b1b: 85 16        	sta	$16                     ; 0x2016 <end_block9+0x1478>
     b1d: a5 13        	lda	$13                     ; 0x2013 <end_block9+0x1475>
     b1f: 85 17        	sta	$17                     ; 0x2017 <end_block9+0x1479>
     b21: b2 14        	lda	($14)                   ; 0x2014 <end_block9+0x1476>
     b23: 92 16        	sta	($16)                   ; 0x2016 <end_block9+0x1478>
     b25: e6 16        	inc	$16                     ; 0x2016 <end_block9+0x1478>
     b27: d0 02        	bne	$b2b <memcpy+0x19>
     b29: e6 17        	inc	$17                     ; 0x2017 <end_block9+0x1479>
     b2b: e6 14        	inc	$14                     ; 0x2014 <end_block9+0x1476>
     b2d: d0 02        	bne	$b31 <memcpy+0x1f>
     b2f: e6 15        	inc	$15                     ; 0x2015 <end_block9+0x1477>
     b31: 88           	dey
     b32: c0 ff        	cpy	#$ff
     b34: d0 01        	bne	$b37 <memcpy+0x25>
     b36: ca           	dex
     b37: 8a           	txa
     b38: d0 e7        	bne	$b21 <memcpy+0xf>
     b3a: 98           	tya
     b3b: d0 e4        	bne	$b21 <memcpy+0xf>
     b3d: 60           	rts

00000b3e <__memset>:
     b3e: a4 14        	ldy	$14                     ; 0x2014 <end_block9+0x1476>
     b40: d0 04        	bne	$b46 <__memset+0x8>
     b42: e0 00        	cpx	#$0
     b44: f0 17        	beq	$b5d <__memset+0x1f>
     b46: 92 12        	sta	($12)                   ; 0x2012 <end_block9+0x1474>
     b48: e6 12        	inc	$12                     ; 0x2012 <end_block9+0x1474>
     b4a: d0 02        	bne	$b4e <__memset+0x10>
     b4c: e6 13        	inc	$13                     ; 0x2013 <end_block9+0x1475>
     b4e: ca           	dex
     b4f: e0 ff        	cpx	#$ff
     b51: d0 02        	bne	$b55 <__memset+0x17>
     b53: c6 14        	dec	$14                     ; 0x2014 <end_block9+0x1476>
     b55: a4 14        	ldy	$14                     ; 0x2014 <end_block9+0x1476>
     b57: d0 ed        	bne	$b46 <__memset+0x8>
     b59: e0 00        	cpx	#$0
     b5b: d0 e9        	bne	$b46 <__memset+0x8>
     b5d: 60           	rts
