
goatt.elf:	file format elf32-mos

SYMBOL TABLE:
00000000 l    df *ABS*	00000000 zero-bss.c
00000000 l    df *ABS*	00000000 zero-zp-bss.c
00000000 l    df *ABS*	00000000 ld-temp.o
0000033e l     F .text	00000441 f256Init
00000034 l     O .zp.bss	00000007 kernelEventData
00000c0f l     O .rodata	00000030 textColors
00000030 l     O .zp.bss	00000001 _col
00000031 l     O .zp.bss	00000001 _row
00000c3f l     O .bss	00000004 _BITMAP_BASE.0
00000c43 l     O .bss	00000004 _BITMAP_BASE.1
00000c47 l     O .bss	00000004 _BITMAP_BASE.2
00000c4b l     O .bss	00000001 kernelError
00000785 l     F .text	00000262 f256main
000009ec l     F .text	00000203 putchar
00000032 l     O .zp.bss	00000002 __putchar.s
0000077f g     F .text	00000006 main
0000aba7 g       .sixpack	00000000 sixpack_end
0000a000 g       .sixpack	00000000 sixpack_start
00000014 g       *ABS*	00000000 __rc4
00000012 g       *ABS*	00000000 __rc2
00000311 g       .text	00000000 __after_main
00000300 g       .text	00000000 __do_init_stack
00000308 g       .text	00000000 __do_zero_bss
00000318 g     F .text	00000013 __zero_bss
0000030b g       .text	00000000 __do_zero_zp_bss
0000032b g     F .text	00000013 __zero_zp_bss
000009e7 g     F .text	00000005 exit
00000314 g       .text	00000000 _fini
00000315 g       .text	00000000 __call_indir
00000bef  w    F .text	00000020 __memset
00001000  w      *ABS*	00000000 __heap_default_limit
00000c4c g       .noinit	00000000 __heap_start
00000010 g       *ABS*	00000000 __rc0
00000016 g       *ABS*	00000000 __rc6
00000018 g       *ABS*	00000000 __rc8
0000001a g       *ABS*	00000000 __rc10
0000001c g       *ABS*	00000000 __rc12
0000001e g       *ABS*	00000000 __rc14
00000020 g       *ABS*	00000000 __rc16
00000022 g       *ABS*	00000000 __rc18
00000024 g       *ABS*	00000000 __rc20
00000026 g       *ABS*	00000000 __rc22
00000028 g       *ABS*	00000000 __rc24
0000002a g       *ABS*	00000000 __rc26
0000002c g       *ABS*	00000000 __rc28
0000002e g       *ABS*	00000000 __rc30
0000002f g       *ABS*	00000000 __rc31
00000300 g       *ABS*	00000000 __f256_start
0000a000 g       *ABS*	00000000 __stack
0000a000 g       *ABS*	00000000 __SLOT_ADDR
0800a000 g       *ABS*	00000000 __block8_lma
00002000 g       *ABS*	00000000 __BLOCK_SIZE
0900a000 g       *ABS*	00000000 __block9_lma
0a00a000 g       *ABS*	00000000 __block10_lma
0b00a000 g       *ABS*	00000000 __block11_lma
0c00a000 g       *ABS*	00000000 __block12_lma
0d00a000 g       *ABS*	00000000 __block13_lma
0e00a000 g       *ABS*	00000000 __block14_lma
0f00a000 g       *ABS*	00000000 __block15_lma
1000a000 g       *ABS*	00000000 __block16_lma
1100a000 g       *ABS*	00000000 __block17_lma
1200a000 g       *ABS*	00000000 __block18_lma
1300a000 g       *ABS*	00000000 __block19_lma
1400a000 g       *ABS*	00000000 __block20_lma
1500a000 g       *ABS*	00000000 __block21_lma
1600a000 g       *ABS*	00000000 __block22_lma
1700a000 g       *ABS*	00000000 __block23_lma
0000a000 g       *ABS*	00000000 __sixpack_lma
00000ba7 g       *ABS*	00000000 __sixpack_size
00000c3f g       .bss	00000000 __bss_start
0000aba7 g       .sixpack	00000000 end_sixpack
00000300 g       .text	00000000 _start
0000002d g       *ABS*	00000000 __rc29
0000002b g       *ABS*	00000000 __rc27
00000029 g       *ABS*	00000000 __rc25
00000027 g       *ABS*	00000000 __rc23
00000025 g       *ABS*	00000000 __rc21
00000023 g       *ABS*	00000000 __rc19
00000021 g       *ABS*	00000000 __rc17
0000001f g       *ABS*	00000000 __rc15
0000001d g       *ABS*	00000000 __rc13
0000001b g       *ABS*	00000000 __rc11
00000019 g       *ABS*	00000000 __rc9
00000017 g       *ABS*	00000000 __rc7
00000015 g       *ABS*	00000000 __rc5
00000013 g       *ABS*	00000000 __rc3
00000011 g       *ABS*	00000000 __rc1
00000030 g       .zp.data	00000000 __zp_data_start
00000300 g       *ABS*	00000000 __zp_data_load_start
00000000 g       *ABS*	00000000 __zp_data_size
00000030 g       .zp.bss	00000000 __zp_bss_start
0000000b g       *ABS*	00000000 __zp_bss_size
00000300 g       .text	00000000 _init
00000c0f g       .text	00000000 __init_array_start
00000c0f g       .text	00000000 __init_array_end
00000c0f g       .text	00000000 __fini_array_start
00000c0f g       .text	00000000 __fini_array_end
00000c3f g       .data	00000000 __data_start
00000c3f g       .data	00000000 __data_end
00000c3f g       *ABS*	00000000 __data_load_start
00000000 g       *ABS*	00000000 __data_size
00000c4c g       .bss	00000000 __bss_end
0000000d g       *ABS*	00000000 __bss_size
00000c4c g       .noinit	00000000 end_block8
00000c4c g       .noinit	00000000 end_block9
00000c4c g       .noinit	00000000 end_block10
00000c4c g       .noinit	00000000 end_block11
00000c4c g       .noinit	00000000 end_block12
00000c4c g       .noinit	00000000 end_block13
00000c4c g       .noinit	00000000 end_block14
00000c4c g       .noinit	00000000 end_block15
00000c4c g       .noinit	00000000 end_block16
00000c4c g       .noinit	00000000 end_block17
00000c4c g       .noinit	00000000 end_block18
00000c4c g       .noinit	00000000 end_block19
00000c4c g       .noinit	00000000 end_block20
00000c4c g       .noinit	00000000 end_block21
00000c4c g       .noinit	00000000 end_block22
00000c4c g       .noinit	00000000 end_block23

Disassembly of section .text:

00000300 <_start>:
     300: a9 00        	lda	#$0
     302: 85 10        	sta	$10                     ; 0x10 <__rc0>
     304: a9 a0        	lda	#$a0
     306: 85 11        	sta	$11                     ; 0x11 <__rc1>

00000308 <__do_zero_bss>:
     308: 20 18 03     	jsr	$318 <__zero_bss>

0000030b <__do_zero_zp_bss>:
     30b: 20 2b 03     	jsr	$32b <__zero_zp_bss>
     30e: 20 7f 07     	jsr	$77f <main>

00000311 <__after_main>:
     311: 4c e7 09     	jmp	$9e7 <exit>

00000314 <_fini>:
     314: 60           	rts

00000315 <__call_indir>:
     315: 6c 22 00     	jmp	($22)                   ; 0x22 <__rc18>

00000318 <__zero_bss>:
     318: a2 0d        	ldx	#$d
     31a: a0 00        	ldy	#$0
     31c: a9 3f        	lda	#$3f
     31e: 85 12        	sta	$12                     ; 0x12 <__rc2>
     320: a9 0c        	lda	#$c
     322: 85 13        	sta	$13                     ; 0x13 <__rc3>
     324: a9 00        	lda	#$0
     326: 84 14        	sty	$14                     ; 0x14 <__rc4>
     328: 4c ef 0b     	jmp	$bef <__memset>

0000032b <__zero_zp_bss>:
     32b: a2 0b        	ldx	#$b
     32d: a0 00        	ldy	#$0
     32f: a9 30        	lda	#$30
     331: 85 12        	sta	$12                     ; 0x12 <__rc2>
     333: a9 00        	lda	#$0
     335: 85 13        	sta	$13                     ; 0x13 <__rc3>
     337: a9 00        	lda	#$0
     339: 84 14        	sty	$14                     ; 0x14 <__rc4>
     33b: 4c ef 0b     	jmp	$bef <__memset>

0000033e <f256Init>:
     33e: 64 1c        	stz	$1c                     ; 0x1c <__rc12>
     340: a2 00        	ldx	#$0
     342: 86 1a        	stx	$1a                     ; 0x1a <__rc10>
     344: a2 d0        	ldx	#$d0
     346: 86 1b        	stx	$1b                     ; 0x1b <__rc11>
     348: a2 00        	ldx	#$0
     34a: 86 16        	stx	$16                     ; 0x16 <__rc6>
     34c: a2 d8        	ldx	#$d8
     34e: 86 17        	stx	$17                     ; 0x17 <__rc7>
     350: a2 00        	ldx	#$0
     352: 86 18        	stx	$18                     ; 0x18 <__rc8>
     354: a2 d4        	ldx	#$d4
     356: 86 19        	stx	$19                     ; 0x19 <__rc9>
     358: a2 00        	ldx	#$0
     35a: 86 14        	stx	$14                     ; 0x14 <__rc4>
     35c: a2 dc        	ldx	#$dc
     35e: 86 15        	stx	$15                     ; 0x15 <__rc5>
     360: a2 00        	ldx	#$0
     362: 86 12        	stx	$12                     ; 0x12 <__rc2>
     364: a2 c0        	ldx	#$c0
     366: 86 13        	stx	$13                     ; 0x13 <__rc3>
     368: 64 01        	stz	$1                      ; 0x1 <__zp_data_size+0x1>
     36a: a2 3f        	ldx	#$3f
     36c: 8e 00 d0     	stx	$d000                   ; 0xd000 <sixpack_end+0x2459>
     36f: a2 b3        	ldx	#$b3
     371: 86 00        	stx	$0                      ; 0x0 <__zp_data_size>
     373: 64 08        	stz	$8                      ; 0x8 <__zp_data_size+0x8>
     375: a2 01        	ldx	#$1
     377: 86 09        	stx	$9                      ; 0x9 <__zp_data_size+0x9>
     379: e8           	inx
     37a: 86 0a        	stx	$a                      ; 0xa <__zp_data_size+0xa>
     37c: e8           	inx
     37d: 86 0b        	stx	$b                      ; 0xb <__zp_bss_size>
     37f: e8           	inx
     380: 86 0c        	stx	$c                      ; 0xc <__zp_bss_size+0x1>
     382: e8           	inx
     383: 86 0d        	stx	$d                      ; 0xd <__bss_size>
     385: a2 34        	ldx	#$34
     387: a9 00        	lda	#$0
     389: 86 f0        	stx	$f0                     ; 0xf0 <__rc31+0xc1>
     38b: 85 f1        	sta	$f1                     ; 0xf1 <__rc31+0xc2>
     38d: a6 01        	ldx	$1                      ; 0x1 <__zp_data_size+0x1>
     38f: a0 01        	ldy	#$1
     391: 84 01        	sty	$1                      ; 0x1 <__zp_data_size+0x1>
     393: a5 1c        	lda	$1c                     ; 0x1c <__rc12>
     395: 92 1a        	sta	($1a)                   ; 0x1a <__rc10>
     397: 91 1a        	sta	($1a),y                 ; 0x1a <__rc10>
     399: c8           	iny
     39a: 91 1a        	sta	($1a),y                 ; 0x1a <__rc10>
     39c: c8           	iny
     39d: a9 ff        	lda	#$ff
     39f: 91 1a        	sta	($1a),y                 ; 0x1a <__rc10>
     3a1: 86 01        	stx	$1                      ; 0x1 <__zp_data_size+0x1>
     3a3: a5 1a        	lda	$1a                     ; 0x1a <__rc10>
     3a5: 18           	clc
     3a6: 69 04        	adc	#$4
     3a8: 85 1a        	sta	$1a                     ; 0x1a <__rc10>
     3aa: a5 1b        	lda	$1b                     ; 0x1b <__rc11>
     3ac: 69 00        	adc	#$0
     3ae: e6 1c        	inc	$1c                     ; 0x1c <__rc12>
     3b0: 85 1b        	sta	$1b                     ; 0x1b <__rc11>
     3b2: d0 d9        	bne	$38d <f256Init+0x4f>
     3b4: a9 00        	lda	#$0
     3b6: a6 01        	ldx	$1                      ; 0x1 <__zp_data_size+0x1>
     3b8: a0 01        	ldy	#$1
     3ba: 84 01        	sty	$1                      ; 0x1 <__zp_data_size+0x1>
     3bc: 92 18        	sta	($18)                   ; 0x18 <__rc8>
     3be: 91 18        	sta	($18),y                 ; 0x18 <__rc8>
     3c0: c8           	iny
     3c1: 91 18        	sta	($18),y                 ; 0x18 <__rc8>
     3c3: c8           	iny
     3c4: 85 1a        	sta	$1a                     ; 0x1a <__rc10>
     3c6: a9 ff        	lda	#$ff
     3c8: 91 18        	sta	($18),y                 ; 0x18 <__rc8>
     3ca: 86 01        	stx	$1                      ; 0x1 <__zp_data_size+0x1>
     3cc: a5 18        	lda	$18                     ; 0x18 <__rc8>
     3ce: 18           	clc
     3cf: 69 04        	adc	#$4
     3d1: 85 18        	sta	$18                     ; 0x18 <__rc8>
     3d3: a5 19        	lda	$19                     ; 0x19 <__rc9>
     3d5: 69 00        	adc	#$0
     3d7: e6 1a        	inc	$1a                     ; 0x1a <__rc10>
     3d9: 85 19        	sta	$19                     ; 0x19 <__rc9>
     3db: a5 1a        	lda	$1a                     ; 0x1a <__rc10>
     3dd: d0 d7        	bne	$3b6 <f256Init+0x78>
     3df: a9 00        	lda	#$0
     3e1: a6 01        	ldx	$1                      ; 0x1 <__zp_data_size+0x1>
     3e3: a0 01        	ldy	#$1
     3e5: 84 01        	sty	$1                      ; 0x1 <__zp_data_size+0x1>
     3e7: 92 16        	sta	($16)                   ; 0x16 <__rc6>
     3e9: 91 16        	sta	($16),y                 ; 0x16 <__rc6>
     3eb: c8           	iny
     3ec: 91 16        	sta	($16),y                 ; 0x16 <__rc6>
     3ee: c8           	iny
     3ef: 85 18        	sta	$18                     ; 0x18 <__rc8>
     3f1: a9 ff        	lda	#$ff
     3f3: 91 16        	sta	($16),y                 ; 0x16 <__rc6>
     3f5: 86 01        	stx	$1                      ; 0x1 <__zp_data_size+0x1>
     3f7: a5 16        	lda	$16                     ; 0x16 <__rc6>
     3f9: 18           	clc
     3fa: 69 04        	adc	#$4
     3fc: 85 16        	sta	$16                     ; 0x16 <__rc6>
     3fe: a5 17        	lda	$17                     ; 0x17 <__rc7>
     400: 69 00        	adc	#$0
     402: e6 18        	inc	$18                     ; 0x18 <__rc8>
     404: 85 17        	sta	$17                     ; 0x17 <__rc7>
     406: a5 18        	lda	$18                     ; 0x18 <__rc8>
     408: d0 d7        	bne	$3e1 <f256Init+0xa3>
     40a: a9 00        	lda	#$0
     40c: a6 01        	ldx	$1                      ; 0x1 <__zp_data_size+0x1>
     40e: a0 01        	ldy	#$1
     410: 84 01        	sty	$1                      ; 0x1 <__zp_data_size+0x1>
     412: 92 14        	sta	($14)                   ; 0x14 <__rc4>
     414: 91 14        	sta	($14),y                 ; 0x14 <__rc4>
     416: c8           	iny
     417: 91 14        	sta	($14),y                 ; 0x14 <__rc4>
     419: c8           	iny
     41a: 85 16        	sta	$16                     ; 0x16 <__rc6>
     41c: a9 ff        	lda	#$ff
     41e: 91 14        	sta	($14),y                 ; 0x14 <__rc4>
     420: 86 01        	stx	$1                      ; 0x1 <__zp_data_size+0x1>
     422: a5 14        	lda	$14                     ; 0x14 <__rc4>
     424: 18           	clc
     425: 69 04        	adc	#$4
     427: 85 14        	sta	$14                     ; 0x14 <__rc4>
     429: a5 15        	lda	$15                     ; 0x15 <__rc5>
     42b: 69 00        	adc	#$0
     42d: e6 16        	inc	$16                     ; 0x16 <__rc6>
     42f: 85 15        	sta	$15                     ; 0x15 <__rc5>
     431: a5 16        	lda	$16                     ; 0x16 <__rc6>
     433: d0 d7        	bne	$40c <f256Init+0xce>
     435: ad 02 d0     	lda	$d002                   ; 0xd002 <sixpack_end+0x245b>
     438: 29 f0        	and	#$f0
     43a: 8d 02 d0     	sta	$d002                   ; 0xd002 <sixpack_end+0x245b>
     43d: ad 02 d0     	lda	$d002                   ; 0xd002 <sixpack_end+0x245b>
     440: 29 0f        	and	#$f
     442: 09 10        	ora	#$10
     444: 8d 02 d0     	sta	$d002                   ; 0xd002 <sixpack_end+0x245b>
     447: a2 02        	ldx	#$2
     449: 8e 03 d0     	stx	$d003                   ; 0xd003 <sixpack_end+0x245c>
     44c: ad 01 d0     	lda	$d001                   ; 0xd001 <sixpack_end+0x245a>
     44f: 29 f9        	and	#$f9
     451: 09 04        	ora	#$4
     453: 8d 01 d0     	sta	$d001                   ; 0xd001 <sixpack_end+0x245a>
     456: 64 14        	stz	$14                     ; 0x14 <__rc4>
     458: 9c 10 d0     	stz	$d010                   ; 0xd010 <sixpack_end+0x2469>
     45b: a2 00        	ldx	#$0
     45d: 64 15        	stz	$15                     ; 0x15 <__rc5>
     45f: 86 18        	stx	$18                     ; 0x18 <__rc8>
     461: a4 18        	ldy	$18                     ; 0x18 <__rc8>
     463: be 0f 0c     	ldx	$c0f,y                  ; 0xc0f <textColors>
     466: 86 19        	stx	$19                     ; 0x19 <__rc9>
     468: be 10 0c     	ldx	$c10,y                  ; 0xc10 <textColors+0x1>
     46b: 86 1a        	stx	$1a                     ; 0x1a <__rc10>
     46d: be 11 0c     	ldx	$c11,y                  ; 0xc11 <textColors+0x2>
     470: 86 1b        	stx	$1b                     ; 0x1b <__rc11>
     472: a6 15        	ldx	$15                     ; 0x15 <__rc5>
     474: 8e 00 de     	stx	$de00                   ; 0xde00 <sixpack_end+0x3259>
     477: 86 17        	stx	$17                     ; 0x17 <__rc7>
     479: 9c 01 de     	stz	$de01                   ; 0xde01 <sixpack_end+0x325a>
     47c: a2 04        	ldx	#$4
     47e: 8e 02 de     	stx	$de02                   ; 0xde02 <sixpack_end+0x325b>
     481: 86 1d        	stx	$1d                     ; 0x1d <__rc13>
     483: 9c 03 de     	stz	$de03                   ; 0xde03 <sixpack_end+0x325c>
     486: ad 10 de     	lda	$de10                   ; 0xde10 <sixpack_end+0x3269>
     489: ac 11 de     	ldy	$de11                   ; 0xde11 <sixpack_end+0x326a>
     48c: 84 15        	sty	$15                     ; 0x15 <__rc5>
     48e: ac 12 de     	ldy	$de12                   ; 0xde12 <sixpack_end+0x326b>
     491: ac 13 de     	ldy	$de13                   ; 0xde13 <sixpack_end+0x326c>
     494: a2 00        	ldx	#$0
     496: 18           	clc
     497: 65 14        	adc	$14                     ; 0x14 <__rc4>
     499: a8           	tay
     49a: 86 1f        	stx	$1f                     ; 0x1f <__rc15>
     49c: a6 17        	ldx	$17                     ; 0x17 <__rc7>
     49e: a9 d8        	lda	#$d8
     4a0: 65 15        	adc	$15                     ; 0x15 <__rc5>
     4a2: 84 16        	sty	$16                     ; 0x16 <__rc6>
     4a4: 85 17        	sta	$17                     ; 0x17 <__rc7>
     4a6: a5 1b        	lda	$1b                     ; 0x1b <__rc11>
     4a8: 92 16        	sta	($16)                   ; 0x16 <__rc6>
     4aa: a0 01        	ldy	#$1
     4ac: a5 1a        	lda	$1a                     ; 0x1a <__rc10>
     4ae: 91 16        	sta	($16),y                 ; 0x16 <__rc6>
     4b0: 84 1c        	sty	$1c                     ; 0x1c <__rc12>
     4b2: c8           	iny
     4b3: a5 19        	lda	$19                     ; 0x19 <__rc9>
     4b5: 91 16        	sta	($16),y                 ; 0x16 <__rc6>
     4b7: 84 1e        	sty	$1e                     ; 0x1e <__rc14>
     4b9: c8           	iny
     4ba: a9 ff        	lda	#$ff
     4bc: 91 16        	sta	($16),y                 ; 0x16 <__rc6>
     4be: 85 23        	sta	$23                     ; 0x23 <__rc19>
     4c0: 84 22        	sty	$22                     ; 0x22 <__rc18>
     4c2: 8e 00 de     	stx	$de00                   ; 0xde00 <sixpack_end+0x3259>
     4c5: 9c 01 de     	stz	$de01                   ; 0xde01 <sixpack_end+0x325a>
     4c8: a4 1d        	ldy	$1d                     ; 0x1d <__rc13>
     4ca: 8c 02 de     	sty	$de02                   ; 0xde02 <sixpack_end+0x325b>
     4cd: 9c 03 de     	stz	$de03                   ; 0xde03 <sixpack_end+0x325c>
     4d0: ad 10 de     	lda	$de10                   ; 0xde10 <sixpack_end+0x3269>
     4d3: 85 15        	sta	$15                     ; 0x15 <__rc5>
     4d5: ad 11 de     	lda	$de11                   ; 0xde11 <sixpack_end+0x326a>
     4d8: 85 16        	sta	$16                     ; 0x16 <__rc6>
     4da: a9 40        	lda	#$40
     4dc: a4 1f        	ldy	$1f                     ; 0x1f <__rc15>
     4de: c0 01        	cpy	#$1
     4e0: 65 15        	adc	$15                     ; 0x15 <__rc5>
     4e2: a8           	tay
     4e3: a9 d8        	lda	#$d8
     4e5: 65 16        	adc	$16                     ; 0x16 <__rc6>
     4e7: 85 17        	sta	$17                     ; 0x17 <__rc7>
     4e9: 84 16        	sty	$16                     ; 0x16 <__rc6>
     4eb: ad 12 de     	lda	$de12                   ; 0xde12 <sixpack_end+0x326b>
     4ee: ad 13 de     	lda	$de13                   ; 0xde13 <sixpack_end+0x326c>
     4f1: a5 1b        	lda	$1b                     ; 0x1b <__rc11>
     4f3: 92 16        	sta	($16)                   ; 0x16 <__rc6>
     4f5: a5 1a        	lda	$1a                     ; 0x1a <__rc10>
     4f7: a4 1c        	ldy	$1c                     ; 0x1c <__rc12>
     4f9: 91 16        	sta	($16),y                 ; 0x16 <__rc6>
     4fb: a5 19        	lda	$19                     ; 0x19 <__rc9>
     4fd: a4 1e        	ldy	$1e                     ; 0x1e <__rc14>
     4ff: 91 16        	sta	($16),y                 ; 0x16 <__rc6>
     501: a4 22        	ldy	$22                     ; 0x22 <__rc18>
     503: a5 23        	lda	$23                     ; 0x23 <__rc19>
     505: 91 16        	sta	($16),y                 ; 0x16 <__rc6>
     507: e8           	inx
     508: 86 15        	stx	$15                     ; 0x15 <__rc5>
     50a: 18           	clc
     50b: a5 18        	lda	$18                     ; 0x18 <__rc8>
     50d: 69 03        	adc	#$3
     50f: aa           	tax
     510: c9 30        	cmp	#$30
     512: f0 03        	beq	$517 <f256Init+0x1d9>
     514: 4c 5f 04     	jmp	$45f <f256Init+0x121>
     517: a6 01        	ldx	$1                      ; 0x1 <__zp_data_size+0x1>
     519: 86 18        	stx	$18                     ; 0x18 <__rc8>
     51b: a2 50        	ldx	#$50
     51d: 8e 00 de     	stx	$de00                   ; 0xde00 <sixpack_end+0x3259>
     520: 9c 01 de     	stz	$de01                   ; 0xde01 <sixpack_end+0x325a>
     523: a2 1e        	ldx	#$1e
     525: 8e 02 de     	stx	$de02                   ; 0xde02 <sixpack_end+0x325b>
     528: 9c 03 de     	stz	$de03                   ; 0xde03 <sixpack_end+0x325c>
     52b: ae 10 de     	ldx	$de10                   ; 0xde10 <sixpack_end+0x3269>
     52e: ac 11 de     	ldy	$de11                   ; 0xde11 <sixpack_end+0x326a>
     531: ad 12 de     	lda	$de12                   ; 0xde12 <sixpack_end+0x326b>
     534: ad 13 de     	lda	$de13                   ; 0xde13 <sixpack_end+0x326c>
     537: a9 02        	lda	#$2
     539: 85 01        	sta	$1                      ; 0x1 <__zp_data_size+0x1>
     53b: e0 01        	cpx	#$1
     53d: 98           	tya
     53e: e9 00        	sbc	#$0
     540: 50 02        	bvc	$544 <f256Init+0x206>
     542: 49 80        	eor	#$80
     544: c9 00        	cmp	#$0
     546: 10 03        	bpl	$54b <f256Init+0x20d>
     548: 4c a2 05     	jmp	$5a2 <f256Init+0x264>
     54b: a9 20        	lda	#$20
     54d: 86 19        	stx	$19                     ; 0x19 <__rc9>
     54f: 86 14        	stx	$14                     ; 0x14 <__rc4>
     551: 84 15        	sty	$15                     ; 0x15 <__rc5>
     553: a2 00        	ldx	#$0
     555: 86 16        	stx	$16                     ; 0x16 <__rc6>
     557: a2 c0        	ldx	#$c0
     559: 86 17        	stx	$17                     ; 0x17 <__rc7>
     55b: 80 04        	bra	$561 <f256Init+0x223>
     55d: a6 15        	ldx	$15                     ; 0x15 <__rc5>
     55f: f0 14        	beq	$575 <f256Init+0x237>
     561: 92 16        	sta	($16)                   ; 0x16 <__rc6>
     563: e6 16        	inc	$16                     ; 0x16 <__rc6>
     565: d0 02        	bne	$569 <f256Init+0x22b>
     567: e6 17        	inc	$17                     ; 0x17 <__rc7>
     569: a2 ff        	ldx	#$ff
     56b: c6 14        	dec	$14                     ; 0x14 <__rc4>
     56d: e4 14        	cpx	$14                     ; 0x14 <__rc4>
     56f: d0 ec        	bne	$55d <f256Init+0x21f>
     571: c6 15        	dec	$15                     ; 0x15 <__rc5>
     573: 80 e8        	bra	$55d <f256Init+0x21f>
     575: a6 14        	ldx	$14                     ; 0x14 <__rc4>
     577: d0 e8        	bne	$561 <f256Init+0x223>
     579: a2 03        	ldx	#$3
     57b: 86 01        	stx	$1                      ; 0x1 <__zp_data_size+0x1>
     57d: a6 19        	ldx	$19                     ; 0x19 <__rc9>
     57f: 80 03        	bra	$584 <f256Init+0x246>
     581: 98           	tya
     582: f0 19        	beq	$59d <f256Init+0x25f>
     584: a9 f0        	lda	#$f0
     586: 92 12        	sta	($12)                   ; 0x12 <__rc2>
     588: e6 12        	inc	$12                     ; 0x12 <__rc2>
     58a: f0 07        	beq	$593 <f256Init+0x255>
     58c: ca           	dex
     58d: e0 ff        	cpx	#$ff
     58f: d0 f0        	bne	$581 <f256Init+0x243>
     591: 80 07        	bra	$59a <f256Init+0x25c>
     593: e6 13        	inc	$13                     ; 0x13 <__rc3>
     595: ca           	dex
     596: e0 ff        	cpx	#$ff
     598: d0 e7        	bne	$581 <f256Init+0x243>
     59a: 88           	dey
     59b: 80 e4        	bra	$581 <f256Init+0x243>
     59d: 8a           	txa
     59e: d0 e4        	bne	$584 <f256Init+0x246>
     5a0: 80 04        	bra	$5a6 <f256Init+0x268>
     5a2: a2 03        	ldx	#$3
     5a4: 86 01        	stx	$1                      ; 0x1 <__zp_data_size+0x1>
     5a6: a6 18        	ldx	$18                     ; 0x18 <__rc8>
     5a8: 86 01        	stx	$1                      ; 0x1 <__zp_data_size+0x1>
     5aa: 64 30        	stz	$30                     ; 0x30 <_col>
     5ac: 9c 14 d0     	stz	$d014                   ; 0xd014 <sixpack_end+0x246d>
     5af: 9c 15 d0     	stz	$d015                   ; 0xd015 <sixpack_end+0x246e>
     5b2: 64 31        	stz	$31                     ; 0x31 <_row>
     5b4: 9c 16 d0     	stz	$d016                   ; 0xd016 <sixpack_end+0x246f>
     5b7: 9c 17 d0     	stz	$d017                   ; 0xd017 <sixpack_end+0x2470>
     5ba: a2 40        	ldx	#$40
     5bc: 8e 00 de     	stx	$de00                   ; 0xde00 <sixpack_end+0x3259>
     5bf: a2 01        	ldx	#$1
     5c1: 8e 01 de     	stx	$de01                   ; 0xde01 <sixpack_end+0x325a>
     5c4: a2 f0        	ldx	#$f0
     5c6: 8e 02 de     	stx	$de02                   ; 0xde02 <sixpack_end+0x325b>
     5c9: 9c 03 de     	stz	$de03                   ; 0xde03 <sixpack_end+0x325c>
     5cc: ae 10 de     	ldx	$de10                   ; 0xde10 <sixpack_end+0x3269>
     5cf: 86 17        	stx	$17                     ; 0x17 <__rc7>
     5d1: ae 11 de     	ldx	$de11                   ; 0xde11 <sixpack_end+0x326a>
     5d4: 86 12        	stx	$12                     ; 0x12 <__rc2>
     5d6: ae 12 de     	ldx	$de12                   ; 0xde12 <sixpack_end+0x326b>
     5d9: 86 13        	stx	$13                     ; 0x13 <__rc3>
     5db: ae 13 de     	ldx	$de13                   ; 0xde13 <sixpack_end+0x326c>
     5de: 86 14        	stx	$14                     ; 0x14 <__rc4>
     5e0: a4 12        	ldy	$12                     ; 0x12 <__rc2>
     5e2: 84 15        	sty	$15                     ; 0x15 <__rc5>
     5e4: 06 15        	asl	$15                     ; 0x15 <__rc5>
     5e6: a5 13        	lda	$13                     ; 0x13 <__rc3>
     5e8: 2a           	rol
     5e9: 86 16        	stx	$16                     ; 0x16 <__rc6>
     5eb: 26 16        	rol	$16                     ; 0x16 <__rc6>
     5ed: 06 15        	asl	$15                     ; 0x15 <__rc5>
     5ef: 2a           	rol
     5f0: 26 16        	rol	$16                     ; 0x16 <__rc6>
     5f2: 06 15        	asl	$15                     ; 0x15 <__rc5>
     5f4: 2a           	rol
     5f5: 26 16        	rol	$16                     ; 0x16 <__rc6>
     5f7: 85 15        	sta	$15                     ; 0x15 <__rc5>
     5f9: 8d 00 de     	sta	$de00                   ; 0xde00 <sixpack_end+0x3259>
     5fc: a5 16        	lda	$16                     ; 0x16 <__rc6>
     5fe: 8d 01 de     	sta	$de01                   ; 0xde01 <sixpack_end+0x325a>
     601: 9c 02 de     	stz	$de02                   ; 0xde02 <sixpack_end+0x325b>
     604: a2 20        	ldx	#$20
     606: 8e 03 de     	stx	$de03                   ; 0xde03 <sixpack_end+0x325c>
     609: ae 10 de     	ldx	$de10                   ; 0xde10 <sixpack_end+0x3269>
     60c: 86 16        	stx	$16                     ; 0x16 <__rc6>
     60e: ae 11 de     	ldx	$de11                   ; 0xde11 <sixpack_end+0x326a>
     611: 86 18        	stx	$18                     ; 0x18 <__rc8>
     613: ac 12 de     	ldy	$de12                   ; 0xde12 <sixpack_end+0x326b>
     616: ae 13 de     	ldx	$de13                   ; 0xde13 <sixpack_end+0x326c>
     619: e4 14        	cpx	$14                     ; 0x14 <__rc4>
     61b: d0 14        	bne	$631 <f256Init+0x2f3>
     61d: c4 13        	cpy	$13                     ; 0x13 <__rc3>
     61f: d0 10        	bne	$631 <f256Init+0x2f3>
     621: a6 18        	ldx	$18                     ; 0x18 <__rc8>
     623: e4 12        	cpx	$12                     ; 0x12 <__rc2>
     625: d0 0a        	bne	$631 <f256Init+0x2f3>
     627: a6 16        	ldx	$16                     ; 0x16 <__rc6>
     629: e4 17        	cpx	$17                     ; 0x17 <__rc7>
     62b: d0 04        	bne	$631 <f256Init+0x2f3>
     62d: a6 15        	ldx	$15                     ; 0x15 <__rc5>
     62f: 80 06        	bra	$637 <f256Init+0x2f9>
     631: a6 15        	ldx	$15                     ; 0x15 <__rc5>
     633: e8           	inx
     634: d0 01        	bne	$637 <f256Init+0x2f9>
     636: 1a           	inc
     637: 8e 00 de     	stx	$de00                   ; 0xde00 <sixpack_end+0x3259>
     63a: 8d 01 de     	sta	$de01                   ; 0xde01 <sixpack_end+0x325a>
     63d: 9c 02 de     	stz	$de02                   ; 0xde02 <sixpack_end+0x325b>
     640: a2 20        	ldx	#$20
     642: 8e 03 de     	stx	$de03                   ; 0xde03 <sixpack_end+0x325c>
     645: ae 10 de     	ldx	$de10                   ; 0xde10 <sixpack_end+0x3269>
     648: 86 12        	stx	$12                     ; 0x12 <__rc2>
     64a: ae 11 de     	ldx	$de11                   ; 0xde11 <sixpack_end+0x326a>
     64d: 86 13        	stx	$13                     ; 0x13 <__rc3>
     64f: ae 12 de     	ldx	$de12                   ; 0xde12 <sixpack_end+0x326b>
     652: 86 14        	stx	$14                     ; 0x14 <__rc4>
     654: ae 13 de     	ldx	$de13                   ; 0xde13 <sixpack_end+0x326c>
     657: 86 15        	stx	$15                     ; 0x15 <__rc5>
     659: 38           	sec
     65a: a9 00        	lda	#$0
     65c: e5 12        	sbc	$12                     ; 0x12 <__rc2>
     65e: 85 19        	sta	$19                     ; 0x19 <__rc9>
     660: a9 00        	lda	#$0
     662: e5 13        	sbc	$13                     ; 0x13 <__rc3>
     664: aa           	tax
     665: a9 08        	lda	#$8
     667: e5 14        	sbc	$14                     ; 0x14 <__rc4>
     669: 85 16        	sta	$16                     ; 0x16 <__rc6>
     66b: a9 00        	lda	#$0
     66d: e5 15        	sbc	$15                     ; 0x15 <__rc5>
     66f: 8e 40 0c     	stx	$c40                    ; 0xc40 <__bss_start+0x1>
     672: a4 16        	ldy	$16                     ; 0x16 <__rc6>
     674: 8c 41 0c     	sty	$c41                    ; 0xc41 <__bss_start+0x2>
     677: 8d 42 0c     	sta	$c42                    ; 0xc42 <__bss_start+0x3>
     67a: a8           	tay
     67b: 38           	sec
     67c: a5 19        	lda	$19                     ; 0x19 <__rc9>
     67e: e5 12        	sbc	$12                     ; 0x12 <__rc2>
     680: 85 18        	sta	$18                     ; 0x18 <__rc8>
     682: 8a           	txa
     683: e5 13        	sbc	$13                     ; 0x13 <__rc3>
     685: 85 1a        	sta	$1a                     ; 0x1a <__rc10>
     687: a5 16        	lda	$16                     ; 0x16 <__rc6>
     689: e5 14        	sbc	$14                     ; 0x14 <__rc4>
     68b: 85 16        	sta	$16                     ; 0x16 <__rc6>
     68d: 98           	tya
     68e: e5 15        	sbc	$15                     ; 0x15 <__rc5>
     690: 85 17        	sta	$17                     ; 0x17 <__rc7>
     692: 38           	sec
     693: a4 18        	ldy	$18                     ; 0x18 <__rc8>
     695: 8c 43 0c     	sty	$c43                    ; 0xc43 <_BITMAP_BASE.1>
     698: a6 1a        	ldx	$1a                     ; 0x1a <__rc10>
     69a: 8e 44 0c     	stx	$c44                    ; 0xc44 <_BITMAP_BASE.1+0x1>
     69d: a4 16        	ldy	$16                     ; 0x16 <__rc6>
     69f: 8c 45 0c     	sty	$c45                    ; 0xc45 <_BITMAP_BASE.1+0x2>
     6a2: 8d 46 0c     	sta	$c46                    ; 0xc46 <_BITMAP_BASE.1+0x3>
     6a5: a5 18        	lda	$18                     ; 0x18 <__rc8>
     6a7: e5 12        	sbc	$12                     ; 0x12 <__rc2>
     6a9: 85 18        	sta	$18                     ; 0x18 <__rc8>
     6ab: a5 1a        	lda	$1a                     ; 0x1a <__rc10>
     6ad: e5 13        	sbc	$13                     ; 0x13 <__rc3>
     6af: a8           	tay
     6b0: a5 16        	lda	$16                     ; 0x16 <__rc6>
     6b2: e5 14        	sbc	$14                     ; 0x14 <__rc4>
     6b4: 85 12        	sta	$12                     ; 0x12 <__rc2>
     6b6: a5 17        	lda	$17                     ; 0x17 <__rc7>
     6b8: e5 15        	sbc	$15                     ; 0x15 <__rc5>
     6ba: a6 18        	ldx	$18                     ; 0x18 <__rc8>
     6bc: 8e 47 0c     	stx	$c47                    ; 0xc47 <_BITMAP_BASE.2>
     6bf: 8c 48 0c     	sty	$c48                    ; 0xc48 <_BITMAP_BASE.2+0x1>
     6c2: a6 19        	ldx	$19                     ; 0x19 <__rc9>
     6c4: 8e 3f 0c     	stx	$c3f                    ; 0xc3f <__bss_start>
     6c7: a4 12        	ldy	$12                     ; 0x12 <__rc2>
     6c9: 8c 49 0c     	sty	$c49                    ; 0xc49 <_BITMAP_BASE.2+0x2>
     6cc: 8d 4a 0c     	sta	$c4a                    ; 0xc4a <_BITMAP_BASE.2+0x3>
     6cf: 8e 01 d1     	stx	$d101                   ; 0xd101 <sixpack_end+0x255a>
     6d2: ae 40 0c     	ldx	$c40                    ; 0xc40 <__bss_start+0x1>
     6d5: 8e 02 d1     	stx	$d102                   ; 0xd102 <sixpack_end+0x255b>
     6d8: ae 41 0c     	ldx	$c41                    ; 0xc41 <__bss_start+0x2>
     6db: 8e 03 d1     	stx	$d103                   ; 0xd103 <sixpack_end+0x255c>
     6de: ae 43 0c     	ldx	$c43                    ; 0xc43 <_BITMAP_BASE.1>
     6e1: 8e 09 d1     	stx	$d109                   ; 0xd109 <sixpack_end+0x2562>
     6e4: ae 44 0c     	ldx	$c44                    ; 0xc44 <_BITMAP_BASE.1+0x1>
     6e7: 8e 0a d1     	stx	$d10a                   ; 0xd10a <sixpack_end+0x2563>
     6ea: ae 45 0c     	ldx	$c45                    ; 0xc45 <_BITMAP_BASE.1+0x2>
     6ed: 8e 0b d1     	stx	$d10b                   ; 0xd10b <sixpack_end+0x2564>
     6f0: ae 47 0c     	ldx	$c47                    ; 0xc47 <_BITMAP_BASE.2>
     6f3: 8e 11 d1     	stx	$d111                   ; 0xd111 <sixpack_end+0x256a>
     6f6: ae 48 0c     	ldx	$c48                    ; 0xc48 <_BITMAP_BASE.2+0x1>
     6f9: 8e 12 d1     	stx	$d112                   ; 0xd112 <sixpack_end+0x256b>
     6fc: ae 49 0c     	ldx	$c49                    ; 0xc49 <_BITMAP_BASE.2+0x2>
     6ff: 8e 13 d1     	stx	$d113                   ; 0xd113 <sixpack_end+0x256c>
     702: 9c 00 d1     	stz	$d100                   ; 0xd100 <sixpack_end+0x2559>
     705: 9c 08 d1     	stz	$d108                   ; 0xd108 <sixpack_end+0x2561>
     708: 9c 10 d1     	stz	$d110                   ; 0xd110 <sixpack_end+0x2569>
     70b: a2 10        	ldx	#$10
     70d: 8e 00 d2     	stx	$d200                   ; 0xd200 <sixpack_end+0x2659>
     710: 8e 0c d2     	stx	$d20c                   ; 0xd20c <sixpack_end+0x2665>
     713: 8e 18 d2     	stx	$d218                   ; 0xd218 <sixpack_end+0x2671>
     716: a0 d9        	ldy	#$d9
     718: a2 40        	ldx	#$40
     71a: 64 12        	stz	$12                     ; 0x12 <__rc2>
     71c: 84 13        	sty	$13                     ; 0x13 <__rc3>
     71e: a9 00        	lda	#$0
     720: 92 12        	sta	($12)                   ; 0x12 <__rc2>
     722: ca           	dex
     723: 18           	clc
     724: a5 12        	lda	$12                     ; 0x12 <__rc2>
     726: 69 08        	adc	#$8
     728: 85 12        	sta	$12                     ; 0x12 <__rc2>
     72a: 98           	tya
     72b: 69 00        	adc	#$0
     72d: a8           	tay
     72e: 8a           	txa
     72f: d0 eb        	bne	$71c <f256Init+0x3de>
     731: a2 3b        	ldx	#$3b
     733: a0 00        	ldy	#$0
     735: 86 fb        	stx	$fb                     ; 0xfb <__rc31+0xcc>
     737: 84 fc        	sty	$fc                     ; 0xfc <__rc31+0xcd>
     739: a2 08        	ldx	#$8
     73b: 86 fd        	stx	$fd                     ; 0xfd <__rc31+0xce>
     73d: a2 43        	ldx	#$43
     73f: a0 00        	ldy	#$0
     741: 86 12        	stx	$12                     ; 0x12 <__rc2>
     743: 84 13        	sty	$13                     ; 0x13 <__rc3>
     745: a2 4b        	ldx	#$4b
     747: 86 14        	stx	$14                     ; 0x14 <__rc4>
     749: a2 0c        	ldx	#$c
     74b: 86 15        	stx	$15                     ; 0x15 <__rc5>
     74d: 20 dc ff     	jsr	$ffdc <sixpack_end+0x5435>
     750: 92 12        	sta	($12)                   ; 0x12 <__rc2>
     752: a9 00        	lda	#$0
     754: 6a           	ror
     755: 85 14        	sta	$14                     ; 0x14 <__rc4>
     757: a6 41        	ldx	$41                     ; 0x41 <__rc31+0x12>
     759: a4 42        	ldy	$42                     ; 0x42 <__rc31+0x13>
     75b: 8e 00 de     	stx	$de00                   ; 0xde00 <sixpack_end+0x3259>
     75e: 9c 01 de     	stz	$de01                   ; 0xde01 <sixpack_end+0x325a>
     761: 8c 02 de     	sty	$de02                   ; 0xde02 <sixpack_end+0x325b>
     764: 9c 03 de     	stz	$de03                   ; 0xde03 <sixpack_end+0x325c>
     767: ae 10 de     	ldx	$de10                   ; 0xde10 <sixpack_end+0x3269>
     76a: ac 11 de     	ldy	$de11                   ; 0xde11 <sixpack_end+0x326a>
     76d: ad 12 de     	lda	$de12                   ; 0xde12 <sixpack_end+0x326b>
     770: ad 13 de     	lda	$de13                   ; 0xde13 <sixpack_end+0x326c>
     773: 8e a4 d6     	stx	$d6a4                   ; 0xd6a4 <sixpack_end+0x2afd>
     776: 8c a5 d6     	sty	$d6a5                   ; 0xd6a5 <sixpack_end+0x2afe>
     779: a2 03        	ldx	#$3
     77b: 8e a6 d6     	stx	$d6a6                   ; 0xd6a6 <sixpack_end+0x2aff>
     77e: 60           	rts

0000077f <main>:
     77f: 20 3e 03     	jsr	$33e <f256Init>
     782: 20 85 07     	jsr	$785 <f256main>

00000785 <f256main>:
     785: 18           	clc
     786: a5 10        	lda	$10                     ; 0x10 <__rc0>
     788: 69 fb        	adc	#$fb
     78a: 85 10        	sta	$10                     ; 0x10 <__rc0>
     78c: a5 11        	lda	$11                     ; 0x11 <__rc1>
     78e: 69 ff        	adc	#$ff
     790: 85 11        	sta	$11                     ; 0x11 <__rc1>
     792: a2 00        	ldx	#$0
     794: 86 26        	stx	$26                     ; 0x26 <__rc22>
     796: a2 a0        	ldx	#$a0
     798: 86 27        	stx	$27                     ; 0x27 <__rc23>
     79a: a2 03        	ldx	#$3
     79c: 86 24        	stx	$24                     ; 0x24 <__rc20>
     79e: a2 a0        	ldx	#$a0
     7a0: 86 25        	stx	$25                     ; 0x25 <__rc21>
     7a2: 64 01        	stz	$1                      ; 0x1 <__zp_data_size+0x1>
     7a4: a2 0f        	ldx	#$f
     7a6: 8e 00 d0     	stx	$d000                   ; 0xd000 <sixpack_end+0x2459>
     7a9: a2 04        	ldx	#$4
     7ab: 8e 01 d0     	stx	$d001                   ; 0xd001 <sixpack_end+0x245a>
     7ae: a2 10        	ldx	#$10
     7b0: 8e 02 d0     	stx	$d002                   ; 0xd002 <sixpack_end+0x245b>
     7b3: 9c 0d d0     	stz	$d00d                   ; 0xd00d <sixpack_end+0x2466>
     7b6: 9c 0e d0     	stz	$d00e                   ; 0xd00e <sixpack_end+0x2467>
     7b9: 9c 0f d0     	stz	$d00f                   ; 0xd00f <sixpack_end+0x2468>
     7bc: a9 54        	lda	#$54
     7be: a2 00        	ldx	#$0
     7c0: 20 ec 09     	jsr	$9ec <putchar>
     7c3: a2 00        	ldx	#$0
     7c5: a9 65        	lda	#$65
     7c7: 20 ec 09     	jsr	$9ec <putchar>
     7ca: a2 00        	ldx	#$0
     7cc: a9 73        	lda	#$73
     7ce: 20 ec 09     	jsr	$9ec <putchar>
     7d1: a2 00        	ldx	#$0
     7d3: a9 74        	lda	#$74
     7d5: 20 ec 09     	jsr	$9ec <putchar>
     7d8: a2 00        	ldx	#$0
     7da: a9 69        	lda	#$69
     7dc: 20 ec 09     	jsr	$9ec <putchar>
     7df: a2 00        	ldx	#$0
     7e1: a9 6e        	lda	#$6e
     7e3: 20 ec 09     	jsr	$9ec <putchar>
     7e6: a2 00        	ldx	#$0
     7e8: a9 67        	lda	#$67
     7ea: 20 ec 09     	jsr	$9ec <putchar>
     7ed: a2 00        	ldx	#$0
     7ef: a9 20        	lda	#$20
     7f1: 20 ec 09     	jsr	$9ec <putchar>
     7f4: a2 00        	ldx	#$0
     7f6: a9 6f        	lda	#$6f
     7f8: 20 ec 09     	jsr	$9ec <putchar>
     7fb: a9 75        	lda	#$75
     7fd: a2 00        	ldx	#$0
     7ff: 20 ec 09     	jsr	$9ec <putchar>
     802: a2 00        	ldx	#$0
     804: a9 74        	lda	#$74
     806: 20 ec 09     	jsr	$9ec <putchar>
     809: a2 00        	ldx	#$0
     80b: a9 20        	lda	#$20
     80d: 20 ec 09     	jsr	$9ec <putchar>
     810: a2 00        	ldx	#$0
     812: a9 74        	lda	#$74
     814: 20 ec 09     	jsr	$9ec <putchar>
     817: a9 68        	lda	#$68
     819: a2 00        	ldx	#$0
     81b: 20 ec 09     	jsr	$9ec <putchar>
     81e: a2 00        	ldx	#$0
     820: a9 65        	lda	#$65
     822: 20 ec 09     	jsr	$9ec <putchar>
     825: a2 00        	ldx	#$0
     827: a9 20        	lda	#$20
     829: 20 ec 09     	jsr	$9ec <putchar>
     82c: a2 00        	ldx	#$0
     82e: a9 63        	lda	#$63
     830: 20 ec 09     	jsr	$9ec <putchar>
     833: a2 00        	ldx	#$0
     835: a9 6f        	lda	#$6f
     837: 20 ec 09     	jsr	$9ec <putchar>
     83a: a2 00        	ldx	#$0
     83c: a9 6e        	lda	#$6e
     83e: 20 ec 09     	jsr	$9ec <putchar>
     841: a9 76        	lda	#$76
     843: a2 00        	ldx	#$0
     845: 20 ec 09     	jsr	$9ec <putchar>
     848: a2 00        	ldx	#$0
     84a: a9 65        	lda	#$65
     84c: 20 ec 09     	jsr	$9ec <putchar>
     84f: a2 00        	ldx	#$0
     851: a9 72        	lda	#$72
     853: 20 ec 09     	jsr	$9ec <putchar>
     856: a2 00        	ldx	#$0
     858: a9 74        	lda	#$74
     85a: 20 ec 09     	jsr	$9ec <putchar>
     85d: a2 00        	ldx	#$0
     85f: a9 65        	lda	#$65
     861: 20 ec 09     	jsr	$9ec <putchar>
     864: a9 64        	lda	#$64
     866: a2 00        	ldx	#$0
     868: 20 ec 09     	jsr	$9ec <putchar>
     86b: a2 00        	ldx	#$0
     86d: a9 20        	lda	#$20
     86f: 20 ec 09     	jsr	$9ec <putchar>
     872: a2 00        	ldx	#$0
     874: a9 73        	lda	#$73
     876: 20 ec 09     	jsr	$9ec <putchar>
     879: a2 00        	ldx	#$0
     87b: a9 69        	lda	#$69
     87d: 20 ec 09     	jsr	$9ec <putchar>
     880: a9 78        	lda	#$78
     882: a2 00        	ldx	#$0
     884: 20 ec 09     	jsr	$9ec <putchar>
     887: a9 70        	lda	#$70
     889: a2 00        	ldx	#$0
     88b: 20 ec 09     	jsr	$9ec <putchar>
     88e: a9 61        	lda	#$61
     890: a2 00        	ldx	#$0
     892: 20 ec 09     	jsr	$9ec <putchar>
     895: a2 00        	ldx	#$0
     897: a9 63        	lda	#$63
     899: 20 ec 09     	jsr	$9ec <putchar>
     89c: a2 00        	ldx	#$0
     89e: a9 6b        	lda	#$6b
     8a0: 20 ec 09     	jsr	$9ec <putchar>
     8a3: a9 2e        	lda	#$2e
     8a5: a2 00        	ldx	#$0
     8a7: 20 ec 09     	jsr	$9ec <putchar>
     8aa: a2 00        	ldx	#$0
     8ac: a9 73        	lda	#$73
     8ae: 20 ec 09     	jsr	$9ec <putchar>
     8b1: a2 00        	ldx	#$0
     8b3: a9 6e        	lda	#$6e
     8b5: 20 ec 09     	jsr	$9ec <putchar>
     8b8: a2 00        	ldx	#$0
     8ba: a9 67        	lda	#$67
     8bc: 20 ec 09     	jsr	$9ec <putchar>
     8bf: a2 00        	ldx	#$0
     8c1: a9 20        	lda	#$20
     8c3: 20 ec 09     	jsr	$9ec <putchar>
     8c6: a9 66        	lda	#$66
     8c8: a2 00        	ldx	#$0
     8ca: 20 ec 09     	jsr	$9ec <putchar>
     8cd: a2 00        	ldx	#$0
     8cf: a9 72        	lda	#$72
     8d1: 20 ec 09     	jsr	$9ec <putchar>
     8d4: a2 00        	ldx	#$0
     8d6: a9 6f        	lda	#$6f
     8d8: 20 ec 09     	jsr	$9ec <putchar>
     8db: a9 6d        	lda	#$6d
     8dd: a2 00        	ldx	#$0
     8df: 20 ec 09     	jsr	$9ec <putchar>
     8e2: a2 00        	ldx	#$0
     8e4: a9 20        	lda	#$20
     8e6: 20 ec 09     	jsr	$9ec <putchar>
     8e9: a9 62        	lda	#$62
     8eb: a2 00        	ldx	#$0
     8ed: 20 ec 09     	jsr	$9ec <putchar>
     8f0: a2 00        	ldx	#$0
     8f2: a9 65        	lda	#$65
     8f4: 20 ec 09     	jsr	$9ec <putchar>
     8f7: a2 00        	ldx	#$0
     8f9: a9 65        	lda	#$65
     8fb: 20 ec 09     	jsr	$9ec <putchar>
     8fe: a2 00        	ldx	#$0
     900: a9 6b        	lda	#$6b
     902: 20 ec 09     	jsr	$9ec <putchar>
     905: a9 0a        	lda	#$a
     907: a2 00        	ldx	#$0
     909: 20 ec 09     	jsr	$9ec <putchar>
     90c: a2 4b        	ldx	#$4b
     90e: 86 14        	stx	$14                     ; 0x14 <__rc4>
     910: a2 0c        	ldx	#$c
     912: 86 15        	stx	$15                     ; 0x15 <__rc5>
     914: 64 34        	stz	$34                     ; 0x34 <kernelEventData>
     916: 18           	clc
     917: a5 10        	lda	$10                     ; 0x10 <__rc0>
     919: 69 01        	adc	#$1
     91b: 85 12        	sta	$12                     ; 0x12 <__rc2>
     91d: a5 11        	lda	$11                     ; 0x11 <__rc1>
     91f: 69 00        	adc	#$0
     921: 85 13        	sta	$13                     ; 0x13 <__rc3>
     923: 20 00 ff     	jsr	$ff00 <sixpack_end+0x5359>
     926: 92 12        	sta	($12)                   ; 0x12 <__rc2>
     928: a9 00        	lda	#$0
     92a: 6a           	ror
     92b: 85 14        	sta	$14                     ; 0x14 <__rc4>
     92d: a6 34        	ldx	$34                     ; 0x34 <kernelEventData>
     92f: e0 08        	cpx	#$8
     931: d0 e1        	bne	$914 <f256main+0x18f>
     933: a6 38        	ldx	$38                     ; 0x38 <kernelEventData+0x4>
     935: e0 20        	cpx	#$20
     937: f0 04        	beq	$93d <f256main+0x1b8>
     939: e0 94        	cpx	#$94
     93b: d0 d7        	bne	$914 <f256main+0x18f>
     93d: a2 00        	ldx	#$0
     93f: 86 22        	stx	$22                     ; 0x22 <__rc18>
     941: a2 a0        	ldx	#$a0
     943: 86 23        	stx	$23                     ; 0x23 <__rc19>
     945: 20 15 03     	jsr	$315 <__call_indir>
     948: a2 80        	ldx	#$80
     94a: 86 f3        	stx	$f3                     ; 0xf3 <__rc31+0xc4>
     94c: 18           	clc
     94d: a5 10        	lda	$10                     ; 0x10 <__rc0>
     94f: 69 02        	adc	#$2
     951: 85 12        	sta	$12                     ; 0x12 <__rc2>
     953: a5 11        	lda	$11                     ; 0x11 <__rc1>
     955: 69 00        	adc	#$0
     957: 85 13        	sta	$13                     ; 0x13 <__rc3>
     959: a2 4b        	ldx	#$4b
     95b: 86 26        	stx	$26                     ; 0x26 <__rc22>
     95d: a2 0c        	ldx	#$c
     95f: 86 27        	stx	$27                     ; 0x27 <__rc23>
     961: 20 f0 ff     	jsr	$fff0 <sixpack_end+0x5449>
     964: 92 12        	sta	($12)                   ; 0x12 <__rc2>
     966: a9 00        	lda	#$0
     968: 6a           	ror
     969: 85 26        	sta	$26                     ; 0x26 <__rc22>
     96b: b2 12        	lda	($12)                   ; 0x12 <__rc2>
     96d: 1a           	inc
     96e: 64 f3        	stz	$f3                     ; 0xf3 <__rc31+0xc4>
     970: 85 f4        	sta	$f4                     ; 0xf4 <__rc31+0xc5>
     972: a2 01        	ldx	#$1
     974: 86 f5        	stx	$f5                     ; 0xf5 <__rc31+0xc6>
     976: 18           	clc
     977: a5 10        	lda	$10                     ; 0x10 <__rc0>
     979: 69 03        	adc	#$3
     97b: 85 12        	sta	$12                     ; 0x12 <__rc2>
     97d: a5 11        	lda	$11                     ; 0x11 <__rc1>
     97f: 69 00        	adc	#$0
     981: 85 13        	sta	$13                     ; 0x13 <__rc3>
     983: 20 f0 ff     	jsr	$fff0 <sixpack_end+0x5449>
     986: 92 12        	sta	($12)                   ; 0x12 <__rc2>
     988: a9 00        	lda	#$0
     98a: 6a           	ror
     98b: 85 26        	sta	$26                     ; 0x26 <__rc22>
     98d: 64 34        	stz	$34                     ; 0x34 <kernelEventData>
     98f: 18           	clc
     990: a6 10        	ldx	$10                     ; 0x10 <__rc0>
     992: 86 12        	stx	$12                     ; 0x12 <__rc2>
     994: a6 11        	ldx	$11                     ; 0x11 <__rc1>
     996: 86 13        	stx	$13                     ; 0x13 <__rc3>
     998: a2 4b        	ldx	#$4b
     99a: 86 14        	stx	$14                     ; 0x14 <__rc4>
     99c: a2 0c        	ldx	#$c
     99e: 86 15        	stx	$15                     ; 0x15 <__rc5>
     9a0: 20 00 ff     	jsr	$ff00 <sixpack_end+0x5359>
     9a3: 92 12        	sta	($12)                   ; 0x12 <__rc2>
     9a5: a9 00        	lda	#$0
     9a7: 6a           	ror
     9a8: 85 14        	sta	$14                     ; 0x14 <__rc4>
     9aa: a6 34        	ldx	$34                     ; 0x34 <kernelEventData>
     9ac: e0 52        	cpx	#$52
     9ae: d0 dd        	bne	$98d <f256main+0x208>
     9b0: a6 38        	ldx	$38                     ; 0x38 <kernelEventData+0x4>
     9b2: e0 01        	cpx	#$1
     9b4: d0 d7        	bne	$98d <f256main+0x208>
     9b6: a2 03        	ldx	#$3
     9b8: 86 22        	stx	$22                     ; 0x22 <__rc18>
     9ba: a2 a0        	ldx	#$a0
     9bc: 86 23        	stx	$23                     ; 0x23 <__rc19>
     9be: 20 15 03     	jsr	$315 <__call_indir>
     9c1: a2 80        	ldx	#$80
     9c3: 86 f3        	stx	$f3                     ; 0xf3 <__rc31+0xc4>
     9c5: 18           	clc
     9c6: a5 10        	lda	$10                     ; 0x10 <__rc0>
     9c8: 69 04        	adc	#$4
     9ca: 85 12        	sta	$12                     ; 0x12 <__rc2>
     9cc: a5 11        	lda	$11                     ; 0x11 <__rc1>
     9ce: 69 00        	adc	#$0
     9d0: 85 13        	sta	$13                     ; 0x13 <__rc3>
     9d2: a2 4b        	ldx	#$4b
     9d4: 86 14        	stx	$14                     ; 0x14 <__rc4>
     9d6: a2 0c        	ldx	#$c
     9d8: 86 15        	stx	$15                     ; 0x15 <__rc5>
     9da: 20 f0 ff     	jsr	$fff0 <sixpack_end+0x5449>
     9dd: 92 12        	sta	($12)                   ; 0x12 <__rc2>
     9df: a9 00        	lda	#$0
     9e1: 6a           	ror
     9e2: 85 14        	sta	$14                     ; 0x14 <__rc4>
     9e4: 4c 6b 09     	jmp	$96b <f256main+0x1e6>

000009e7 <exit>:
     9e7: 20 14 03     	jsr	$314 <_fini>
     9ea: 80 fe        	bra	$9ea <exit+0x3>

000009ec <putchar>:
     9ec: 86 12        	stx	$12                     ; 0x12 <__rc2>
     9ee: 85 3b        	sta	$3b                     ; 0x3b <__rc31+0xc>
     9f0: 85 32        	sta	$32                     ; 0x32 <__putchar.s>
     9f2: a6 01        	ldx	$1                      ; 0x1 <__zp_data_size+0x1>
     9f4: 86 3c        	stx	$3c                     ; 0x3c <__rc31+0xd>
     9f6: a6 31        	ldx	$31                     ; 0x31 <_row>
     9f8: a0 50        	ldy	#$50
     9fa: 8c 00 de     	sty	$de00                   ; 0xde00 <sixpack_end+0x3259>
     9fd: 9c 01 de     	stz	$de01                   ; 0xde01 <sixpack_end+0x325a>
     a00: 8e 02 de     	stx	$de02                   ; 0xde02 <sixpack_end+0x325b>
     a03: 9c 03 de     	stz	$de03                   ; 0xde03 <sixpack_end+0x325c>
     a06: ae 10 de     	ldx	$de10                   ; 0xde10 <sixpack_end+0x3269>
     a09: 86 13        	stx	$13                     ; 0x13 <__rc3>
     a0b: ad 11 de     	lda	$de11                   ; 0xde11 <sixpack_end+0x326a>
     a0e: ae 12 de     	ldx	$de12                   ; 0xde12 <sixpack_end+0x326b>
     a11: 86 1a        	stx	$1a                     ; 0x1a <__rc10>
     a13: ae 13 de     	ldx	$de13                   ; 0xde13 <sixpack_end+0x326c>
     a16: 86 1b        	stx	$1b                     ; 0x1b <__rc11>
     a18: 9c 08 de     	stz	$de08                   ; 0xde08 <sixpack_end+0x3261>
     a1b: a2 c0        	ldx	#$c0
     a1d: 8e 09 de     	stx	$de09                   ; 0xde09 <sixpack_end+0x3262>
     a20: 9c 0a de     	stz	$de0a                   ; 0xde0a <sixpack_end+0x3263>
     a23: 9c 0b de     	stz	$de0b                   ; 0xde0b <sixpack_end+0x3264>
     a26: a6 13        	ldx	$13                     ; 0x13 <__rc3>
     a28: 8e 0c de     	stx	$de0c                   ; 0xde0c <sixpack_end+0x3265>
     a2b: 8d 0d de     	sta	$de0d                   ; 0xde0d <sixpack_end+0x3266>
     a2e: 64 13        	stz	$13                     ; 0x13 <__rc3>
     a30: a2 00        	ldx	#$0
     a32: 86 14        	stx	$14                     ; 0x14 <__rc4>
     a34: a2 c0        	ldx	#$c0
     a36: 86 15        	stx	$15                     ; 0x15 <__rc5>
     a38: a2 11        	ldx	#$11
     a3a: 86 16        	stx	$16                     ; 0x16 <__rc6>
     a3c: a2 c9        	ldx	#$c9
     a3e: 86 17        	stx	$17                     ; 0x17 <__rc7>
     a40: a2 10        	ldx	#$10
     a42: 86 18        	stx	$18                     ; 0x18 <__rc8>
     a44: a2 c9        	ldx	#$c9
     a46: 86 19        	stx	$19                     ; 0x19 <__rc9>
     a48: a6 1a        	ldx	$1a                     ; 0x1a <__rc10>
     a4a: 8e 0e de     	stx	$de0e                   ; 0xde0e <sixpack_end+0x3267>
     a4d: a6 1b        	ldx	$1b                     ; 0x1b <__rc11>
     a4f: 8e 0f de     	stx	$de0f                   ; 0xde0f <sixpack_end+0x3268>
     a52: ae 18 de     	ldx	$de18                   ; 0xde18 <sixpack_end+0x3271>
     a55: 86 1c        	stx	$1c                     ; 0x1c <__rc12>
     a57: ad 19 de     	lda	$de19                   ; 0xde19 <sixpack_end+0x3272>
     a5a: ae 1a de     	ldx	$de1a                   ; 0xde1a <sixpack_end+0x3273>
     a5d: ae 1b de     	ldx	$de1b                   ; 0xde1b <sixpack_end+0x3274>
     a60: 85 1d        	sta	$1d                     ; 0x1d <__rc13>
     a62: 64 1a        	stz	$1a                     ; 0x1a <__rc10>
     a64: a2 f0        	ldx	#$f0
     a66: 86 3d        	stx	$3d                     ; 0x3d <__rc31+0xe>
     a68: a2 20        	ldx	#$20
     a6a: 86 3e        	stx	$3e                     ; 0x3e <__rc31+0xf>
     a6c: 80 13        	bra	$a81 <putchar+0x95>
     a6e: a5 1c        	lda	$1c                     ; 0x1c <__rc12>
     a70: 18           	clc
     a71: 69 50        	adc	#$50
     a73: 85 1c        	sta	$1c                     ; 0x1c <__rc12>
     a75: a5 1d        	lda	$1d                     ; 0x1d <__rc13>
     a77: 69 00        	adc	#$0
     a79: 85 1d        	sta	$1d                     ; 0x1d <__rc13>
     a7b: e6 13        	inc	$13                     ; 0x13 <__rc3>
     a7d: d0 02        	bne	$a81 <putchar+0x95>
     a7f: e6 1a        	inc	$1a                     ; 0x1a <__rc10>
     a81: a9 32        	lda	#$32
     a83: 18           	clc
     a84: 65 13        	adc	$13                     ; 0x13 <__rc3>
     a86: 85 1e        	sta	$1e                     ; 0x1e <__rc14>
     a88: a9 00        	lda	#$0
     a8a: 65 1a        	adc	$1a                     ; 0x1a <__rc10>
     a8c: 85 1f        	sta	$1f                     ; 0x1f <__rc15>
     a8e: b2 1e        	lda	($1e)                   ; 0x1e <__rc14>
     a90: c9 0a        	cmp	#$a
     a92: f0 2e        	beq	$ac2 <putchar+0xd6>
     a94: c9 0d        	cmp	#$d
     a96: f0 2a        	beq	$ac2 <putchar+0xd6>
     a98: aa           	tax
     a99: d0 03        	bne	$a9e <putchar+0xb2>
     a9b: 4c d4 0b     	jmp	$bd4 <putchar+0x1e8>
     a9e: a2 03        	ldx	#$3
     aa0: 86 01        	stx	$1                      ; 0x1 <__zp_data_size+0x1>
     aa2: 84 1b        	sty	$1b                     ; 0x1b <__rc11>
     aa4: a4 30        	ldy	$30                     ; 0x30 <_col>
     aa6: a9 f0        	lda	#$f0
     aa8: aa           	tax
     aa9: 86 3d        	stx	$3d                     ; 0x3d <__rc31+0xe>
     aab: 91 1c        	sta	($1c),y                 ; 0x1c <__rc12>
     aad: a2 02        	ldx	#$2
     aaf: 86 01        	stx	$1                      ; 0x1 <__zp_data_size+0x1>
     ab1: b2 1e        	lda	($1e)                   ; 0x1e <__rc14>
     ab3: a4 30        	ldy	$30                     ; 0x30 <_col>
     ab5: 91 1c        	sta	($1c),y                 ; 0x1c <__rc12>
     ab7: a4 1b        	ldy	$1b                     ; 0x1b <__rc11>
     ab9: a6 30        	ldx	$30                     ; 0x30 <_col>
     abb: e8           	inx
     abc: e6 30        	inc	$30                     ; 0x30 <_col>
     abe: e0 50        	cpx	#$50
     ac0: d0 b9        	bne	$a7b <putchar+0x8f>
     ac2: 64 30        	stz	$30                     ; 0x30 <_col>
     ac4: a6 31        	ldx	$31                     ; 0x31 <_row>
     ac6: e8           	inx
     ac7: e6 31        	inc	$31                     ; 0x31 <_row>
     ac9: e0 1e        	cpx	#$1e
     acb: f0 03        	beq	$ad0 <putchar+0xe4>
     acd: 4c 6e 0a     	jmp	$a6e <putchar+0x82>
     ad0: a2 03        	ldx	#$3
     ad2: 86 01        	stx	$1                      ; 0x1 <__zp_data_size+0x1>
     ad4: a2 09        	ldx	#$9
     ad6: a9 10        	lda	#$10
     ad8: 5a           	phy
     ad9: a0 00        	ldy	#$0
     adb: 84 1c        	sty	$1c                     ; 0x1c <__rc12>
     add: a0 c0        	ldy	#$c0
     adf: 84 1d        	sty	$1d                     ; 0x1d <__rc13>
     ae1: 7a           	ply
     ae2: 85 1b        	sta	$1b                     ; 0x1b <__rc11>
     ae4: b1 1c        	lda	($1c),y                 ; 0x1c <__rc12>
     ae6: 92 1c        	sta	($1c)                   ; 0x1c <__rc12>
     ae8: a9 ff        	lda	#$ff
     aea: c6 1b        	dec	$1b                     ; 0x1b <__rc11>
     aec: c5 1b        	cmp	$1b                     ; 0x1b <__rc11>
     aee: d0 01        	bne	$af1 <putchar+0x105>
     af0: ca           	dex
     af1: e6 1c        	inc	$1c                     ; 0x1c <__rc12>
     af3: d0 02        	bne	$af7 <putchar+0x10b>
     af5: e6 1d        	inc	$1d                     ; 0x1d <__rc13>
     af7: 8a           	txa
     af8: d0 ea        	bne	$ae4 <putchar+0xf8>
     afa: a5 1b        	lda	$1b                     ; 0x1b <__rc11>
     afc: d0 e6        	bne	$ae4 <putchar+0xf8>
     afe: a2 02        	ldx	#$2
     b00: 86 01        	stx	$1                      ; 0x1 <__zp_data_size+0x1>
     b02: a2 09        	ldx	#$9
     b04: a9 10        	lda	#$10
     b06: 5a           	phy
     b07: a0 00        	ldy	#$0
     b09: 84 1c        	sty	$1c                     ; 0x1c <__rc12>
     b0b: a0 c0        	ldy	#$c0
     b0d: 84 1d        	sty	$1d                     ; 0x1d <__rc13>
     b0f: 7a           	ply
     b10: 85 1b        	sta	$1b                     ; 0x1b <__rc11>
     b12: b1 1c        	lda	($1c),y                 ; 0x1c <__rc12>
     b14: 92 1c        	sta	($1c)                   ; 0x1c <__rc12>
     b16: a9 ff        	lda	#$ff
     b18: c6 1b        	dec	$1b                     ; 0x1b <__rc11>
     b1a: c5 1b        	cmp	$1b                     ; 0x1b <__rc11>
     b1c: d0 01        	bne	$b1f <putchar+0x133>
     b1e: ca           	dex
     b1f: e6 1c        	inc	$1c                     ; 0x1c <__rc12>
     b21: d0 02        	bne	$b25 <putchar+0x139>
     b23: e6 1d        	inc	$1d                     ; 0x1d <__rc13>
     b25: 8a           	txa
     b26: d0 ea        	bne	$b12 <putchar+0x126>
     b28: a5 1b        	lda	$1b                     ; 0x1b <__rc11>
     b2a: d0 e6        	bne	$b12 <putchar+0x126>
     b2c: a2 50        	ldx	#$50
     b2e: 86 1b        	stx	$1b                     ; 0x1b <__rc11>
     b30: a2 02        	ldx	#$2
     b32: 86 01        	stx	$1                      ; 0x1 <__zp_data_size+0x1>
     b34: e8           	inx
     b35: 86 01        	stx	$1                      ; 0x1 <__zp_data_size+0x1>
     b37: a2 50        	ldx	#$50
     b39: a0 11        	ldy	#$11
     b3b: 84 1c        	sty	$1c                     ; 0x1c <__rc12>
     b3d: a0 c9        	ldy	#$c9
     b3f: 84 1d        	sty	$1d                     ; 0x1d <__rc13>
     b41: a0 10        	ldy	#$10
     b43: 84 1e        	sty	$1e                     ; 0x1e <__rc14>
     b45: a0 c9        	ldy	#$c9
     b47: 84 1f        	sty	$1f                     ; 0x1f <__rc15>
     b49: a5 3d        	lda	$3d                     ; 0x3d <__rc31+0xe>
     b4b: a4 1e        	ldy	$1e                     ; 0x1e <__rc14>
     b4d: 84 22        	sty	$22                     ; 0x22 <__rc18>
     b4f: a4 1f        	ldy	$1f                     ; 0x1f <__rc15>
     b51: 84 23        	sty	$23                     ; 0x23 <__rc19>
     b53: a4 1c        	ldy	$1c                     ; 0x1c <__rc12>
     b55: 84 1e        	sty	$1e                     ; 0x1e <__rc14>
     b57: a4 1d        	ldy	$1d                     ; 0x1d <__rc13>
     b59: 84 1f        	sty	$1f                     ; 0x1f <__rc15>
     b5b: 92 22        	sta	($22)                   ; 0x22 <__rc18>
     b5d: e6 1c        	inc	$1c                     ; 0x1c <__rc12>
     b5f: d0 02        	bne	$b63 <putchar+0x177>
     b61: e6 1d        	inc	$1d                     ; 0x1d <__rc13>
     b63: ca           	dex
     b64: d0 e5        	bne	$b4b <putchar+0x15f>
     b66: a2 f0        	ldx	#$f0
     b68: 86 3d        	stx	$3d                     ; 0x3d <__rc31+0xe>
     b6a: a2 02        	ldx	#$2
     b6c: 86 01        	stx	$1                      ; 0x1 <__zp_data_size+0x1>
     b6e: a2 50        	ldx	#$50
     b70: a0 11        	ldy	#$11
     b72: 84 1c        	sty	$1c                     ; 0x1c <__rc12>
     b74: a0 c9        	ldy	#$c9
     b76: 84 1d        	sty	$1d                     ; 0x1d <__rc13>
     b78: a0 10        	ldy	#$10
     b7a: 84 1e        	sty	$1e                     ; 0x1e <__rc14>
     b7c: a0 c9        	ldy	#$c9
     b7e: 84 1f        	sty	$1f                     ; 0x1f <__rc15>
     b80: a5 3e        	lda	$3e                     ; 0x3e <__rc31+0xf>
     b82: a4 1e        	ldy	$1e                     ; 0x1e <__rc14>
     b84: 84 22        	sty	$22                     ; 0x22 <__rc18>
     b86: a4 1f        	ldy	$1f                     ; 0x1f <__rc15>
     b88: 84 23        	sty	$23                     ; 0x23 <__rc19>
     b8a: a4 1c        	ldy	$1c                     ; 0x1c <__rc12>
     b8c: 84 1e        	sty	$1e                     ; 0x1e <__rc14>
     b8e: a4 1d        	ldy	$1d                     ; 0x1d <__rc13>
     b90: 84 1f        	sty	$1f                     ; 0x1f <__rc15>
     b92: 92 22        	sta	($22)                   ; 0x22 <__rc18>
     b94: e6 1c        	inc	$1c                     ; 0x1c <__rc12>
     b96: d0 02        	bne	$b9a <putchar+0x1ae>
     b98: e6 1d        	inc	$1d                     ; 0x1d <__rc13>
     b9a: ca           	dex
     b9b: d0 e5        	bne	$b82 <putchar+0x196>
     b9d: a2 20        	ldx	#$20
     b9f: 86 3e        	stx	$3e                     ; 0x3e <__rc31+0xf>
     ba1: c6 31        	dec	$31                     ; 0x31 <_row>
     ba3: 9c 08 de     	stz	$de08                   ; 0xde08 <sixpack_end+0x3261>
     ba6: a2 c0        	ldx	#$c0
     ba8: 8e 09 de     	stx	$de09                   ; 0xde09 <sixpack_end+0x3262>
     bab: 9c 0a de     	stz	$de0a                   ; 0xde0a <sixpack_end+0x3263>
     bae: 9c 0b de     	stz	$de0b                   ; 0xde0b <sixpack_end+0x3264>
     bb1: a2 1d        	ldx	#$1d
     bb3: 8e 0c de     	stx	$de0c                   ; 0xde0c <sixpack_end+0x3265>
     bb6: 9c 0d de     	stz	$de0d                   ; 0xde0d <sixpack_end+0x3266>
     bb9: 9c 0e de     	stz	$de0e                   ; 0xde0e <sixpack_end+0x3267>
     bbc: 9c 0f de     	stz	$de0f                   ; 0xde0f <sixpack_end+0x3268>
     bbf: ae 18 de     	ldx	$de18                   ; 0xde18 <sixpack_end+0x3271>
     bc2: ac 19 de     	ldy	$de19                   ; 0xde19 <sixpack_end+0x3272>
     bc5: ad 1a de     	lda	$de1a                   ; 0xde1a <sixpack_end+0x3273>
     bc8: ad 1b de     	lda	$de1b                   ; 0xde1b <sixpack_end+0x3274>
     bcb: 86 1c        	stx	$1c                     ; 0x1c <__rc12>
     bcd: 84 1d        	sty	$1d                     ; 0x1d <__rc13>
     bcf: a4 1b        	ldy	$1b                     ; 0x1b <__rc11>
     bd1: 4c 7b 0a     	jmp	$a7b <putchar+0x8f>
     bd4: a6 3c        	ldx	$3c                     ; 0x3c <__rc31+0xd>
     bd6: 86 01        	stx	$1                      ; 0x1 <__zp_data_size+0x1>
     bd8: a6 30        	ldx	$30                     ; 0x30 <_col>
     bda: a4 31        	ldy	$31                     ; 0x31 <_row>
     bdc: 8e 14 d0     	stx	$d014                   ; 0xd014 <sixpack_end+0x246d>
     bdf: 9c 15 d0     	stz	$d015                   ; 0xd015 <sixpack_end+0x246e>
     be2: 84 31        	sty	$31                     ; 0x31 <_row>
     be4: 8c 16 d0     	sty	$d016                   ; 0xd016 <sixpack_end+0x246f>
     be7: 9c 17 d0     	stz	$d017                   ; 0xd017 <sixpack_end+0x2470>
     bea: a6 12        	ldx	$12                     ; 0x12 <__rc2>
     bec: a5 3b        	lda	$3b                     ; 0x3b <__rc31+0xc>
     bee: 60           	rts

00000bef <__memset>:
     bef: a4 14        	ldy	$14                     ; 0x14 <__rc4>
     bf1: d0 04        	bne	$bf7 <__memset+0x8>
     bf3: e0 00        	cpx	#$0
     bf5: f0 17        	beq	$c0e <__memset+0x1f>
     bf7: 92 12        	sta	($12)                   ; 0x12 <__rc2>
     bf9: e6 12        	inc	$12                     ; 0x12 <__rc2>
     bfb: d0 02        	bne	$bff <__memset+0x10>
     bfd: e6 13        	inc	$13                     ; 0x13 <__rc3>
     bff: ca           	dex
     c00: e0 ff        	cpx	#$ff
     c02: d0 02        	bne	$c06 <__memset+0x17>
     c04: c6 14        	dec	$14                     ; 0x14 <__rc4>
     c06: a4 14        	ldy	$14                     ; 0x14 <__rc4>
     c08: d0 ed        	bne	$bf7 <__memset+0x8>
     c0a: e0 00        	cpx	#$0
     c0c: d0 e9        	bne	$bf7 <__memset+0x8>
     c0e: 60           	rts
