
textScroll.elf:	file format elf32-mos

SYMBOL TABLE:
00000000 l    df *ABS*	00000000 zero-bss.c
00000000 l    df *ABS*	00000000 zero-zp-bss.c
00000000 l    df *ABS*	00000000 ld-temp.o
0000033b l     F .text	00000395 f256Init
00000030 l     O .zp.bss	00000007 kernelEventData
00000ae0 l     O .rodata	00000030 textColors
00000037 l     O .zp.bss	00000001 _col
00000038 l     O .zp.bss	00000001 _row
00000d10 l     O .bss	00000001 kernelError
000006d6 l     F .text	0000020d f256main
0000003b l     O .zp.bss	00000001 scrollTextTimer.1
00000d11 l     O .bss	00001770 wholeMap
00000039 l     O .zp.bss	00000002 __putchar.s
000008e3 l     F .text	000001d8 textPrint
00000b10 l     O .rodata	00000200 SIN
00000014 g       *ABS*	00000000 __rc4
00000012 g       *ABS*	00000000 __rc2
000006d0 g     F .text	00000006 main
00000311 g       .text	00000000 __after_main
00000300 g       .text	00000000 __do_init_stack
00000308 g       .text	00000000 __do_zero_bss
00000315 g     F .text	00000013 __zero_bss
0000030b g       .text	00000000 __do_zero_zp_bss
00000328 g     F .text	00000013 __zero_zp_bss
00000abb g     F .text	00000005 exit
00000314 g       .text	00000000 _fini
00000ac0  w    F .text	00000020 __memset
00001000  w      *ABS*	00000000 __heap_default_limit
00002482 g       .noinit	00000000 __heap_start
00000010 g       *ABS*	00000000 __rc0
00000016 g       *ABS*	00000000 __rc6
00000018 g       *ABS*	00000000 __rc8
0000001a g       *ABS*	00000000 __rc10
0000001c g       *ABS*	00000000 __rc12
0000001e g       *ABS*	00000000 __rc14
00000020 g       *ABS*	00000000 __rc16
00000022 g       *ABS*	00000000 __rc18
00000024 g       *ABS*	00000000 __rc20
00000026 g       *ABS*	00000000 __rc22
00000028 g       *ABS*	00000000 __rc24
0000002a g       *ABS*	00000000 __rc26
0000002c g       *ABS*	00000000 __rc28
0000002e g       *ABS*	00000000 __rc30
0000002f g       *ABS*	00000000 __rc31
00000300 g       *ABS*	00000000 __f256_start
0000a000 g       *ABS*	00000000 __stack
0000a000 g       *ABS*	00000000 __SLOT_ADDR
0800a000 g       *ABS*	00000000 __block8_lma
00002000 g       *ABS*	00000000 __BLOCK_SIZE
0900a000 g       *ABS*	00000000 __block9_lma
0a00a000 g       *ABS*	00000000 __block10_lma
0b00a000 g       *ABS*	00000000 __block11_lma
0c00a000 g       *ABS*	00000000 __block12_lma
0d00a000 g       *ABS*	00000000 __block13_lma
0e00a000 g       *ABS*	00000000 __block14_lma
0f00a000 g       *ABS*	00000000 __block15_lma
1000a000 g       *ABS*	00000000 __block16_lma
1100a000 g       *ABS*	00000000 __block17_lma
1200a000 g       *ABS*	00000000 __block18_lma
1300a000 g       *ABS*	00000000 __block19_lma
1400a000 g       *ABS*	00000000 __block20_lma
1500a000 g       *ABS*	00000000 __block21_lma
1600a000 g       *ABS*	00000000 __block22_lma
1700a000 g       *ABS*	00000000 __block23_lma
00000d10 g       .bss	00000000 __bss_start
00000300 g       .text	00000000 _start
0000002d g       *ABS*	00000000 __rc29
0000002b g       *ABS*	00000000 __rc27
00000029 g       *ABS*	00000000 __rc25
00000027 g       *ABS*	00000000 __rc23
00000025 g       *ABS*	00000000 __rc21
00000023 g       *ABS*	00000000 __rc19
00000021 g       *ABS*	00000000 __rc17
0000001f g       *ABS*	00000000 __rc15
0000001d g       *ABS*	00000000 __rc13
0000001b g       *ABS*	00000000 __rc11
00000019 g       *ABS*	00000000 __rc9
00000017 g       *ABS*	00000000 __rc7
00000015 g       *ABS*	00000000 __rc5
00000013 g       *ABS*	00000000 __rc3
00000011 g       *ABS*	00000000 __rc1
00000030 g       .zp.data	00000000 __zp_data_start
00000300 g       *ABS*	00000000 __zp_data_load_start
00000000 g       *ABS*	00000000 __zp_data_size
00000030 g       .zp.bss	00000000 __zp_bss_start
0000000c g       *ABS*	00000000 __zp_bss_size
00000300 g       .text	00000000 _init
00000ae0 g       .text	00000000 __init_array_start
00000ae0 g       .text	00000000 __init_array_end
00000ae0 g       .text	00000000 __fini_array_start
00000ae0 g       .text	00000000 __fini_array_end
00000d10 g       .data	00000000 __data_start
00000d10 g       .data	00000000 __data_end
00000d10 g       *ABS*	00000000 __data_load_start
00000000 g       *ABS*	00000000 __data_size
00002481 g       .bss	00000000 __bss_end
00001771 g       *ABS*	00000000 __bss_size
00002481 g       .noinit	00000000 end_block8
00002481 g       .noinit	00000000 end_block9
00002481 g       .noinit	00000000 end_block10
00002481 g       .noinit	00000000 end_block11
00002481 g       .noinit	00000000 end_block12
00002481 g       .noinit	00000000 end_block13
00002481 g       .noinit	00000000 end_block14
00002481 g       .noinit	00000000 end_block15
00002481 g       .noinit	00000000 end_block16
00002481 g       .noinit	00000000 end_block17
00002481 g       .noinit	00000000 end_block18
00002481 g       .noinit	00000000 end_block19
00002481 g       .noinit	00000000 end_block20
00002481 g       .noinit	00000000 end_block21
00002481 g       .noinit	00000000 end_block22
00002481 g       .noinit	00000000 end_block23

Disassembly of section .text:

00000300 <_start>:
     300: a9 00        	lda	#$0
     302: 85 10        	sta	$10                     ; 0x10 <__rc0>
     304: a9 a0        	lda	#$a0
     306: 85 11        	sta	$11                     ; 0x11 <__rc1>

00000308 <__do_zero_bss>:
     308: 20 15 03     	jsr	$315 <__zero_bss>

0000030b <__do_zero_zp_bss>:
     30b: 20 28 03     	jsr	$328 <__zero_zp_bss>
     30e: 20 d0 06     	jsr	$6d0 <main>

00000311 <__after_main>:
     311: 4c bb 0a     	jmp	$abb <exit>

00000314 <_fini>:
     314: 60           	rts

00000315 <__zero_bss>:
     315: a2 71        	ldx	#$71
     317: a0 17        	ldy	#$17
     319: a9 10        	lda	#$10
     31b: 85 12        	sta	$12                     ; 0x12 <__rc2>
     31d: a9 0d        	lda	#$d
     31f: 85 13        	sta	$13                     ; 0x13 <__rc3>
     321: a9 00        	lda	#$0
     323: 84 14        	sty	$14                     ; 0x14 <__rc4>
     325: 4c c0 0a     	jmp	$ac0 <__memset>

00000328 <__zero_zp_bss>:
     328: a2 0c        	ldx	#$c
     32a: a0 00        	ldy	#$0
     32c: a9 30        	lda	#$30
     32e: 85 12        	sta	$12                     ; 0x12 <__rc2>
     330: a9 00        	lda	#$0
     332: 85 13        	sta	$13                     ; 0x13 <__rc3>
     334: a9 00        	lda	#$0
     336: 84 14        	sty	$14                     ; 0x14 <__rc4>
     338: 4c c0 0a     	jmp	$ac0 <__memset>

0000033b <f256Init>:
     33b: 64 14        	stz	$14                     ; 0x14 <__rc4>
     33d: a2 00        	ldx	#$0
     33f: 86 12        	stx	$12                     ; 0x12 <__rc2>
     341: a2 c0        	ldx	#$c0
     343: 86 13        	stx	$13                     ; 0x13 <__rc3>
     345: 64 01        	stz	$1                      ; 0x1 <__zp_data_size+0x1>
     347: a2 3f        	ldx	#$3f
     349: 8e 00 d0     	stx	$d000                   ; 0xd000 <__heap_start+0xab7e>
     34c: a2 b3        	ldx	#$b3
     34e: 86 00        	stx	$0                      ; 0x0 <__zp_data_size>
     350: 64 08        	stz	$8                      ; 0x8 <__zp_data_size+0x8>
     352: a2 01        	ldx	#$1
     354: 86 09        	stx	$9                      ; 0x9 <__zp_data_size+0x9>
     356: e8           	inx
     357: 86 0a        	stx	$a                      ; 0xa <__zp_data_size+0xa>
     359: e8           	inx
     35a: 86 0b        	stx	$b                      ; 0xb <__zp_data_size+0xb>
     35c: e8           	inx
     35d: 86 0c        	stx	$c                      ; 0xc <__zp_bss_size>
     35f: e8           	inx
     360: 86 0d        	stx	$d                      ; 0xd <__zp_bss_size+0x1>
     362: a2 30        	ldx	#$30
     364: a0 00        	ldy	#$0
     366: 86 f0        	stx	$f0                     ; 0xf0 <__rc31+0xc1>
     368: 84 f1        	sty	$f1                     ; 0xf1 <__rc31+0xc2>
     36a: a2 00        	ldx	#$0
     36c: 86 18        	stx	$18                     ; 0x18 <__rc8>
     36e: ca           	dex
     36f: 86 19        	stx	$19                     ; 0x19 <__rc9>
     371: 8a           	txa
     372: 0a           	asl
     373: 0a           	asl
     374: 18           	clc
     375: 69 d4        	adc	#$d4
     377: 85 1a        	sta	$1a                     ; 0x1a <__rc10>
     379: a0 00        	ldy	#$0
     37b: 64 17        	stz	$17                     ; 0x17 <__rc7>
     37d: 64 16        	stz	$16                     ; 0x16 <__rc6>
     37f: a6 19        	ldx	$19                     ; 0x19 <__rc9>
     381: e0 03        	cpx	#$3
     383: a6 01        	ldx	$1                      ; 0x1 <__zp_data_size+0x1>
     385: 86 1c        	stx	$1c                     ; 0x1c <__rc12>
     387: a2 d0        	ldx	#$d0
     389: 84 1b        	sty	$1b                     ; 0x1b <__rc11>
     38b: b0 02        	bcs	$38f <f256Init+0x54>
     38d: a6 1a        	ldx	$1a                     ; 0x1a <__rc10>
     38f: 86 15        	stx	$15                     ; 0x15 <__rc5>
     391: a5 17        	lda	$17                     ; 0x17 <__rc7>
     393: 18           	clc
     394: 65 14        	adc	$14                     ; 0x14 <__rc4>
     396: a8           	tay
     397: a6 17        	ldx	$17                     ; 0x17 <__rc7>
     399: a5 16        	lda	$16                     ; 0x16 <__rc6>
     39b: 85 1d        	sta	$1d                     ; 0x1d <__rc13>
     39d: a5 16        	lda	$16                     ; 0x16 <__rc6>
     39f: 65 15        	adc	$15                     ; 0x15 <__rc5>
     3a1: 84 16        	sty	$16                     ; 0x16 <__rc6>
     3a3: a0 01        	ldy	#$1
     3a5: 84 01        	sty	$1                      ; 0x1 <__zp_data_size+0x1>
     3a7: 85 17        	sta	$17                     ; 0x17 <__rc7>
     3a9: a5 1b        	lda	$1b                     ; 0x1b <__rc11>
     3ab: 92 16        	sta	($16)                   ; 0x16 <__rc6>
     3ad: 91 16        	sta	($16),y                 ; 0x16 <__rc6>
     3af: c8           	iny
     3b0: 91 16        	sta	($16),y                 ; 0x16 <__rc6>
     3b2: 85 15        	sta	$15                     ; 0x15 <__rc5>
     3b4: c8           	iny
     3b5: a9 ff        	lda	#$ff
     3b7: 91 16        	sta	($16),y                 ; 0x16 <__rc6>
     3b9: 8a           	txa
     3ba: a6 1c        	ldx	$1c                     ; 0x1c <__rc12>
     3bc: 86 01        	stx	$1                      ; 0x1 <__zp_data_size+0x1>
     3be: 18           	clc
     3bf: 69 04        	adc	#$4
     3c1: 85 17        	sta	$17                     ; 0x17 <__rc7>
     3c3: a5 1d        	lda	$1d                     ; 0x1d <__rc13>
     3c5: 69 00        	adc	#$0
     3c7: e6 15        	inc	$15                     ; 0x15 <__rc5>
     3c9: a4 15        	ldy	$15                     ; 0x15 <__rc5>
     3cb: 85 16        	sta	$16                     ; 0x16 <__rc6>
     3cd: c9 04        	cmp	#$4
     3cf: f0 03        	beq	$3d4 <f256Init+0x99>
     3d1: 4c 7f 03     	jmp	$37f <f256Init+0x44>
     3d4: a5 17        	lda	$17                     ; 0x17 <__rc7>
     3d6: f0 03        	beq	$3db <f256Init+0xa0>
     3d8: 4c 7f 03     	jmp	$37f <f256Init+0x44>
     3db: a6 18        	ldx	$18                     ; 0x18 <__rc8>
     3dd: e8           	inx
     3de: e0 04        	cpx	#$4
     3e0: f0 03        	beq	$3e5 <f256Init+0xaa>
     3e2: 4c 6c 03     	jmp	$36c <f256Init+0x31>
     3e5: ad 02 d0     	lda	$d002                   ; 0xd002 <__heap_start+0xab80>
     3e8: 29 f0        	and	#$f0
     3ea: 8d 02 d0     	sta	$d002                   ; 0xd002 <__heap_start+0xab80>
     3ed: ad 02 d0     	lda	$d002                   ; 0xd002 <__heap_start+0xab80>
     3f0: 29 0f        	and	#$f
     3f2: 09 10        	ora	#$10
     3f4: 8d 02 d0     	sta	$d002                   ; 0xd002 <__heap_start+0xab80>
     3f7: a2 02        	ldx	#$2
     3f9: 8e 03 d0     	stx	$d003                   ; 0xd003 <__heap_start+0xab81>
     3fc: ad 01 d0     	lda	$d001                   ; 0xd001 <__heap_start+0xab7f>
     3ff: 29 f9        	and	#$f9
     401: 09 04        	ora	#$4
     403: 8d 01 d0     	sta	$d001                   ; 0xd001 <__heap_start+0xab7f>
     406: 64 14        	stz	$14                     ; 0x14 <__rc4>
     408: 9c 10 d0     	stz	$d010                   ; 0xd010 <__heap_start+0xab8e>
     40b: a2 00        	ldx	#$0
     40d: 64 15        	stz	$15                     ; 0x15 <__rc5>
     40f: 86 18        	stx	$18                     ; 0x18 <__rc8>
     411: a4 18        	ldy	$18                     ; 0x18 <__rc8>
     413: be e0 0a     	ldx	$ae0,y                  ; 0xae0 <textColors>
     416: 86 19        	stx	$19                     ; 0x19 <__rc9>
     418: be e1 0a     	ldx	$ae1,y                  ; 0xae1 <textColors+0x1>
     41b: 86 1a        	stx	$1a                     ; 0x1a <__rc10>
     41d: be e2 0a     	ldx	$ae2,y                  ; 0xae2 <textColors+0x2>
     420: 86 1b        	stx	$1b                     ; 0x1b <__rc11>
     422: a6 15        	ldx	$15                     ; 0x15 <__rc5>
     424: 8e 00 de     	stx	$de00                   ; 0xde00 <__heap_start+0xb97e>
     427: 86 17        	stx	$17                     ; 0x17 <__rc7>
     429: 9c 01 de     	stz	$de01                   ; 0xde01 <__heap_start+0xb97f>
     42c: a2 04        	ldx	#$4
     42e: 8e 02 de     	stx	$de02                   ; 0xde02 <__heap_start+0xb980>
     431: 86 1d        	stx	$1d                     ; 0x1d <__rc13>
     433: 9c 03 de     	stz	$de03                   ; 0xde03 <__heap_start+0xb981>
     436: ad 10 de     	lda	$de10                   ; 0xde10 <__heap_start+0xb98e>
     439: ac 11 de     	ldy	$de11                   ; 0xde11 <__heap_start+0xb98f>
     43c: 84 15        	sty	$15                     ; 0x15 <__rc5>
     43e: ac 12 de     	ldy	$de12                   ; 0xde12 <__heap_start+0xb990>
     441: ac 13 de     	ldy	$de13                   ; 0xde13 <__heap_start+0xb991>
     444: a2 00        	ldx	#$0
     446: 18           	clc
     447: 65 14        	adc	$14                     ; 0x14 <__rc4>
     449: a8           	tay
     44a: 86 1f        	stx	$1f                     ; 0x1f <__rc15>
     44c: a6 17        	ldx	$17                     ; 0x17 <__rc7>
     44e: a9 d8        	lda	#$d8
     450: 65 15        	adc	$15                     ; 0x15 <__rc5>
     452: 84 16        	sty	$16                     ; 0x16 <__rc6>
     454: 85 17        	sta	$17                     ; 0x17 <__rc7>
     456: a5 1b        	lda	$1b                     ; 0x1b <__rc11>
     458: 92 16        	sta	($16)                   ; 0x16 <__rc6>
     45a: a0 01        	ldy	#$1
     45c: a5 1a        	lda	$1a                     ; 0x1a <__rc10>
     45e: 91 16        	sta	($16),y                 ; 0x16 <__rc6>
     460: 84 1c        	sty	$1c                     ; 0x1c <__rc12>
     462: c8           	iny
     463: a5 19        	lda	$19                     ; 0x19 <__rc9>
     465: 91 16        	sta	($16),y                 ; 0x16 <__rc6>
     467: 84 1e        	sty	$1e                     ; 0x1e <__rc14>
     469: c8           	iny
     46a: a9 ff        	lda	#$ff
     46c: 91 16        	sta	($16),y                 ; 0x16 <__rc6>
     46e: 85 23        	sta	$23                     ; 0x23 <__rc19>
     470: 84 22        	sty	$22                     ; 0x22 <__rc18>
     472: 8e 00 de     	stx	$de00                   ; 0xde00 <__heap_start+0xb97e>
     475: 9c 01 de     	stz	$de01                   ; 0xde01 <__heap_start+0xb97f>
     478: a4 1d        	ldy	$1d                     ; 0x1d <__rc13>
     47a: 8c 02 de     	sty	$de02                   ; 0xde02 <__heap_start+0xb980>
     47d: 9c 03 de     	stz	$de03                   ; 0xde03 <__heap_start+0xb981>
     480: ad 10 de     	lda	$de10                   ; 0xde10 <__heap_start+0xb98e>
     483: 85 15        	sta	$15                     ; 0x15 <__rc5>
     485: ad 11 de     	lda	$de11                   ; 0xde11 <__heap_start+0xb98f>
     488: 85 16        	sta	$16                     ; 0x16 <__rc6>
     48a: a9 40        	lda	#$40
     48c: a4 1f        	ldy	$1f                     ; 0x1f <__rc15>
     48e: c0 01        	cpy	#$1
     490: 65 15        	adc	$15                     ; 0x15 <__rc5>
     492: a8           	tay
     493: a9 d8        	lda	#$d8
     495: 65 16        	adc	$16                     ; 0x16 <__rc6>
     497: 85 17        	sta	$17                     ; 0x17 <__rc7>
     499: 84 16        	sty	$16                     ; 0x16 <__rc6>
     49b: ad 12 de     	lda	$de12                   ; 0xde12 <__heap_start+0xb990>
     49e: ad 13 de     	lda	$de13                   ; 0xde13 <__heap_start+0xb991>
     4a1: a5 1b        	lda	$1b                     ; 0x1b <__rc11>
     4a3: 92 16        	sta	($16)                   ; 0x16 <__rc6>
     4a5: a5 1a        	lda	$1a                     ; 0x1a <__rc10>
     4a7: a4 1c        	ldy	$1c                     ; 0x1c <__rc12>
     4a9: 91 16        	sta	($16),y                 ; 0x16 <__rc6>
     4ab: a5 19        	lda	$19                     ; 0x19 <__rc9>
     4ad: a4 1e        	ldy	$1e                     ; 0x1e <__rc14>
     4af: 91 16        	sta	($16),y                 ; 0x16 <__rc6>
     4b1: a4 22        	ldy	$22                     ; 0x22 <__rc18>
     4b3: a5 23        	lda	$23                     ; 0x23 <__rc19>
     4b5: 91 16        	sta	($16),y                 ; 0x16 <__rc6>
     4b7: e8           	inx
     4b8: 86 15        	stx	$15                     ; 0x15 <__rc5>
     4ba: 18           	clc
     4bb: a5 18        	lda	$18                     ; 0x18 <__rc8>
     4bd: 69 03        	adc	#$3
     4bf: aa           	tax
     4c0: c9 30        	cmp	#$30
     4c2: f0 03        	beq	$4c7 <f256Init+0x18c>
     4c4: 4c 0f 04     	jmp	$40f <f256Init+0xd4>
     4c7: a6 01        	ldx	$1                      ; 0x1 <__zp_data_size+0x1>
     4c9: 86 18        	stx	$18                     ; 0x18 <__rc8>
     4cb: a2 50        	ldx	#$50
     4cd: 8e 00 de     	stx	$de00                   ; 0xde00 <__heap_start+0xb97e>
     4d0: 9c 01 de     	stz	$de01                   ; 0xde01 <__heap_start+0xb97f>
     4d3: a2 1e        	ldx	#$1e
     4d5: 8e 02 de     	stx	$de02                   ; 0xde02 <__heap_start+0xb980>
     4d8: 9c 03 de     	stz	$de03                   ; 0xde03 <__heap_start+0xb981>
     4db: ae 10 de     	ldx	$de10                   ; 0xde10 <__heap_start+0xb98e>
     4de: ac 11 de     	ldy	$de11                   ; 0xde11 <__heap_start+0xb98f>
     4e1: ad 12 de     	lda	$de12                   ; 0xde12 <__heap_start+0xb990>
     4e4: ad 13 de     	lda	$de13                   ; 0xde13 <__heap_start+0xb991>
     4e7: a9 02        	lda	#$2
     4e9: 85 01        	sta	$1                      ; 0x1 <__zp_data_size+0x1>
     4eb: e0 01        	cpx	#$1
     4ed: 98           	tya
     4ee: e9 00        	sbc	#$0
     4f0: 50 02        	bvc	$4f4 <f256Init+0x1b9>
     4f2: 49 80        	eor	#$80
     4f4: c9 00        	cmp	#$0
     4f6: 30 48        	bmi	$540 <f256Init+0x205>
     4f8: a9 20        	lda	#$20
     4fa: 86 19        	stx	$19                     ; 0x19 <__rc9>
     4fc: 86 14        	stx	$14                     ; 0x14 <__rc4>
     4fe: 84 15        	sty	$15                     ; 0x15 <__rc5>
     500: a2 00        	ldx	#$0
     502: 86 16        	stx	$16                     ; 0x16 <__rc6>
     504: a2 c0        	ldx	#$c0
     506: 86 17        	stx	$17                     ; 0x17 <__rc7>
     508: 92 16        	sta	($16)                   ; 0x16 <__rc6>
     50a: e6 16        	inc	$16                     ; 0x16 <__rc6>
     50c: d0 02        	bne	$510 <f256Init+0x1d5>
     50e: e6 17        	inc	$17                     ; 0x17 <__rc7>
     510: a2 ff        	ldx	#$ff
     512: c6 14        	dec	$14                     ; 0x14 <__rc4>
     514: e4 14        	cpx	$14                     ; 0x14 <__rc4>
     516: d0 02        	bne	$51a <f256Init+0x1df>
     518: c6 15        	dec	$15                     ; 0x15 <__rc5>
     51a: a6 15        	ldx	$15                     ; 0x15 <__rc5>
     51c: d0 ea        	bne	$508 <f256Init+0x1cd>
     51e: a6 14        	ldx	$14                     ; 0x14 <__rc4>
     520: d0 e6        	bne	$508 <f256Init+0x1cd>
     522: a2 03        	ldx	#$3
     524: 86 01        	stx	$1                      ; 0x1 <__zp_data_size+0x1>
     526: a6 19        	ldx	$19                     ; 0x19 <__rc9>
     528: a9 f0        	lda	#$f0
     52a: 92 12        	sta	($12)                   ; 0x12 <__rc2>
     52c: e6 12        	inc	$12                     ; 0x12 <__rc2>
     52e: d0 02        	bne	$532 <f256Init+0x1f7>
     530: e6 13        	inc	$13                     ; 0x13 <__rc3>
     532: ca           	dex
     533: e0 ff        	cpx	#$ff
     535: d0 01        	bne	$538 <f256Init+0x1fd>
     537: 88           	dey
     538: 98           	tya
     539: d0 ed        	bne	$528 <f256Init+0x1ed>
     53b: 8a           	txa
     53c: d0 ea        	bne	$528 <f256Init+0x1ed>
     53e: 80 04        	bra	$544 <f256Init+0x209>
     540: a2 03        	ldx	#$3
     542: 86 01        	stx	$1                      ; 0x1 <__zp_data_size+0x1>
     544: a6 18        	ldx	$18                     ; 0x18 <__rc8>
     546: 86 01        	stx	$1                      ; 0x1 <__zp_data_size+0x1>
     548: 64 37        	stz	$37                     ; 0x37 <_col>
     54a: 9c 14 d0     	stz	$d014                   ; 0xd014 <__heap_start+0xab92>
     54d: 9c 15 d0     	stz	$d015                   ; 0xd015 <__heap_start+0xab93>
     550: 64 38        	stz	$38                     ; 0x38 <_row>
     552: 9c 16 d0     	stz	$d016                   ; 0xd016 <__heap_start+0xab94>
     555: 9c 17 d0     	stz	$d017                   ; 0xd017 <__heap_start+0xab95>
     558: a2 40        	ldx	#$40
     55a: 8e 00 de     	stx	$de00                   ; 0xde00 <__heap_start+0xb97e>
     55d: a2 01        	ldx	#$1
     55f: 8e 01 de     	stx	$de01                   ; 0xde01 <__heap_start+0xb97f>
     562: a2 f0        	ldx	#$f0
     564: 8e 02 de     	stx	$de02                   ; 0xde02 <__heap_start+0xb980>
     567: 9c 03 de     	stz	$de03                   ; 0xde03 <__heap_start+0xb981>
     56a: ae 10 de     	ldx	$de10                   ; 0xde10 <__heap_start+0xb98e>
     56d: 86 17        	stx	$17                     ; 0x17 <__rc7>
     56f: ae 11 de     	ldx	$de11                   ; 0xde11 <__heap_start+0xb98f>
     572: 86 12        	stx	$12                     ; 0x12 <__rc2>
     574: ae 12 de     	ldx	$de12                   ; 0xde12 <__heap_start+0xb990>
     577: 86 13        	stx	$13                     ; 0x13 <__rc3>
     579: ae 13 de     	ldx	$de13                   ; 0xde13 <__heap_start+0xb991>
     57c: 86 14        	stx	$14                     ; 0x14 <__rc4>
     57e: a4 12        	ldy	$12                     ; 0x12 <__rc2>
     580: 84 15        	sty	$15                     ; 0x15 <__rc5>
     582: 06 15        	asl	$15                     ; 0x15 <__rc5>
     584: a5 13        	lda	$13                     ; 0x13 <__rc3>
     586: 2a           	rol
     587: 86 16        	stx	$16                     ; 0x16 <__rc6>
     589: 26 16        	rol	$16                     ; 0x16 <__rc6>
     58b: 06 15        	asl	$15                     ; 0x15 <__rc5>
     58d: 2a           	rol
     58e: 26 16        	rol	$16                     ; 0x16 <__rc6>
     590: 06 15        	asl	$15                     ; 0x15 <__rc5>
     592: 2a           	rol
     593: 26 16        	rol	$16                     ; 0x16 <__rc6>
     595: 85 15        	sta	$15                     ; 0x15 <__rc5>
     597: 8d 00 de     	sta	$de00                   ; 0xde00 <__heap_start+0xb97e>
     59a: a5 16        	lda	$16                     ; 0x16 <__rc6>
     59c: 8d 01 de     	sta	$de01                   ; 0xde01 <__heap_start+0xb97f>
     59f: 9c 02 de     	stz	$de02                   ; 0xde02 <__heap_start+0xb980>
     5a2: a2 20        	ldx	#$20
     5a4: 8e 03 de     	stx	$de03                   ; 0xde03 <__heap_start+0xb981>
     5a7: ae 10 de     	ldx	$de10                   ; 0xde10 <__heap_start+0xb98e>
     5aa: 86 16        	stx	$16                     ; 0x16 <__rc6>
     5ac: ae 11 de     	ldx	$de11                   ; 0xde11 <__heap_start+0xb98f>
     5af: 86 18        	stx	$18                     ; 0x18 <__rc8>
     5b1: ac 12 de     	ldy	$de12                   ; 0xde12 <__heap_start+0xb990>
     5b4: ae 13 de     	ldx	$de13                   ; 0xde13 <__heap_start+0xb991>
     5b7: e4 14        	cpx	$14                     ; 0x14 <__rc4>
     5b9: d0 14        	bne	$5cf <f256Init+0x294>
     5bb: c4 13        	cpy	$13                     ; 0x13 <__rc3>
     5bd: d0 10        	bne	$5cf <f256Init+0x294>
     5bf: a6 18        	ldx	$18                     ; 0x18 <__rc8>
     5c1: e4 12        	cpx	$12                     ; 0x12 <__rc2>
     5c3: d0 0a        	bne	$5cf <f256Init+0x294>
     5c5: a6 16        	ldx	$16                     ; 0x16 <__rc6>
     5c7: e4 17        	cpx	$17                     ; 0x17 <__rc7>
     5c9: d0 04        	bne	$5cf <f256Init+0x294>
     5cb: a6 15        	ldx	$15                     ; 0x15 <__rc5>
     5cd: 80 06        	bra	$5d5 <f256Init+0x29a>
     5cf: a6 15        	ldx	$15                     ; 0x15 <__rc5>
     5d1: e8           	inx
     5d2: d0 01        	bne	$5d5 <f256Init+0x29a>
     5d4: 1a           	inc
     5d5: 8e 00 de     	stx	$de00                   ; 0xde00 <__heap_start+0xb97e>
     5d8: 8d 01 de     	sta	$de01                   ; 0xde01 <__heap_start+0xb97f>
     5db: 9c 02 de     	stz	$de02                   ; 0xde02 <__heap_start+0xb980>
     5de: a2 20        	ldx	#$20
     5e0: 8e 03 de     	stx	$de03                   ; 0xde03 <__heap_start+0xb981>
     5e3: ae 10 de     	ldx	$de10                   ; 0xde10 <__heap_start+0xb98e>
     5e6: 86 12        	stx	$12                     ; 0x12 <__rc2>
     5e8: ae 11 de     	ldx	$de11                   ; 0xde11 <__heap_start+0xb98f>
     5eb: 86 13        	stx	$13                     ; 0x13 <__rc3>
     5ed: ae 12 de     	ldx	$de12                   ; 0xde12 <__heap_start+0xb990>
     5f0: 86 14        	stx	$14                     ; 0x14 <__rc4>
     5f2: a9 00        	lda	#$0
     5f4: 38           	sec
     5f5: e5 12        	sbc	$12                     ; 0x12 <__rc2>
     5f7: a8           	tay
     5f8: a9 00        	lda	#$0
     5fa: e5 13        	sbc	$13                     ; 0x13 <__rc3>
     5fc: 85 15        	sta	$15                     ; 0x15 <__rc5>
     5fe: a9 08        	lda	#$8
     600: e5 14        	sbc	$14                     ; 0x14 <__rc4>
     602: aa           	tax
     603: 98           	tya
     604: 84 17        	sty	$17                     ; 0x17 <__rc7>
     606: 38           	sec
     607: e5 12        	sbc	$12                     ; 0x12 <__rc2>
     609: 85 16        	sta	$16                     ; 0x16 <__rc6>
     60b: a5 15        	lda	$15                     ; 0x15 <__rc5>
     60d: e5 13        	sbc	$13                     ; 0x13 <__rc3>
     60f: 85 18        	sta	$18                     ; 0x18 <__rc8>
     611: 8a           	txa
     612: 86 19        	stx	$19                     ; 0x19 <__rc9>
     614: e5 14        	sbc	$14                     ; 0x14 <__rc4>
     616: a8           	tay
     617: 38           	sec
     618: a5 16        	lda	$16                     ; 0x16 <__rc6>
     61a: e5 12        	sbc	$12                     ; 0x12 <__rc2>
     61c: 85 12        	sta	$12                     ; 0x12 <__rc2>
     61e: a5 18        	lda	$18                     ; 0x18 <__rc8>
     620: e5 13        	sbc	$13                     ; 0x13 <__rc3>
     622: 85 13        	sta	$13                     ; 0x13 <__rc3>
     624: 98           	tya
     625: e5 14        	sbc	$14                     ; 0x14 <__rc4>
     627: ae 13 de     	ldx	$de13                   ; 0xde13 <__heap_start+0xb991>
     62a: a6 17        	ldx	$17                     ; 0x17 <__rc7>
     62c: 8e 01 d1     	stx	$d101                   ; 0xd101 <__heap_start+0xac7f>
     62f: a6 15        	ldx	$15                     ; 0x15 <__rc5>
     631: 8e 02 d1     	stx	$d102                   ; 0xd102 <__heap_start+0xac80>
     634: a6 19        	ldx	$19                     ; 0x19 <__rc9>
     636: 8e 03 d1     	stx	$d103                   ; 0xd103 <__heap_start+0xac81>
     639: a6 16        	ldx	$16                     ; 0x16 <__rc6>
     63b: 8e 09 d1     	stx	$d109                   ; 0xd109 <__heap_start+0xac87>
     63e: a6 18        	ldx	$18                     ; 0x18 <__rc8>
     640: 8e 0a d1     	stx	$d10a                   ; 0xd10a <__heap_start+0xac88>
     643: 8c 0b d1     	sty	$d10b                   ; 0xd10b <__heap_start+0xac89>
     646: a6 12        	ldx	$12                     ; 0x12 <__rc2>
     648: 8e 11 d1     	stx	$d111                   ; 0xd111 <__heap_start+0xac8f>
     64b: a6 13        	ldx	$13                     ; 0x13 <__rc3>
     64d: 8e 12 d1     	stx	$d112                   ; 0xd112 <__heap_start+0xac90>
     650: 8d 13 d1     	sta	$d113                   ; 0xd113 <__heap_start+0xac91>
     653: 9c 00 d1     	stz	$d100                   ; 0xd100 <__heap_start+0xac7e>
     656: 9c 08 d1     	stz	$d108                   ; 0xd108 <__heap_start+0xac86>
     659: 9c 10 d1     	stz	$d110                   ; 0xd110 <__heap_start+0xac8e>
     65c: a2 10        	ldx	#$10
     65e: 8e 00 d2     	stx	$d200                   ; 0xd200 <__heap_start+0xad7e>
     661: 8e 0c d2     	stx	$d20c                   ; 0xd20c <__heap_start+0xad8a>
     664: 8e 18 d2     	stx	$d218                   ; 0xd218 <__heap_start+0xad96>
     667: a0 d9        	ldy	#$d9
     669: a2 40        	ldx	#$40
     66b: 64 12        	stz	$12                     ; 0x12 <__rc2>
     66d: 84 13        	sty	$13                     ; 0x13 <__rc3>
     66f: a9 00        	lda	#$0
     671: 92 12        	sta	($12)                   ; 0x12 <__rc2>
     673: ca           	dex
     674: 18           	clc
     675: a5 12        	lda	$12                     ; 0x12 <__rc2>
     677: 69 08        	adc	#$8
     679: 85 12        	sta	$12                     ; 0x12 <__rc2>
     67b: 98           	tya
     67c: 69 00        	adc	#$0
     67e: a8           	tay
     67f: 8a           	txa
     680: d0 eb        	bne	$66d <f256Init+0x332>
     682: a2 3c        	ldx	#$3c
     684: a0 00        	ldy	#$0
     686: 86 fb        	stx	$fb                     ; 0xfb <__rc31+0xcc>
     688: 84 fc        	sty	$fc                     ; 0xfc <__rc31+0xcd>
     68a: a2 08        	ldx	#$8
     68c: 86 fd        	stx	$fd                     ; 0xfd <__rc31+0xce>
     68e: a2 44        	ldx	#$44
     690: a0 00        	ldy	#$0
     692: 86 12        	stx	$12                     ; 0x12 <__rc2>
     694: 84 13        	sty	$13                     ; 0x13 <__rc3>
     696: a2 10        	ldx	#$10
     698: 86 14        	stx	$14                     ; 0x14 <__rc4>
     69a: a2 0d        	ldx	#$d
     69c: 86 15        	stx	$15                     ; 0x15 <__rc5>
     69e: 20 dc ff     	jsr	$ffdc <__heap_start+0xdb5a>
     6a1: 92 12        	sta	($12)                   ; 0x12 <__rc2>
     6a3: a9 00        	lda	#$0
     6a5: 6a           	ror
     6a6: 85 14        	sta	$14                     ; 0x14 <__rc4>
     6a8: a6 42        	ldx	$42                     ; 0x42 <__rc31+0x13>
     6aa: a4 43        	ldy	$43                     ; 0x43 <__rc31+0x14>
     6ac: 8e 00 de     	stx	$de00                   ; 0xde00 <__heap_start+0xb97e>
     6af: 9c 01 de     	stz	$de01                   ; 0xde01 <__heap_start+0xb97f>
     6b2: 8c 02 de     	sty	$de02                   ; 0xde02 <__heap_start+0xb980>
     6b5: 9c 03 de     	stz	$de03                   ; 0xde03 <__heap_start+0xb981>
     6b8: ae 10 de     	ldx	$de10                   ; 0xde10 <__heap_start+0xb98e>
     6bb: ac 11 de     	ldy	$de11                   ; 0xde11 <__heap_start+0xb98f>
     6be: ad 12 de     	lda	$de12                   ; 0xde12 <__heap_start+0xb990>
     6c1: ad 13 de     	lda	$de13                   ; 0xde13 <__heap_start+0xb991>
     6c4: 8e a4 d6     	stx	$d6a4                   ; 0xd6a4 <__heap_start+0xb222>
     6c7: 8c a5 d6     	sty	$d6a5                   ; 0xd6a5 <__heap_start+0xb223>
     6ca: a2 03        	ldx	#$3
     6cc: 8e a6 d6     	stx	$d6a6                   ; 0xd6a6 <__heap_start+0xb224>
     6cf: 60           	rts

000006d0 <main>:
     6d0: 20 3b 03     	jsr	$33b <f256Init>
     6d3: 20 d6 06     	jsr	$6d6 <f256main>

000006d6 <f256main>:
     6d6: 64 01        	stz	$1                      ; 0x1 <__zp_data_size+0x1>
     6d8: a2 07        	ldx	#$7
     6da: 8e 00 d0     	stx	$d000                   ; 0xd000 <__heap_start+0xab7e>
     6dd: a2 10        	ldx	#$10
     6df: 8e 01 d0     	stx	$d001                   ; 0xd001 <__heap_start+0xab7f>
     6e2: 8e 02 d0     	stx	$d002                   ; 0xd002 <__heap_start+0xab80>
     6e5: 9c 0d d0     	stz	$d00d                   ; 0xd00d <__heap_start+0xab8b>
     6e8: 9c 0e d0     	stz	$d00e                   ; 0xd00e <__heap_start+0xab8c>
     6eb: 9c 0f d0     	stz	$d00f                   ; 0xd00f <__heap_start+0xab8d>
     6ee: 64 01        	stz	$1                      ; 0x1 <__zp_data_size+0x1>
     6f0: a0 01        	ldy	#$1
     6f2: 8c 04 d0     	sty	$d004                   ; 0xd004 <__heap_start+0xab82>
     6f5: 8e 08 d0     	stx	$d008                   ; 0xd008 <__heap_start+0xab86>
     6f8: 9c 09 d0     	stz	$d009                   ; 0xd009 <__heap_start+0xab87>
     6fb: 9c 00 d1     	stz	$d100                   ; 0xd100 <__heap_start+0xac7e>
     6fe: 9c 08 d1     	stz	$d108                   ; 0xd108 <__heap_start+0xac86>
     701: 9c 10 d1     	stz	$d110                   ; 0xd110 <__heap_start+0xac8e>
     704: a2 80        	ldx	#$80
     706: 86 f3        	stx	$f3                     ; 0xf3 <__rc31+0xc4>
     708: a2 3f        	ldx	#$3f
     70a: a9 00        	lda	#$0
     70c: 86 12        	stx	$12                     ; 0x12 <__rc2>
     70e: 85 13        	sta	$13                     ; 0x13 <__rc3>
     710: a2 10        	ldx	#$10
     712: 86 14        	stx	$14                     ; 0x14 <__rc4>
     714: a2 0d        	ldx	#$d
     716: 86 15        	stx	$15                     ; 0x15 <__rc5>
     718: 20 f0 ff     	jsr	$fff0 <__heap_start+0xdb6e>
     71b: 92 12        	sta	($12)                   ; 0x12 <__rc2>
     71d: a9 00        	lda	#$0
     71f: 6a           	ror
     720: 85 14        	sta	$14                     ; 0x14 <__rc4>
     722: a9 02        	lda	#$2
     724: 18           	clc
     725: 65 3f        	adc	$3f                     ; 0x3f <__rc31+0x10>
     727: 85 3b        	sta	$3b                     ; 0x3b <scrollTextTimer.1>
     729: 64 f3        	stz	$f3                     ; 0xf3 <__rc31+0xc4>
     72b: a6 3b        	ldx	$3b                     ; 0x3b <scrollTextTimer.1>
     72d: 86 f4        	stx	$f4                     ; 0xf4 <__rc31+0xc5>
     72f: 64 f5        	stz	$f5                     ; 0xf5 <__rc31+0xc6>
     731: a2 3e        	ldx	#$3e
     733: a9 00        	lda	#$0
     735: 86 12        	stx	$12                     ; 0x12 <__rc2>
     737: 85 13        	sta	$13                     ; 0x13 <__rc3>
     739: 20 f0 ff     	jsr	$fff0 <__heap_start+0xdb6e>
     73c: 92 12        	sta	($12)                   ; 0x12 <__rc2>
     73e: a9 00        	lda	#$0
     740: 6a           	ror
     741: 85 14        	sta	$14                     ; 0x14 <__rc4>
     743: 9c 14 d0     	stz	$d014                   ; 0xd014 <__heap_start+0xab92>
     746: 9c 15 d0     	stz	$d015                   ; 0xd015 <__heap_start+0xab93>
     749: 9c 16 d0     	stz	$d016                   ; 0xd016 <__heap_start+0xab94>
     74c: 9c 17 d0     	stz	$d017                   ; 0xd017 <__heap_start+0xab95>
     74f: a2 11        	ldx	#$11
     751: 86 12        	stx	$12                     ; 0x12 <__rc2>
     753: a2 0d        	ldx	#$d
     755: 86 13        	stx	$13                     ; 0x13 <__rc3>
     757: a2 00        	ldx	#$0
     759: 64 37        	stz	$37                     ; 0x37 <_col>
     75b: 9c 14 d0     	stz	$d014                   ; 0xd014 <__heap_start+0xab92>
     75e: 9c 15 d0     	stz	$d015                   ; 0xd015 <__heap_start+0xab93>
     761: 86 38        	stx	$38                     ; 0x38 <_row>
     763: 86 16        	stx	$16                     ; 0x16 <__rc6>
     765: 8e 16 d0     	stx	$d016                   ; 0xd016 <__heap_start+0xab94>
     768: 9c 17 d0     	stz	$d017                   ; 0xd017 <__heap_start+0xab95>
     76b: a2 64        	ldx	#$64
     76d: a5 12        	lda	$12                     ; 0x12 <__rc2>
     76f: 85 14        	sta	$14                     ; 0x14 <__rc4>
     771: a5 13        	lda	$13                     ; 0x13 <__rc3>
     773: 85 15        	sta	$15                     ; 0x15 <__rc5>
     775: 8c a6 d6     	sty	$d6a6                   ; 0xd6a6 <__heap_start+0xb224>
     778: ad a4 d6     	lda	$d6a4                   ; 0xd6a4 <__heap_start+0xb222>
     77b: ad a5 d6     	lda	$d6a5                   ; 0xd6a5 <__heap_start+0xb223>
     77e: 0a           	asl
     77f: 85 17        	sta	$17                     ; 0x17 <__rc7>
     781: a9 00        	lda	#$0
     783: 2a           	rol
     784: 06 17        	asl	$17                     ; 0x17 <__rc7>
     786: 2a           	rol
     787: 06 17        	asl	$17                     ; 0x17 <__rc7>
     789: 2a           	rol
     78a: 09 10        	ora	#$10
     78c: 92 14        	sta	($14)                   ; 0x14 <__rc4>
     78e: ca           	dex
     78f: a5 14        	lda	$14                     ; 0x14 <__rc4>
     791: 18           	clc
     792: 69 3c        	adc	#$3c
     794: 85 14        	sta	$14                     ; 0x14 <__rc4>
     796: a5 15        	lda	$15                     ; 0x15 <__rc5>
     798: 69 00        	adc	#$0
     79a: 85 15        	sta	$15                     ; 0x15 <__rc5>
     79c: 8a           	txa
     79d: d0 d6        	bne	$775 <f256main+0x9f>
     79f: a6 16        	ldx	$16                     ; 0x16 <__rc6>
     7a1: e8           	inx
     7a2: e6 12        	inc	$12                     ; 0x12 <__rc2>
     7a4: d0 02        	bne	$7a8 <f256main+0xd2>
     7a6: e6 13        	inc	$13                     ; 0x13 <__rc3>
     7a8: e0 3c        	cpx	#$3c
     7aa: d0 ad        	bne	$759 <f256main+0x83>
     7ac: 64 28        	stz	$28                     ; 0x28 <__rc24>
     7ae: a2 40        	ldx	#$40
     7b0: a0 00        	ldy	#$0
     7b2: 86 26        	stx	$26                     ; 0x26 <__rc22>
     7b4: 84 27        	sty	$27                     ; 0x27 <__rc23>
     7b6: a2 3d        	ldx	#$3d
     7b8: a0 00        	ldy	#$0
     7ba: 84 13        	sty	$13                     ; 0x13 <__rc3>
     7bc: 86 41        	stx	$41                     ; 0x41 <__rc31+0x12>
     7be: a6 13        	ldx	$13                     ; 0x13 <__rc3>
     7c0: 86 42        	stx	$42                     ; 0x42 <__rc31+0x13>
     7c2: a2 3c        	ldx	#$3c
     7c4: a0 00        	ldy	#$0
     7c6: 86 2a        	stx	$2a                     ; 0x2a <__rc26>
     7c8: 84 2b        	sty	$2b                     ; 0x2b <__rc27>
     7ca: 4c 7f 08     	jmp	$87f <f256main+0x1a9>
     7cd: a9 00        	lda	#$0
     7cf: 06 12        	asl	$12                     ; 0x12 <__rc2>
     7d1: 2a           	rol
     7d2: 06 12        	asl	$12                     ; 0x12 <__rc2>
     7d4: 2a           	rol
     7d5: 85 13        	sta	$13                     ; 0x13 <__rc3>
     7d7: a5 12        	lda	$12                     ; 0x12 <__rc2>
     7d9: 0a           	asl
     7da: a6 13        	ldx	$13                     ; 0x13 <__rc3>
     7dc: 86 14        	stx	$14                     ; 0x14 <__rc4>
     7de: 26 14        	rol	$14                     ; 0x14 <__rc4>
     7e0: 0a           	asl
     7e1: 26 14        	rol	$14                     ; 0x14 <__rc4>
     7e3: 0a           	asl
     7e4: 26 14        	rol	$14                     ; 0x14 <__rc4>
     7e6: 0a           	asl
     7e7: 26 14        	rol	$14                     ; 0x14 <__rc4>
     7e9: 38           	sec
     7ea: e5 12        	sbc	$12                     ; 0x12 <__rc2>
     7ec: 85 12        	sta	$12                     ; 0x12 <__rc2>
     7ee: a5 14        	lda	$14                     ; 0x14 <__rc4>
     7f0: e5 13        	sbc	$13                     ; 0x13 <__rc3>
     7f2: 85 13        	sta	$13                     ; 0x13 <__rc3>
     7f4: a9 69        	lda	#$69
     7f6: 18           	clc
     7f7: 65 12        	adc	$12                     ; 0x12 <__rc2>
     7f9: 85 2c        	sta	$2c                     ; 0x2c <__rc28>
     7fb: a9 0f        	lda	#$f
     7fd: 65 13        	adc	$13                     ; 0x13 <__rc3>
     7ff: 85 2d        	sta	$2d                     ; 0x2d <__rc29>
     801: a2 00        	ldx	#$0
     803: 64 37        	stz	$37                     ; 0x37 <_col>
     805: 9c 14 d0     	stz	$d014                   ; 0xd014 <__heap_start+0xab92>
     808: 9c 15 d0     	stz	$d015                   ; 0xd015 <__heap_start+0xab93>
     80b: 86 38        	stx	$38                     ; 0x38 <_row>
     80d: 86 25        	stx	$25                     ; 0x25 <__rc21>
     80f: 8e 16 d0     	stx	$d016                   ; 0xd016 <__heap_start+0xab94>
     812: 9c 17 d0     	stz	$d017                   ; 0xd017 <__heap_start+0xab95>
     815: a2 4f        	ldx	#$4f
     817: a4 2c        	ldy	$2c                     ; 0x2c <__rc28>
     819: 84 2e        	sty	$2e                     ; 0x2e <__rc30>
     81b: a4 2d        	ldy	$2d                     ; 0x2d <__rc29>
     81d: 84 2f        	sty	$2f                     ; 0x2f <__rc31>
     81f: b2 2e        	lda	($2e)                   ; 0x2e <__rc30>
     821: 85 39        	sta	$39                     ; 0x39 <__putchar.s>
     823: 86 24        	stx	$24                     ; 0x24 <__rc20>
     825: 20 e3 08     	jsr	$8e3 <textPrint>
     828: a6 24        	ldx	$24                     ; 0x24 <__rc20>
     82a: ca           	dex
     82b: a5 2e        	lda	$2e                     ; 0x2e <__rc30>
     82d: 18           	clc
     82e: 69 3c        	adc	#$3c
     830: 85 2e        	sta	$2e                     ; 0x2e <__rc30>
     832: a5 2f        	lda	$2f                     ; 0x2f <__rc31>
     834: 69 00        	adc	#$0
     836: 85 2f        	sta	$2f                     ; 0x2f <__rc31>
     838: 8a           	txa
     839: d0 e4        	bne	$81f <f256main+0x149>
     83b: a6 25        	ldx	$25                     ; 0x25 <__rc21>
     83d: e8           	inx
     83e: e6 2c        	inc	$2c                     ; 0x2c <__rc28>
     840: d0 02        	bne	$844 <f256main+0x16e>
     842: e6 2d        	inc	$2d                     ; 0x2d <__rc29>
     844: e0 3b        	cpx	#$3b
     846: d0 bb        	bne	$803 <f256main+0x12d>
     848: a2 80        	ldx	#$80
     84a: 86 f3        	stx	$f3                     ; 0xf3 <__rc31+0xc4>
     84c: a2 10        	ldx	#$10
     84e: 86 12        	stx	$12                     ; 0x12 <__rc2>
     850: a2 0d        	ldx	#$d
     852: 86 13        	stx	$13                     ; 0x13 <__rc3>
     854: a6 41        	ldx	$41                     ; 0x41 <__rc31+0x12>
     856: 86 14        	stx	$14                     ; 0x14 <__rc4>
     858: a6 42        	ldx	$42                     ; 0x42 <__rc31+0x13>
     85a: 86 15        	stx	$15                     ; 0x15 <__rc5>
     85c: 20 f0 ff     	jsr	$fff0 <__heap_start+0xdb6e>
     85f: 92 14        	sta	($14)                   ; 0x14 <__rc4>
     861: a9 00        	lda	#$0
     863: 6a           	ror
     864: 85 12        	sta	$12                     ; 0x12 <__rc2>
     866: a9 02        	lda	#$2
     868: 18           	clc
     869: 65 3d        	adc	$3d                     ; 0x3d <__rc31+0xe>
     86b: 85 3b        	sta	$3b                     ; 0x3b <scrollTextTimer.1>
     86d: 64 f3        	stz	$f3                     ; 0xf3 <__rc31+0xc4>
     86f: a6 3b        	ldx	$3b                     ; 0x3b <scrollTextTimer.1>
     871: 86 f4        	stx	$f4                     ; 0xf4 <__rc31+0xc5>
     873: 64 f5        	stz	$f5                     ; 0xf5 <__rc31+0xc6>
     875: 20 f0 ff     	jsr	$fff0 <__heap_start+0xdb6e>
     878: 92 2a        	sta	($2a)                   ; 0x2a <__rc26>
     87a: a9 00        	lda	#$0
     87c: 6a           	ror
     87d: 85 12        	sta	$12                     ; 0x12 <__rc2>
     87f: 64 30        	stz	$30                     ; 0x30 <kernelEventData>
     881: a2 10        	ldx	#$10
     883: 86 12        	stx	$12                     ; 0x12 <__rc2>
     885: a2 0d        	ldx	#$d
     887: 86 13        	stx	$13                     ; 0x13 <__rc3>
     889: 20 00 ff     	jsr	$ff00 <__heap_start+0xda7e>
     88c: 92 26        	sta	($26)                   ; 0x26 <__rc22>
     88e: a9 00        	lda	#$0
     890: 6a           	ror
     891: 85 12        	sta	$12                     ; 0x12 <__rc2>
     893: a6 30        	ldx	$30                     ; 0x30 <kernelEventData>
     895: e0 52        	cpx	#$52
     897: d0 e6        	bne	$87f <f256main+0x1a9>
     899: a6 34        	ldx	$34                     ; 0x34 <kernelEventData+0x4>
     89b: d0 e2        	bne	$87f <f256main+0x1a9>
     89d: e6 28        	inc	$28                     ; 0x28 <__rc24>
     89f: a5 28        	lda	$28                     ; 0x28 <__rc24>
     8a1: 0a           	asl
     8a2: 85 12        	sta	$12                     ; 0x12 <__rc2>
     8a4: a9 00        	lda	#$0
     8a6: 2a           	rol
     8a7: 85 13        	sta	$13                     ; 0x13 <__rc3>
     8a9: a9 10        	lda	#$10
     8ab: 18           	clc
     8ac: 65 12        	adc	$12                     ; 0x12 <__rc2>
     8ae: 85 14        	sta	$14                     ; 0x14 <__rc4>
     8b0: a9 0b        	lda	#$b
     8b2: 65 13        	adc	$13                     ; 0x13 <__rc3>
     8b4: 85 15        	sta	$15                     ; 0x15 <__rc5>
     8b6: b2 14        	lda	($14)                   ; 0x14 <__rc4>
     8b8: aa           	tax
     8b9: a0 01        	ldy	#$1
     8bb: b1 14        	lda	($14),y                 ; 0x14 <__rc4>
     8bd: 85 13        	sta	$13                     ; 0x13 <__rc3>
     8bf: a5 12        	lda	$12                     ; 0x12 <__rc2>
     8c1: 0a           	asl
     8c2: 0a           	asl
     8c3: 29 38        	and	#$38
     8c5: 09 01        	ora	#$1
     8c7: 8d 04 d0     	sta	$d004                   ; 0xd004 <__heap_start+0xab82>
     8ca: a5 13        	lda	$13                     ; 0x13 <__rc3>
     8cc: 4a           	lsr
     8cd: 85 12        	sta	$12                     ; 0x12 <__rc2>
     8cf: 8a           	txa
     8d0: 6a           	ror
     8d1: 46 12        	lsr	$12                     ; 0x12 <__rc2>
     8d3: 6a           	ror
     8d4: 46 12        	lsr	$12                     ; 0x12 <__rc2>
     8d6: 6a           	ror
     8d7: 85 12        	sta	$12                     ; 0x12 <__rc2>
     8d9: 30 03        	bmi	$8de <f256main+0x208>
     8db: 4c cd 07     	jmp	$7cd <f256main+0xf7>
     8de: a9 ff        	lda	#$ff
     8e0: 4c cf 07     	jmp	$7cf <f256main+0xf9>

000008e3 <textPrint>:
     8e3: a6 01        	ldx	$1                      ; 0x1 <__zp_data_size+0x1>
     8e5: 86 22        	stx	$22                     ; 0x22 <__rc18>
     8e7: a6 38        	ldx	$38                     ; 0x38 <_row>
     8e9: a0 50        	ldy	#$50
     8eb: 8c 00 de     	sty	$de00                   ; 0xde00 <__heap_start+0xb97e>
     8ee: 9c 01 de     	stz	$de01                   ; 0xde01 <__heap_start+0xb97f>
     8f1: 8e 02 de     	stx	$de02                   ; 0xde02 <__heap_start+0xb980>
     8f4: 9c 03 de     	stz	$de03                   ; 0xde03 <__heap_start+0xb981>
     8f7: ae 10 de     	ldx	$de10                   ; 0xde10 <__heap_start+0xb98e>
     8fa: ad 11 de     	lda	$de11                   ; 0xde11 <__heap_start+0xb98f>
     8fd: 85 13        	sta	$13                     ; 0x13 <__rc3>
     8ff: ad 12 de     	lda	$de12                   ; 0xde12 <__heap_start+0xb990>
     902: 85 1a        	sta	$1a                     ; 0x1a <__rc10>
     904: ad 13 de     	lda	$de13                   ; 0xde13 <__heap_start+0xb991>
     907: 85 1b        	sta	$1b                     ; 0x1b <__rc11>
     909: 9c 08 de     	stz	$de08                   ; 0xde08 <__heap_start+0xb986>
     90c: a9 c0        	lda	#$c0
     90e: 8d 09 de     	sta	$de09                   ; 0xde09 <__heap_start+0xb987>
     911: 9c 0a de     	stz	$de0a                   ; 0xde0a <__heap_start+0xb988>
     914: 9c 0b de     	stz	$de0b                   ; 0xde0b <__heap_start+0xb989>
     917: 8e 0c de     	stx	$de0c                   ; 0xde0c <__heap_start+0xb98a>
     91a: 64 12        	stz	$12                     ; 0x12 <__rc2>
     91c: a2 00        	ldx	#$0
     91e: 86 14        	stx	$14                     ; 0x14 <__rc4>
     920: a2 c0        	ldx	#$c0
     922: 86 15        	stx	$15                     ; 0x15 <__rc5>
     924: a2 11        	ldx	#$11
     926: 86 16        	stx	$16                     ; 0x16 <__rc6>
     928: a2 c9        	ldx	#$c9
     92a: 86 17        	stx	$17                     ; 0x17 <__rc7>
     92c: a2 10        	ldx	#$10
     92e: 86 18        	stx	$18                     ; 0x18 <__rc8>
     930: a2 c9        	ldx	#$c9
     932: 86 19        	stx	$19                     ; 0x19 <__rc9>
     934: a6 13        	ldx	$13                     ; 0x13 <__rc3>
     936: 8e 0d de     	stx	$de0d                   ; 0xde0d <__heap_start+0xb98b>
     939: a6 1a        	ldx	$1a                     ; 0x1a <__rc10>
     93b: 8e 0e de     	stx	$de0e                   ; 0xde0e <__heap_start+0xb98c>
     93e: a6 1b        	ldx	$1b                     ; 0x1b <__rc11>
     940: 8e 0f de     	stx	$de0f                   ; 0xde0f <__heap_start+0xb98d>
     943: ae 18 de     	ldx	$de18                   ; 0xde18 <__heap_start+0xb996>
     946: 86 1a        	stx	$1a                     ; 0x1a <__rc10>
     948: ad 19 de     	lda	$de19                   ; 0xde19 <__heap_start+0xb997>
     94b: ae 1a de     	ldx	$de1a                   ; 0xde1a <__heap_start+0xb998>
     94e: ae 1b de     	ldx	$de1b                   ; 0xde1b <__heap_start+0xb999>
     951: 85 1b        	sta	$1b                     ; 0x1b <__rc11>
     953: 64 13        	stz	$13                     ; 0x13 <__rc3>
     955: a2 f0        	ldx	#$f0
     957: 86 23        	stx	$23                     ; 0x23 <__rc19>
     959: a2 20        	ldx	#$20
     95b: 86 43        	stx	$43                     ; 0x43 <__rc31+0x14>
     95d: 80 13        	bra	$972 <textPrint+0x8f>
     95f: a5 1a        	lda	$1a                     ; 0x1a <__rc10>
     961: 18           	clc
     962: 69 50        	adc	#$50
     964: 85 1a        	sta	$1a                     ; 0x1a <__rc10>
     966: a5 1b        	lda	$1b                     ; 0x1b <__rc11>
     968: 69 00        	adc	#$0
     96a: 85 1b        	sta	$1b                     ; 0x1b <__rc11>
     96c: e6 12        	inc	$12                     ; 0x12 <__rc2>
     96e: d0 02        	bne	$972 <textPrint+0x8f>
     970: e6 13        	inc	$13                     ; 0x13 <__rc3>
     972: a9 39        	lda	#$39
     974: 18           	clc
     975: 65 12        	adc	$12                     ; 0x12 <__rc2>
     977: 85 1c        	sta	$1c                     ; 0x1c <__rc12>
     979: a9 00        	lda	#$0
     97b: 65 13        	adc	$13                     ; 0x13 <__rc3>
     97d: 85 1d        	sta	$1d                     ; 0x1d <__rc13>
     97f: b2 1c        	lda	($1c)                   ; 0x1c <__rc12>
     981: c9 0a        	cmp	#$a
     983: f0 2e        	beq	$9b3 <textPrint+0xd0>
     985: c9 0d        	cmp	#$d
     987: f0 2a        	beq	$9b3 <textPrint+0xd0>
     989: aa           	tax
     98a: d0 03        	bne	$98f <textPrint+0xac>
     98c: 4c a4 0a     	jmp	$aa4 <textPrint+0x1c1>
     98f: a2 03        	ldx	#$3
     991: 86 01        	stx	$1                      ; 0x1 <__zp_data_size+0x1>
     993: 84 1e        	sty	$1e                     ; 0x1e <__rc14>
     995: a4 37        	ldy	$37                     ; 0x37 <_col>
     997: a9 f0        	lda	#$f0
     999: aa           	tax
     99a: 86 23        	stx	$23                     ; 0x23 <__rc19>
     99c: 91 1a        	sta	($1a),y                 ; 0x1a <__rc10>
     99e: a2 02        	ldx	#$2
     9a0: 86 01        	stx	$1                      ; 0x1 <__zp_data_size+0x1>
     9a2: b2 1c        	lda	($1c)                   ; 0x1c <__rc12>
     9a4: a4 37        	ldy	$37                     ; 0x37 <_col>
     9a6: 91 1a        	sta	($1a),y                 ; 0x1a <__rc10>
     9a8: a4 1e        	ldy	$1e                     ; 0x1e <__rc14>
     9aa: a6 37        	ldx	$37                     ; 0x37 <_col>
     9ac: e8           	inx
     9ad: e6 37        	inc	$37                     ; 0x37 <_col>
     9af: e0 50        	cpx	#$50
     9b1: d0 b9        	bne	$96c <textPrint+0x89>
     9b3: 64 37        	stz	$37                     ; 0x37 <_col>
     9b5: a6 38        	ldx	$38                     ; 0x38 <_row>
     9b7: e8           	inx
     9b8: e6 38        	inc	$38                     ; 0x38 <_row>
     9ba: e0 1e        	cpx	#$1e
     9bc: f0 03        	beq	$9c1 <textPrint+0xde>
     9be: 4c 5f 09     	jmp	$95f <textPrint+0x7c>
     9c1: a0 50        	ldy	#$50
     9c3: a2 03        	ldx	#$3
     9c5: 86 01        	stx	$1                      ; 0x1 <__zp_data_size+0x1>
     9c7: a2 01        	ldx	#$1
     9c9: 86 1a        	stx	$1a                     ; 0x1a <__rc10>
     9cb: a2 09        	ldx	#$9
     9cd: a9 10        	lda	#$10
     9cf: 5a           	phy
     9d0: a0 00        	ldy	#$0
     9d2: 84 1c        	sty	$1c                     ; 0x1c <__rc12>
     9d4: a0 c0        	ldy	#$c0
     9d6: 84 1d        	sty	$1d                     ; 0x1d <__rc13>
     9d8: 7a           	ply
     9d9: 85 1b        	sta	$1b                     ; 0x1b <__rc11>
     9db: b1 1c        	lda	($1c),y                 ; 0x1c <__rc12>
     9dd: 92 1c        	sta	($1c)                   ; 0x1c <__rc12>
     9df: a9 ff        	lda	#$ff
     9e1: c6 1b        	dec	$1b                     ; 0x1b <__rc11>
     9e3: c5 1b        	cmp	$1b                     ; 0x1b <__rc11>
     9e5: d0 01        	bne	$9e8 <textPrint+0x105>
     9e7: ca           	dex
     9e8: e6 1c        	inc	$1c                     ; 0x1c <__rc12>
     9ea: d0 02        	bne	$9ee <textPrint+0x10b>
     9ec: e6 1d        	inc	$1d                     ; 0x1d <__rc13>
     9ee: 8a           	txa
     9ef: d0 ea        	bne	$9db <textPrint+0xf8>
     9f1: a5 1b        	lda	$1b                     ; 0x1b <__rc11>
     9f3: d0 e6        	bne	$9db <textPrint+0xf8>
     9f5: a0 50        	ldy	#$50
     9f7: a2 02        	ldx	#$2
     9f9: 86 01        	stx	$1                      ; 0x1 <__zp_data_size+0x1>
     9fb: a2 00        	ldx	#$0
     9fd: a5 1a        	lda	$1a                     ; 0x1a <__rc10>
     9ff: d0 c8        	bne	$9c9 <textPrint+0xe6>
     a01: a2 03        	ldx	#$3
     a03: 86 01        	stx	$1                      ; 0x1 <__zp_data_size+0x1>
     a05: a2 50        	ldx	#$50
     a07: a9 11        	lda	#$11
     a09: 85 1a        	sta	$1a                     ; 0x1a <__rc10>
     a0b: a9 c9        	lda	#$c9
     a0d: 85 1b        	sta	$1b                     ; 0x1b <__rc11>
     a0f: a9 10        	lda	#$10
     a11: 85 1c        	sta	$1c                     ; 0x1c <__rc12>
     a13: a9 c9        	lda	#$c9
     a15: 85 1d        	sta	$1d                     ; 0x1d <__rc13>
     a17: a5 23        	lda	$23                     ; 0x23 <__rc19>
     a19: 5a           	phy
     a1a: a4 1c        	ldy	$1c                     ; 0x1c <__rc12>
     a1c: 84 1e        	sty	$1e                     ; 0x1e <__rc14>
     a1e: a4 1d        	ldy	$1d                     ; 0x1d <__rc13>
     a20: 84 1f        	sty	$1f                     ; 0x1f <__rc15>
     a22: a4 1a        	ldy	$1a                     ; 0x1a <__rc10>
     a24: 84 1c        	sty	$1c                     ; 0x1c <__rc12>
     a26: a4 1b        	ldy	$1b                     ; 0x1b <__rc11>
     a28: 84 1d        	sty	$1d                     ; 0x1d <__rc13>
     a2a: 7a           	ply
     a2b: 92 1e        	sta	($1e)                   ; 0x1e <__rc14>
     a2d: e6 1a        	inc	$1a                     ; 0x1a <__rc10>
     a2f: d0 02        	bne	$a33 <textPrint+0x150>
     a31: e6 1b        	inc	$1b                     ; 0x1b <__rc11>
     a33: ca           	dex
     a34: d0 e3        	bne	$a19 <textPrint+0x136>
     a36: a2 f0        	ldx	#$f0
     a38: 86 23        	stx	$23                     ; 0x23 <__rc19>
     a3a: a2 02        	ldx	#$2
     a3c: 86 01        	stx	$1                      ; 0x1 <__zp_data_size+0x1>
     a3e: a2 50        	ldx	#$50
     a40: a9 11        	lda	#$11
     a42: 85 1a        	sta	$1a                     ; 0x1a <__rc10>
     a44: a9 c9        	lda	#$c9
     a46: 85 1b        	sta	$1b                     ; 0x1b <__rc11>
     a48: a9 10        	lda	#$10
     a4a: 85 1c        	sta	$1c                     ; 0x1c <__rc12>
     a4c: a9 c9        	lda	#$c9
     a4e: 85 1d        	sta	$1d                     ; 0x1d <__rc13>
     a50: a5 43        	lda	$43                     ; 0x43 <__rc31+0x14>
     a52: 5a           	phy
     a53: a4 1c        	ldy	$1c                     ; 0x1c <__rc12>
     a55: 84 1e        	sty	$1e                     ; 0x1e <__rc14>
     a57: a4 1d        	ldy	$1d                     ; 0x1d <__rc13>
     a59: 84 1f        	sty	$1f                     ; 0x1f <__rc15>
     a5b: a4 1a        	ldy	$1a                     ; 0x1a <__rc10>
     a5d: 84 1c        	sty	$1c                     ; 0x1c <__rc12>
     a5f: a4 1b        	ldy	$1b                     ; 0x1b <__rc11>
     a61: 84 1d        	sty	$1d                     ; 0x1d <__rc13>
     a63: 7a           	ply
     a64: 92 1e        	sta	($1e)                   ; 0x1e <__rc14>
     a66: e6 1a        	inc	$1a                     ; 0x1a <__rc10>
     a68: d0 02        	bne	$a6c <textPrint+0x189>
     a6a: e6 1b        	inc	$1b                     ; 0x1b <__rc11>
     a6c: ca           	dex
     a6d: d0 e3        	bne	$a52 <textPrint+0x16f>
     a6f: a2 20        	ldx	#$20
     a71: 86 43        	stx	$43                     ; 0x43 <__rc31+0x14>
     a73: c6 38        	dec	$38                     ; 0x38 <_row>
     a75: 9c 08 de     	stz	$de08                   ; 0xde08 <__heap_start+0xb986>
     a78: a2 c0        	ldx	#$c0
     a7a: 8e 09 de     	stx	$de09                   ; 0xde09 <__heap_start+0xb987>
     a7d: 9c 0a de     	stz	$de0a                   ; 0xde0a <__heap_start+0xb988>
     a80: 9c 0b de     	stz	$de0b                   ; 0xde0b <__heap_start+0xb989>
     a83: a2 1d        	ldx	#$1d
     a85: 8e 0c de     	stx	$de0c                   ; 0xde0c <__heap_start+0xb98a>
     a88: 9c 0d de     	stz	$de0d                   ; 0xde0d <__heap_start+0xb98b>
     a8b: 9c 0e de     	stz	$de0e                   ; 0xde0e <__heap_start+0xb98c>
     a8e: 9c 0f de     	stz	$de0f                   ; 0xde0f <__heap_start+0xb98d>
     a91: ae 18 de     	ldx	$de18                   ; 0xde18 <__heap_start+0xb996>
     a94: ad 19 de     	lda	$de19                   ; 0xde19 <__heap_start+0xb997>
     a97: 85 1b        	sta	$1b                     ; 0x1b <__rc11>
     a99: ad 1a de     	lda	$de1a                   ; 0xde1a <__heap_start+0xb998>
     a9c: ad 1b de     	lda	$de1b                   ; 0xde1b <__heap_start+0xb999>
     a9f: 86 1a        	stx	$1a                     ; 0x1a <__rc10>
     aa1: 4c 6c 09     	jmp	$96c <textPrint+0x89>
     aa4: a6 22        	ldx	$22                     ; 0x22 <__rc18>
     aa6: 86 01        	stx	$1                      ; 0x1 <__zp_data_size+0x1>
     aa8: a6 37        	ldx	$37                     ; 0x37 <_col>
     aaa: a4 38        	ldy	$38                     ; 0x38 <_row>
     aac: 8e 14 d0     	stx	$d014                   ; 0xd014 <__heap_start+0xab92>
     aaf: 9c 15 d0     	stz	$d015                   ; 0xd015 <__heap_start+0xab93>
     ab2: 84 38        	sty	$38                     ; 0x38 <_row>
     ab4: 8c 16 d0     	sty	$d016                   ; 0xd016 <__heap_start+0xab94>
     ab7: 9c 17 d0     	stz	$d017                   ; 0xd017 <__heap_start+0xab95>
     aba: 60           	rts

00000abb <exit>:
     abb: 20 14 03     	jsr	$314 <_fini>
     abe: 80 fe        	bra	$abe <exit+0x3>

00000ac0 <__memset>:
     ac0: a4 14        	ldy	$14                     ; 0x14 <__rc4>
     ac2: d0 04        	bne	$ac8 <__memset+0x8>
     ac4: e0 00        	cpx	#$0
     ac6: f0 17        	beq	$adf <__memset+0x1f>
     ac8: 92 12        	sta	($12)                   ; 0x12 <__rc2>
     aca: e6 12        	inc	$12                     ; 0x12 <__rc2>
     acc: d0 02        	bne	$ad0 <__memset+0x10>
     ace: e6 13        	inc	$13                     ; 0x13 <__rc3>
     ad0: ca           	dex
     ad1: e0 ff        	cpx	#$ff
     ad3: d0 02        	bne	$ad7 <__memset+0x17>
     ad5: c6 14        	dec	$14                     ; 0x14 <__rc4>
     ad7: a4 14        	ldy	$14                     ; 0x14 <__rc4>
     ad9: d0 ed        	bne	$ac8 <__memset+0x8>
     adb: e0 00        	cpx	#$0
     add: d0 e9        	bne	$ac8 <__memset+0x8>
     adf: 60           	rts
