
timer1.elf:	file format elf32-mos

SYMBOL TABLE:
00000000 l    df *ABS*	00000000 zero-bss.c
00000000 l    df *ABS*	00000000 zero-zp-bss.c
00000000 l    df *ABS*	00000000 copy-zp-data.c
00000000 l    df *ABS*	00000000 ld-temp.o
00000357 l     F .text	0000039d f256Init
000009ac l     O .bss	00000007 kernelEventData
00000030 l     O .zp.data	00000001 _ccolor
00000979 l     O .rodata	00000030 textColors
00000032 l     O .zp.bss	00000001 _col
00000033 l     O .zp.bss	00000001 _row
000009b3 l     O .bss	00000001 kernelError
000006fa l     F .text	00000060 f256main
00000031 l     O .zp.data	00000001 color
0000075a l     F .text	000001ce textPrint
000006f4 g     F .text	00000006 main
00000316 g       .text	00000000 __after_main
00000302 g       .text	00000000 __do_init_stack
00000310 g       .text	00000000 __do_copy_zp_data
00000340 g     F .text	00000017 __copy_zp_data
0000030a g       .text	00000000 __do_zero_bss
0000031a g     F .text	00000013 __zero_bss
0000030d g       .text	00000000 __do_zero_zp_bss
0000032d g     F .text	00000013 __zero_zp_bss
00000928 g     F .text	00000005 exit
00000319 g       .text	00000000 _fini
00000959  w    F .text	00000020 __memset
00001000  w      *ABS*	00000000 __heap_default_limit
000009b4 g       .noinit	00000000 __heap_start
0000092d  w    F .text	0000002c memcpy
00000010 g       *ABS*	00000000 __rc0
00000012 g       *ABS*	00000000 __rc2
00000014 g       *ABS*	00000000 __rc4
00000016 g       *ABS*	00000000 __rc6
00000018 g       *ABS*	00000000 __rc8
0000001a g       *ABS*	00000000 __rc10
0000001c g       *ABS*	00000000 __rc12
0000001e g       *ABS*	00000000 __rc14
00000020 g       *ABS*	00000000 __rc16
00000022 g       *ABS*	00000000 __rc18
00000024 g       *ABS*	00000000 __rc20
00000026 g       *ABS*	00000000 __rc22
00000028 g       *ABS*	00000000 __rc24
0000002a g       *ABS*	00000000 __rc26
0000002c g       *ABS*	00000000 __rc28
0000002e g       *ABS*	00000000 __rc30
0000002f g       *ABS*	00000000 __rc31
00000300 g       *ABS*	00000000 __f256_start
0000a000 g       *ABS*	00000000 __stack
0000a000 g       *ABS*	00000000 __SLOT_ADDR
0800a000 g       *ABS*	00000000 __block8_lma
00002000 g       *ABS*	00000000 __BLOCK_SIZE
0900a000 g       *ABS*	00000000 __block9_lma
0a00a000 g       *ABS*	00000000 __block10_lma
0b00a000 g       *ABS*	00000000 __block11_lma
0c00a000 g       *ABS*	00000000 __block12_lma
0d00a000 g       *ABS*	00000000 __block13_lma
0e00a000 g       *ABS*	00000000 __block14_lma
0f00a000 g       *ABS*	00000000 __block15_lma
1000a000 g       *ABS*	00000000 __block16_lma
1100a000 g       *ABS*	00000000 __block17_lma
1200a000 g       *ABS*	00000000 __block18_lma
1300a000 g       *ABS*	00000000 __block19_lma
1400a000 g       *ABS*	00000000 __block20_lma
1500a000 g       *ABS*	00000000 __block21_lma
1600a000 g       *ABS*	00000000 __block22_lma
1700a000 g       *ABS*	00000000 __block23_lma
000009ac g       .bss	00000000 __bss_start
00000302 g       .text	00000000 _start
0000002d g       *ABS*	00000000 __rc29
0000002b g       *ABS*	00000000 __rc27
00000029 g       *ABS*	00000000 __rc25
00000027 g       *ABS*	00000000 __rc23
00000025 g       *ABS*	00000000 __rc21
00000023 g       *ABS*	00000000 __rc19
00000021 g       *ABS*	00000000 __rc17
0000001f g       *ABS*	00000000 __rc15
0000001d g       *ABS*	00000000 __rc13
0000001b g       *ABS*	00000000 __rc11
00000019 g       *ABS*	00000000 __rc9
00000017 g       *ABS*	00000000 __rc7
00000015 g       *ABS*	00000000 __rc5
00000013 g       *ABS*	00000000 __rc3
00000011 g       *ABS*	00000000 __rc1
00000030 g       .zp.data	00000000 __zp_data_start
00000300 g       *ABS*	00000000 __zp_data_load_start
00000002 g       *ABS*	00000000 __zp_data_size
00000032 g       .zp.bss	00000000 __zp_bss_start
00000002 g       *ABS*	00000000 __zp_bss_size
00000302 g       .text	00000000 _init
00000979 g       .text	00000000 __init_array_start
00000979 g       .text	00000000 __init_array_end
00000979 g       .text	00000000 __fini_array_start
00000979 g       .text	00000000 __fini_array_end
000009ac g       .data	00000000 __data_start
000009ac g       .data	00000000 __data_end
000009ac g       *ABS*	00000000 __data_load_start
00000000 g       *ABS*	00000000 __data_size
000009b4 g       .bss	00000000 __bss_end
00000008 g       *ABS*	00000000 __bss_size
000009b4 g       .noinit	00000000 end_block8
000009b4 g       .noinit	00000000 end_block9
000009b4 g       .noinit	00000000 end_block10
000009b4 g       .noinit	00000000 end_block11
000009b4 g       .noinit	00000000 end_block12
000009b4 g       .noinit	00000000 end_block13
000009b4 g       .noinit	00000000 end_block14
000009b4 g       .noinit	00000000 end_block15
000009b4 g       .noinit	00000000 end_block16
000009b4 g       .noinit	00000000 end_block17
000009b4 g       .noinit	00000000 end_block18
000009b4 g       .noinit	00000000 end_block19
000009b4 g       .noinit	00000000 end_block20
000009b4 g       .noinit	00000000 end_block21
000009b4 g       .noinit	00000000 end_block22
000009b4 g       .noinit	00000000 end_block23

Disassembly of section .text:

00000302 <_start>:
     302: a9 00        	lda	#$0
     304: 85 10        	sta	$10                     ; 0x10 <__rc0>
     306: a9 a0        	lda	#$a0
     308: 85 11        	sta	$11                     ; 0x11 <__rc1>

0000030a <__do_zero_bss>:
     30a: 20 1a 03     	jsr	$31a <__zero_bss>

0000030d <__do_zero_zp_bss>:
     30d: 20 2d 03     	jsr	$32d <__zero_zp_bss>

00000310 <__do_copy_zp_data>:
     310: 20 40 03     	jsr	$340 <__copy_zp_data>
     313: 20 f4 06     	jsr	$6f4 <main>

00000316 <__after_main>:
     316: 4c 28 09     	jmp	$928 <exit>

00000319 <_fini>:
     319: 60           	rts

0000031a <__zero_bss>:
     31a: a2 08        	ldx	#$8
     31c: a0 00        	ldy	#$0
     31e: a9 ac        	lda	#$ac
     320: 85 12        	sta	$12                     ; 0x12 <__rc2>
     322: a9 09        	lda	#$9
     324: 85 13        	sta	$13                     ; 0x13 <__rc3>
     326: a9 00        	lda	#$0
     328: 84 14        	sty	$14                     ; 0x14 <__rc4>
     32a: 4c 59 09     	jmp	$959 <__memset>

0000032d <__zero_zp_bss>:
     32d: a2 02        	ldx	#$2
     32f: a0 00        	ldy	#$0
     331: a9 32        	lda	#$32
     333: 85 12        	sta	$12                     ; 0x12 <__rc2>
     335: a9 00        	lda	#$0
     337: 85 13        	sta	$13                     ; 0x13 <__rc3>
     339: a9 00        	lda	#$0
     33b: 84 14        	sty	$14                     ; 0x14 <__rc4>
     33d: 4c 59 09     	jmp	$959 <__memset>

00000340 <__copy_zp_data>:
     340: a9 02        	lda	#$2
     342: a2 00        	ldx	#$0
     344: a0 30        	ldy	#$30
     346: 84 12        	sty	$12                     ; 0x12 <__rc2>
     348: a0 00        	ldy	#$0
     34a: 84 13        	sty	$13                     ; 0x13 <__rc3>
     34c: a0 00        	ldy	#$0
     34e: 84 14        	sty	$14                     ; 0x14 <__rc4>
     350: a0 03        	ldy	#$3
     352: 84 15        	sty	$15                     ; 0x15 <__rc5>
     354: 4c 2d 09     	jmp	$92d <memcpy>

00000357 <f256Init>:
     357: 64 14        	stz	$14                     ; 0x14 <__rc4>
     359: a2 00        	ldx	#$0
     35b: 86 12        	stx	$12                     ; 0x12 <__rc2>
     35d: a2 c0        	ldx	#$c0
     35f: 86 13        	stx	$13                     ; 0x13 <__rc3>
     361: 64 01        	stz	$1                      ; 0x1 <__data_size+0x1>
     363: a2 3f        	ldx	#$3f
     365: 8e 00 d0     	stx	$d000                   ; 0xd000 <end_block9+0xc64c>
     368: a2 b3        	ldx	#$b3
     36a: 86 00        	stx	$0                      ; 0x0 <__data_size>
     36c: 64 08        	stz	$8                      ; 0x8 <__bss_size>
     36e: a2 01        	ldx	#$1
     370: 86 09        	stx	$9                      ; 0x9 <__bss_size+0x1>
     372: e8           	inx
     373: 86 0a        	stx	$a                      ; 0xa <__bss_size+0x2>
     375: e8           	inx
     376: 86 0b        	stx	$b                      ; 0xb <__bss_size+0x3>
     378: e8           	inx
     379: 86 0c        	stx	$c                      ; 0xc <__bss_size+0x4>
     37b: e8           	inx
     37c: 86 0d        	stx	$d                      ; 0xd <__bss_size+0x5>
     37e: a2 ac        	ldx	#$ac
     380: a0 09        	ldy	#$9
     382: 86 f0        	stx	$f0                     ; 0xf0 <__rc31+0xc1>
     384: 84 f1        	sty	$f1                     ; 0xf1 <__rc31+0xc2>
     386: a2 00        	ldx	#$0
     388: 86 18        	stx	$18                     ; 0x18 <__rc8>
     38a: ca           	dex
     38b: 86 19        	stx	$19                     ; 0x19 <__rc9>
     38d: 8a           	txa
     38e: 0a           	asl
     38f: 0a           	asl
     390: 18           	clc
     391: 69 d4        	adc	#$d4
     393: 85 1a        	sta	$1a                     ; 0x1a <__rc10>
     395: a0 00        	ldy	#$0
     397: 64 17        	stz	$17                     ; 0x17 <__rc7>
     399: 64 16        	stz	$16                     ; 0x16 <__rc6>
     39b: a6 19        	ldx	$19                     ; 0x19 <__rc9>
     39d: e0 03        	cpx	#$3
     39f: a6 01        	ldx	$1                      ; 0x1 <__data_size+0x1>
     3a1: 86 1c        	stx	$1c                     ; 0x1c <__rc12>
     3a3: a2 d0        	ldx	#$d0
     3a5: 84 1b        	sty	$1b                     ; 0x1b <__rc11>
     3a7: b0 02        	bcs	$3ab <f256Init+0x54>
     3a9: a6 1a        	ldx	$1a                     ; 0x1a <__rc10>
     3ab: 86 15        	stx	$15                     ; 0x15 <__rc5>
     3ad: a5 17        	lda	$17                     ; 0x17 <__rc7>
     3af: 18           	clc
     3b0: 65 14        	adc	$14                     ; 0x14 <__rc4>
     3b2: a8           	tay
     3b3: a6 17        	ldx	$17                     ; 0x17 <__rc7>
     3b5: a5 16        	lda	$16                     ; 0x16 <__rc6>
     3b7: 85 1d        	sta	$1d                     ; 0x1d <__rc13>
     3b9: a5 16        	lda	$16                     ; 0x16 <__rc6>
     3bb: 65 15        	adc	$15                     ; 0x15 <__rc5>
     3bd: 84 16        	sty	$16                     ; 0x16 <__rc6>
     3bf: a0 01        	ldy	#$1
     3c1: 84 01        	sty	$1                      ; 0x1 <__data_size+0x1>
     3c3: 85 17        	sta	$17                     ; 0x17 <__rc7>
     3c5: a5 1b        	lda	$1b                     ; 0x1b <__rc11>
     3c7: 92 16        	sta	($16)                   ; 0x16 <__rc6>
     3c9: 91 16        	sta	($16),y                 ; 0x16 <__rc6>
     3cb: c8           	iny
     3cc: 91 16        	sta	($16),y                 ; 0x16 <__rc6>
     3ce: 85 15        	sta	$15                     ; 0x15 <__rc5>
     3d0: c8           	iny
     3d1: a9 ff        	lda	#$ff
     3d3: 91 16        	sta	($16),y                 ; 0x16 <__rc6>
     3d5: 8a           	txa
     3d6: a6 1c        	ldx	$1c                     ; 0x1c <__rc12>
     3d8: 86 01        	stx	$1                      ; 0x1 <__data_size+0x1>
     3da: 18           	clc
     3db: 69 04        	adc	#$4
     3dd: 85 17        	sta	$17                     ; 0x17 <__rc7>
     3df: a5 1d        	lda	$1d                     ; 0x1d <__rc13>
     3e1: 69 00        	adc	#$0
     3e3: e6 15        	inc	$15                     ; 0x15 <__rc5>
     3e5: a4 15        	ldy	$15                     ; 0x15 <__rc5>
     3e7: 85 16        	sta	$16                     ; 0x16 <__rc6>
     3e9: c9 04        	cmp	#$4
     3eb: f0 03        	beq	$3f0 <f256Init+0x99>
     3ed: 4c 9b 03     	jmp	$39b <f256Init+0x44>
     3f0: a5 17        	lda	$17                     ; 0x17 <__rc7>
     3f2: f0 03        	beq	$3f7 <f256Init+0xa0>
     3f4: 4c 9b 03     	jmp	$39b <f256Init+0x44>
     3f7: a6 18        	ldx	$18                     ; 0x18 <__rc8>
     3f9: e8           	inx
     3fa: e0 04        	cpx	#$4
     3fc: f0 03        	beq	$401 <f256Init+0xaa>
     3fe: 4c 88 03     	jmp	$388 <f256Init+0x31>
     401: ad 02 d0     	lda	$d002                   ; 0xd002 <end_block9+0xc64e>
     404: a2 f0        	ldx	#$f0
     406: 29 f0        	and	#$f0
     408: 8d 02 d0     	sta	$d002                   ; 0xd002 <end_block9+0xc64e>
     40b: ad 02 d0     	lda	$d002                   ; 0xd002 <end_block9+0xc64e>
     40e: 29 0f        	and	#$f
     410: 09 10        	ora	#$10
     412: 8d 02 d0     	sta	$d002                   ; 0xd002 <end_block9+0xc64e>
     415: a0 02        	ldy	#$2
     417: 8c 03 d0     	sty	$d003                   ; 0xd003 <end_block9+0xc64f>
     41a: 86 30        	stx	$30                     ; 0x30 <_ccolor>
     41c: ad 01 d0     	lda	$d001                   ; 0xd001 <end_block9+0xc64d>
     41f: 29 f9        	and	#$f9
     421: 09 04        	ora	#$4
     423: 8d 01 d0     	sta	$d001                   ; 0xd001 <end_block9+0xc64d>
     426: 64 14        	stz	$14                     ; 0x14 <__rc4>
     428: 9c 10 d0     	stz	$d010                   ; 0xd010 <end_block9+0xc65c>
     42b: a2 00        	ldx	#$0
     42d: 64 15        	stz	$15                     ; 0x15 <__rc5>
     42f: 86 18        	stx	$18                     ; 0x18 <__rc8>
     431: a4 18        	ldy	$18                     ; 0x18 <__rc8>
     433: be 79 09     	ldx	$979,y                  ; 0x979 <textColors>
     436: 86 19        	stx	$19                     ; 0x19 <__rc9>
     438: be 7a 09     	ldx	$97a,y                  ; 0x97a <textColors+0x1>
     43b: 86 1a        	stx	$1a                     ; 0x1a <__rc10>
     43d: be 7b 09     	ldx	$97b,y                  ; 0x97b <textColors+0x2>
     440: 86 1b        	stx	$1b                     ; 0x1b <__rc11>
     442: a6 15        	ldx	$15                     ; 0x15 <__rc5>
     444: 8e 00 de     	stx	$de00                   ; 0xde00 <end_block9+0xd44c>
     447: 86 17        	stx	$17                     ; 0x17 <__rc7>
     449: 9c 01 de     	stz	$de01                   ; 0xde01 <end_block9+0xd44d>
     44c: a2 04        	ldx	#$4
     44e: 8e 02 de     	stx	$de02                   ; 0xde02 <end_block9+0xd44e>
     451: 86 1d        	stx	$1d                     ; 0x1d <__rc13>
     453: 9c 03 de     	stz	$de03                   ; 0xde03 <end_block9+0xd44f>
     456: ad 10 de     	lda	$de10                   ; 0xde10 <end_block9+0xd45c>
     459: ac 11 de     	ldy	$de11                   ; 0xde11 <end_block9+0xd45d>
     45c: 84 15        	sty	$15                     ; 0x15 <__rc5>
     45e: ac 12 de     	ldy	$de12                   ; 0xde12 <end_block9+0xd45e>
     461: ac 13 de     	ldy	$de13                   ; 0xde13 <end_block9+0xd45f>
     464: a2 00        	ldx	#$0
     466: 18           	clc
     467: 65 14        	adc	$14                     ; 0x14 <__rc4>
     469: a8           	tay
     46a: 86 1f        	stx	$1f                     ; 0x1f <__rc15>
     46c: a6 17        	ldx	$17                     ; 0x17 <__rc7>
     46e: a9 d8        	lda	#$d8
     470: 65 15        	adc	$15                     ; 0x15 <__rc5>
     472: 84 16        	sty	$16                     ; 0x16 <__rc6>
     474: 85 17        	sta	$17                     ; 0x17 <__rc7>
     476: a5 1b        	lda	$1b                     ; 0x1b <__rc11>
     478: 92 16        	sta	($16)                   ; 0x16 <__rc6>
     47a: a0 01        	ldy	#$1
     47c: a5 1a        	lda	$1a                     ; 0x1a <__rc10>
     47e: 91 16        	sta	($16),y                 ; 0x16 <__rc6>
     480: 84 1c        	sty	$1c                     ; 0x1c <__rc12>
     482: c8           	iny
     483: a5 19        	lda	$19                     ; 0x19 <__rc9>
     485: 91 16        	sta	($16),y                 ; 0x16 <__rc6>
     487: 84 1e        	sty	$1e                     ; 0x1e <__rc14>
     489: c8           	iny
     48a: a9 ff        	lda	#$ff
     48c: 91 16        	sta	($16),y                 ; 0x16 <__rc6>
     48e: 85 23        	sta	$23                     ; 0x23 <__rc19>
     490: 84 22        	sty	$22                     ; 0x22 <__rc18>
     492: 8e 00 de     	stx	$de00                   ; 0xde00 <end_block9+0xd44c>
     495: 9c 01 de     	stz	$de01                   ; 0xde01 <end_block9+0xd44d>
     498: a4 1d        	ldy	$1d                     ; 0x1d <__rc13>
     49a: 8c 02 de     	sty	$de02                   ; 0xde02 <end_block9+0xd44e>
     49d: 9c 03 de     	stz	$de03                   ; 0xde03 <end_block9+0xd44f>
     4a0: ad 10 de     	lda	$de10                   ; 0xde10 <end_block9+0xd45c>
     4a3: 85 15        	sta	$15                     ; 0x15 <__rc5>
     4a5: ad 11 de     	lda	$de11                   ; 0xde11 <end_block9+0xd45d>
     4a8: 85 16        	sta	$16                     ; 0x16 <__rc6>
     4aa: a9 40        	lda	#$40
     4ac: a4 1f        	ldy	$1f                     ; 0x1f <__rc15>
     4ae: c0 01        	cpy	#$1
     4b0: 65 15        	adc	$15                     ; 0x15 <__rc5>
     4b2: a8           	tay
     4b3: a9 d8        	lda	#$d8
     4b5: 65 16        	adc	$16                     ; 0x16 <__rc6>
     4b7: 85 17        	sta	$17                     ; 0x17 <__rc7>
     4b9: 84 16        	sty	$16                     ; 0x16 <__rc6>
     4bb: ad 12 de     	lda	$de12                   ; 0xde12 <end_block9+0xd45e>
     4be: ad 13 de     	lda	$de13                   ; 0xde13 <end_block9+0xd45f>
     4c1: a5 1b        	lda	$1b                     ; 0x1b <__rc11>
     4c3: 92 16        	sta	($16)                   ; 0x16 <__rc6>
     4c5: a5 1a        	lda	$1a                     ; 0x1a <__rc10>
     4c7: a4 1c        	ldy	$1c                     ; 0x1c <__rc12>
     4c9: 91 16        	sta	($16),y                 ; 0x16 <__rc6>
     4cb: a5 19        	lda	$19                     ; 0x19 <__rc9>
     4cd: a4 1e        	ldy	$1e                     ; 0x1e <__rc14>
     4cf: 91 16        	sta	($16),y                 ; 0x16 <__rc6>
     4d1: a4 22        	ldy	$22                     ; 0x22 <__rc18>
     4d3: a5 23        	lda	$23                     ; 0x23 <__rc19>
     4d5: 91 16        	sta	($16),y                 ; 0x16 <__rc6>
     4d7: e8           	inx
     4d8: 86 15        	stx	$15                     ; 0x15 <__rc5>
     4da: 18           	clc
     4db: a5 18        	lda	$18                     ; 0x18 <__rc8>
     4dd: 69 03        	adc	#$3
     4df: aa           	tax
     4e0: c9 30        	cmp	#$30
     4e2: f0 03        	beq	$4e7 <f256Init+0x190>
     4e4: 4c 2f 04     	jmp	$42f <f256Init+0xd8>
     4e7: a6 01        	ldx	$1                      ; 0x1 <__data_size+0x1>
     4e9: 86 18        	stx	$18                     ; 0x18 <__rc8>
     4eb: a2 50        	ldx	#$50
     4ed: 8e 00 de     	stx	$de00                   ; 0xde00 <end_block9+0xd44c>
     4f0: 9c 01 de     	stz	$de01                   ; 0xde01 <end_block9+0xd44d>
     4f3: a2 1e        	ldx	#$1e
     4f5: 8e 02 de     	stx	$de02                   ; 0xde02 <end_block9+0xd44e>
     4f8: 9c 03 de     	stz	$de03                   ; 0xde03 <end_block9+0xd44f>
     4fb: ae 10 de     	ldx	$de10                   ; 0xde10 <end_block9+0xd45c>
     4fe: ac 11 de     	ldy	$de11                   ; 0xde11 <end_block9+0xd45d>
     501: ad 12 de     	lda	$de12                   ; 0xde12 <end_block9+0xd45e>
     504: ad 13 de     	lda	$de13                   ; 0xde13 <end_block9+0xd45f>
     507: a9 02        	lda	#$2
     509: 85 01        	sta	$1                      ; 0x1 <__data_size+0x1>
     50b: e0 01        	cpx	#$1
     50d: 98           	tya
     50e: e9 00        	sbc	#$0
     510: 50 02        	bvc	$514 <f256Init+0x1bd>
     512: 49 80        	eor	#$80
     514: c9 00        	cmp	#$0
     516: 30 4c        	bmi	$564 <f256Init+0x20d>
     518: a9 20        	lda	#$20
     51a: 86 19        	stx	$19                     ; 0x19 <__rc9>
     51c: 86 14        	stx	$14                     ; 0x14 <__rc4>
     51e: 84 15        	sty	$15                     ; 0x15 <__rc5>
     520: a2 00        	ldx	#$0
     522: 86 16        	stx	$16                     ; 0x16 <__rc6>
     524: a2 c0        	ldx	#$c0
     526: 86 17        	stx	$17                     ; 0x17 <__rc7>
     528: 92 16        	sta	($16)                   ; 0x16 <__rc6>
     52a: e6 16        	inc	$16                     ; 0x16 <__rc6>
     52c: d0 02        	bne	$530 <f256Init+0x1d9>
     52e: e6 17        	inc	$17                     ; 0x17 <__rc7>
     530: a2 ff        	ldx	#$ff
     532: c6 14        	dec	$14                     ; 0x14 <__rc4>
     534: e4 14        	cpx	$14                     ; 0x14 <__rc4>
     536: d0 02        	bne	$53a <f256Init+0x1e3>
     538: c6 15        	dec	$15                     ; 0x15 <__rc5>
     53a: a6 15        	ldx	$15                     ; 0x15 <__rc5>
     53c: d0 ea        	bne	$528 <f256Init+0x1d1>
     53e: a6 14        	ldx	$14                     ; 0x14 <__rc4>
     540: d0 e6        	bne	$528 <f256Init+0x1d1>
     542: a2 03        	ldx	#$3
     544: 86 01        	stx	$1                      ; 0x1 <__data_size+0x1>
     546: a6 30        	ldx	$30                     ; 0x30 <_ccolor>
     548: 86 14        	stx	$14                     ; 0x14 <__rc4>
     54a: a6 19        	ldx	$19                     ; 0x19 <__rc9>
     54c: a5 14        	lda	$14                     ; 0x14 <__rc4>
     54e: 92 12        	sta	($12)                   ; 0x12 <__rc2>
     550: e6 12        	inc	$12                     ; 0x12 <__rc2>
     552: d0 02        	bne	$556 <f256Init+0x1ff>
     554: e6 13        	inc	$13                     ; 0x13 <__rc3>
     556: ca           	dex
     557: e0 ff        	cpx	#$ff
     559: d0 01        	bne	$55c <f256Init+0x205>
     55b: 88           	dey
     55c: 98           	tya
     55d: d0 ed        	bne	$54c <f256Init+0x1f5>
     55f: 8a           	txa
     560: d0 ea        	bne	$54c <f256Init+0x1f5>
     562: 80 04        	bra	$568 <f256Init+0x211>
     564: a2 03        	ldx	#$3
     566: 86 01        	stx	$1                      ; 0x1 <__data_size+0x1>
     568: a6 18        	ldx	$18                     ; 0x18 <__rc8>
     56a: 86 01        	stx	$1                      ; 0x1 <__data_size+0x1>
     56c: 64 32        	stz	$32                     ; 0x32 <_col>
     56e: 9c 14 d0     	stz	$d014                   ; 0xd014 <end_block9+0xc660>
     571: 9c 15 d0     	stz	$d015                   ; 0xd015 <end_block9+0xc661>
     574: 64 33        	stz	$33                     ; 0x33 <_row>
     576: 9c 16 d0     	stz	$d016                   ; 0xd016 <end_block9+0xc662>
     579: 9c 17 d0     	stz	$d017                   ; 0xd017 <end_block9+0xc663>
     57c: a2 40        	ldx	#$40
     57e: 8e 00 de     	stx	$de00                   ; 0xde00 <end_block9+0xd44c>
     581: a2 01        	ldx	#$1
     583: 8e 01 de     	stx	$de01                   ; 0xde01 <end_block9+0xd44d>
     586: a2 f0        	ldx	#$f0
     588: 8e 02 de     	stx	$de02                   ; 0xde02 <end_block9+0xd44e>
     58b: 9c 03 de     	stz	$de03                   ; 0xde03 <end_block9+0xd44f>
     58e: ae 10 de     	ldx	$de10                   ; 0xde10 <end_block9+0xd45c>
     591: 86 17        	stx	$17                     ; 0x17 <__rc7>
     593: ae 11 de     	ldx	$de11                   ; 0xde11 <end_block9+0xd45d>
     596: 86 12        	stx	$12                     ; 0x12 <__rc2>
     598: ae 12 de     	ldx	$de12                   ; 0xde12 <end_block9+0xd45e>
     59b: 86 13        	stx	$13                     ; 0x13 <__rc3>
     59d: ae 13 de     	ldx	$de13                   ; 0xde13 <end_block9+0xd45f>
     5a0: 86 14        	stx	$14                     ; 0x14 <__rc4>
     5a2: a4 12        	ldy	$12                     ; 0x12 <__rc2>
     5a4: 84 15        	sty	$15                     ; 0x15 <__rc5>
     5a6: 06 15        	asl	$15                     ; 0x15 <__rc5>
     5a8: a5 13        	lda	$13                     ; 0x13 <__rc3>
     5aa: 2a           	rol
     5ab: 86 16        	stx	$16                     ; 0x16 <__rc6>
     5ad: 26 16        	rol	$16                     ; 0x16 <__rc6>
     5af: 06 15        	asl	$15                     ; 0x15 <__rc5>
     5b1: 2a           	rol
     5b2: 26 16        	rol	$16                     ; 0x16 <__rc6>
     5b4: 06 15        	asl	$15                     ; 0x15 <__rc5>
     5b6: 2a           	rol
     5b7: 26 16        	rol	$16                     ; 0x16 <__rc6>
     5b9: 85 15        	sta	$15                     ; 0x15 <__rc5>
     5bb: 8d 00 de     	sta	$de00                   ; 0xde00 <end_block9+0xd44c>
     5be: a5 16        	lda	$16                     ; 0x16 <__rc6>
     5c0: 8d 01 de     	sta	$de01                   ; 0xde01 <end_block9+0xd44d>
     5c3: 9c 02 de     	stz	$de02                   ; 0xde02 <end_block9+0xd44e>
     5c6: a2 20        	ldx	#$20
     5c8: 8e 03 de     	stx	$de03                   ; 0xde03 <end_block9+0xd44f>
     5cb: ae 10 de     	ldx	$de10                   ; 0xde10 <end_block9+0xd45c>
     5ce: 86 16        	stx	$16                     ; 0x16 <__rc6>
     5d0: ae 11 de     	ldx	$de11                   ; 0xde11 <end_block9+0xd45d>
     5d3: 86 18        	stx	$18                     ; 0x18 <__rc8>
     5d5: ac 12 de     	ldy	$de12                   ; 0xde12 <end_block9+0xd45e>
     5d8: ae 13 de     	ldx	$de13                   ; 0xde13 <end_block9+0xd45f>
     5db: e4 14        	cpx	$14                     ; 0x14 <__rc4>
     5dd: d0 14        	bne	$5f3 <f256Init+0x29c>
     5df: c4 13        	cpy	$13                     ; 0x13 <__rc3>
     5e1: d0 10        	bne	$5f3 <f256Init+0x29c>
     5e3: a6 18        	ldx	$18                     ; 0x18 <__rc8>
     5e5: e4 12        	cpx	$12                     ; 0x12 <__rc2>
     5e7: d0 0a        	bne	$5f3 <f256Init+0x29c>
     5e9: a6 16        	ldx	$16                     ; 0x16 <__rc6>
     5eb: e4 17        	cpx	$17                     ; 0x17 <__rc7>
     5ed: d0 04        	bne	$5f3 <f256Init+0x29c>
     5ef: a6 15        	ldx	$15                     ; 0x15 <__rc5>
     5f1: 80 06        	bra	$5f9 <f256Init+0x2a2>
     5f3: a6 15        	ldx	$15                     ; 0x15 <__rc5>
     5f5: e8           	inx
     5f6: d0 01        	bne	$5f9 <f256Init+0x2a2>
     5f8: 1a           	inc
     5f9: 8e 00 de     	stx	$de00                   ; 0xde00 <end_block9+0xd44c>
     5fc: 8d 01 de     	sta	$de01                   ; 0xde01 <end_block9+0xd44d>
     5ff: 9c 02 de     	stz	$de02                   ; 0xde02 <end_block9+0xd44e>
     602: a2 20        	ldx	#$20
     604: 8e 03 de     	stx	$de03                   ; 0xde03 <end_block9+0xd44f>
     607: ae 10 de     	ldx	$de10                   ; 0xde10 <end_block9+0xd45c>
     60a: 86 12        	stx	$12                     ; 0x12 <__rc2>
     60c: ae 11 de     	ldx	$de11                   ; 0xde11 <end_block9+0xd45d>
     60f: 86 13        	stx	$13                     ; 0x13 <__rc3>
     611: ae 12 de     	ldx	$de12                   ; 0xde12 <end_block9+0xd45e>
     614: 86 14        	stx	$14                     ; 0x14 <__rc4>
     616: 38           	sec
     617: a9 00        	lda	#$0
     619: e5 12        	sbc	$12                     ; 0x12 <__rc2>
     61b: a8           	tay
     61c: a9 00        	lda	#$0
     61e: e5 13        	sbc	$13                     ; 0x13 <__rc3>
     620: 85 15        	sta	$15                     ; 0x15 <__rc5>
     622: a9 08        	lda	#$8
     624: e5 14        	sbc	$14                     ; 0x14 <__rc4>
     626: aa           	tax
     627: 38           	sec
     628: 98           	tya
     629: 84 17        	sty	$17                     ; 0x17 <__rc7>
     62b: e5 12        	sbc	$12                     ; 0x12 <__rc2>
     62d: 85 16        	sta	$16                     ; 0x16 <__rc6>
     62f: a5 15        	lda	$15                     ; 0x15 <__rc5>
     631: e5 13        	sbc	$13                     ; 0x13 <__rc3>
     633: 85 18        	sta	$18                     ; 0x18 <__rc8>
     635: 8a           	txa
     636: 86 19        	stx	$19                     ; 0x19 <__rc9>
     638: e5 14        	sbc	$14                     ; 0x14 <__rc4>
     63a: a8           	tay
     63b: 38           	sec
     63c: a5 16        	lda	$16                     ; 0x16 <__rc6>
     63e: e5 12        	sbc	$12                     ; 0x12 <__rc2>
     640: 85 12        	sta	$12                     ; 0x12 <__rc2>
     642: a5 18        	lda	$18                     ; 0x18 <__rc8>
     644: e5 13        	sbc	$13                     ; 0x13 <__rc3>
     646: 85 13        	sta	$13                     ; 0x13 <__rc3>
     648: 98           	tya
     649: e5 14        	sbc	$14                     ; 0x14 <__rc4>
     64b: ae 13 de     	ldx	$de13                   ; 0xde13 <end_block9+0xd45f>
     64e: a6 17        	ldx	$17                     ; 0x17 <__rc7>
     650: 8e 01 d1     	stx	$d101                   ; 0xd101 <end_block9+0xc74d>
     653: a6 15        	ldx	$15                     ; 0x15 <__rc5>
     655: 8e 02 d1     	stx	$d102                   ; 0xd102 <end_block9+0xc74e>
     658: a6 19        	ldx	$19                     ; 0x19 <__rc9>
     65a: 8e 03 d1     	stx	$d103                   ; 0xd103 <end_block9+0xc74f>
     65d: a6 16        	ldx	$16                     ; 0x16 <__rc6>
     65f: 8e 09 d1     	stx	$d109                   ; 0xd109 <end_block9+0xc755>
     662: a6 18        	ldx	$18                     ; 0x18 <__rc8>
     664: 8e 0a d1     	stx	$d10a                   ; 0xd10a <end_block9+0xc756>
     667: 8c 0b d1     	sty	$d10b                   ; 0xd10b <end_block9+0xc757>
     66a: a6 12        	ldx	$12                     ; 0x12 <__rc2>
     66c: 8e 11 d1     	stx	$d111                   ; 0xd111 <end_block9+0xc75d>
     66f: a6 13        	ldx	$13                     ; 0x13 <__rc3>
     671: 8e 12 d1     	stx	$d112                   ; 0xd112 <end_block9+0xc75e>
     674: 8d 13 d1     	sta	$d113                   ; 0xd113 <end_block9+0xc75f>
     677: 9c 00 d1     	stz	$d100                   ; 0xd100 <end_block9+0xc74c>
     67a: 9c 08 d1     	stz	$d108                   ; 0xd108 <end_block9+0xc754>
     67d: 9c 10 d1     	stz	$d110                   ; 0xd110 <end_block9+0xc75c>
     680: a2 10        	ldx	#$10
     682: 8e 00 d2     	stx	$d200                   ; 0xd200 <end_block9+0xc84c>
     685: 8e 0c d2     	stx	$d20c                   ; 0xd20c <end_block9+0xc858>
     688: 8e 18 d2     	stx	$d218                   ; 0xd218 <end_block9+0xc864>
     68b: a0 d9        	ldy	#$d9
     68d: a2 40        	ldx	#$40
     68f: 64 12        	stz	$12                     ; 0x12 <__rc2>
     691: 84 13        	sty	$13                     ; 0x13 <__rc3>
     693: a9 00        	lda	#$0
     695: 92 12        	sta	($12)                   ; 0x12 <__rc2>
     697: ca           	dex
     698: 18           	clc
     699: a5 12        	lda	$12                     ; 0x12 <__rc2>
     69b: 69 08        	adc	#$8
     69d: 85 12        	sta	$12                     ; 0x12 <__rc2>
     69f: 98           	tya
     6a0: 69 00        	adc	#$0
     6a2: a8           	tay
     6a3: 8a           	txa
     6a4: d0 eb        	bne	$691 <f256Init+0x33a>
     6a6: a2 34        	ldx	#$34
     6a8: a0 00        	ldy	#$0
     6aa: 86 fb        	stx	$fb                     ; 0xfb <__rc31+0xcc>
     6ac: 84 fc        	sty	$fc                     ; 0xfc <__rc31+0xcd>
     6ae: a2 08        	ldx	#$8
     6b0: 86 fd        	stx	$fd                     ; 0xfd <__rc31+0xce>
     6b2: a2 3c        	ldx	#$3c
     6b4: a0 00        	ldy	#$0
     6b6: 86 12        	stx	$12                     ; 0x12 <__rc2>
     6b8: 84 13        	sty	$13                     ; 0x13 <__rc3>
     6ba: a2 b3        	ldx	#$b3
     6bc: 86 14        	stx	$14                     ; 0x14 <__rc4>
     6be: a2 09        	ldx	#$9
     6c0: 86 15        	stx	$15                     ; 0x15 <__rc5>
     6c2: 20 dc ff     	jsr	$ffdc <end_block9+0xf628>
     6c5: 92 12        	sta	($12)                   ; 0x12 <__rc2>
     6c7: a9 00        	lda	#$0
     6c9: 6a           	ror
     6ca: 85 14        	sta	$14                     ; 0x14 <__rc4>
     6cc: a6 3a        	ldx	$3a                     ; 0x3a <__rc31+0xb>
     6ce: a4 3b        	ldy	$3b                     ; 0x3b <__rc31+0xc>
     6d0: 8e 00 de     	stx	$de00                   ; 0xde00 <end_block9+0xd44c>
     6d3: 9c 01 de     	stz	$de01                   ; 0xde01 <end_block9+0xd44d>
     6d6: 8c 02 de     	sty	$de02                   ; 0xde02 <end_block9+0xd44e>
     6d9: 9c 03 de     	stz	$de03                   ; 0xde03 <end_block9+0xd44f>
     6dc: ae 10 de     	ldx	$de10                   ; 0xde10 <end_block9+0xd45c>
     6df: ac 11 de     	ldy	$de11                   ; 0xde11 <end_block9+0xd45d>
     6e2: ad 12 de     	lda	$de12                   ; 0xde12 <end_block9+0xd45e>
     6e5: ad 13 de     	lda	$de13                   ; 0xde13 <end_block9+0xd45f>
     6e8: 8e a4 d6     	stx	$d6a4                   ; 0xd6a4 <end_block9+0xccf0>
     6eb: 8c a5 d6     	sty	$d6a5                   ; 0xd6a5 <end_block9+0xccf1>
     6ee: a2 03        	ldx	#$3
     6f0: 8e a6 d6     	stx	$d6a6                   ; 0xd6a6 <end_block9+0xccf2>
     6f3: 60           	rts

000006f4 <main>:
     6f4: 20 57 03     	jsr	$357 <f256Init>
     6f7: 20 fa 06     	jsr	$6fa <f256main>

000006fa <f256main>:
     6fa: 80 1d        	bra	$719 <f256main+0x1f>
     6fc: a0 00        	ldy	#$0
     6fe: 84 31        	sty	$31                     ; 0x31 <color>
     700: a0 b0        	ldy	#$b0
     702: 8a           	txa
     703: d0 02        	bne	$707 <f256main+0xd>
     705: a0 a0        	ldy	#$a0
     707: 84 30        	sty	$30                     ; 0x30 <_ccolor>
     709: a2 a9        	ldx	#$a9
     70b: 86 12        	stx	$12                     ; 0x12 <__rc2>
     70d: a2 09        	ldx	#$9
     70f: 86 13        	stx	$13                     ; 0x13 <__rc3>
     711: 20 5a 07     	jsr	$75a <textPrint>
     714: a2 20        	ldx	#$20
     716: 8e 60 d6     	stx	$d660                   ; 0xd660 <end_block9+0xccac>
     719: a2 02        	ldx	#$2
     71b: 8e 58 d6     	stx	$d658                   ; 0xd658 <end_block9+0xcca4>
     71e: a0 3f        	ldy	#$3f
     720: 8c 5d d6     	sty	$d65d                   ; 0xd65d <end_block9+0xcca9>
     723: 9c 5e d6     	stz	$d65e                   ; 0xd65e <end_block9+0xccaa>
     726: 9c 5f d6     	stz	$d65f                   ; 0xd65f <end_block9+0xccab>
     729: 9c 5c d6     	stz	$d65c                   ; 0xd65c <end_block9+0xcca8>
     72c: 8e 58 d6     	stx	$d658                   ; 0xd658 <end_block9+0xcca4>
     72f: a2 89        	ldx	#$89
     731: 8e 58 d6     	stx	$d658                   ; 0xd658 <end_block9+0xcca4>
     734: ad 60 d6     	lda	$d660                   ; 0xd660 <end_block9+0xccac>
     737: 29 20        	and	#$20
     739: f0 f9        	beq	$734 <f256main+0x3a>
     73b: a2 90        	ldx	#$90
     73d: 8e a1 dd     	stx	$dda1                   ; 0xdda1 <end_block9+0xd3ed>
     740: a2 39        	ldx	#$39
     742: 8e a1 dd     	stx	$dda1                   ; 0xdda1 <end_block9+0xd3ed>
     745: a2 4f        	ldx	#$4f
     747: 8e a1 dd     	stx	$dda1                   ; 0xdda1 <end_block9+0xd3ed>
     74a: a4 31        	ldy	$31                     ; 0x31 <color>
     74c: a2 01        	ldx	#$1
     74e: 98           	tya
     74f: f0 02        	beq	$753 <f256main+0x59>
     751: a2 00        	ldx	#$0
     753: 8a           	txa
     754: f0 a6        	beq	$6fc <f256main+0x2>
     756: a0 01        	ldy	#$1
     758: 80 a4        	bra	$6fe <f256main+0x4>

0000075a <textPrint>:
     75a: a6 01        	ldx	$1                      ; 0x1 <__data_size+0x1>
     75c: 86 34        	stx	$34                     ; 0x34 <__rc31+0x5>
     75e: a6 33        	ldx	$33                     ; 0x33 <_row>
     760: a0 50        	ldy	#$50
     762: 8c 00 de     	sty	$de00                   ; 0xde00 <end_block9+0xd44c>
     765: 9c 01 de     	stz	$de01                   ; 0xde01 <end_block9+0xd44d>
     768: 8e 02 de     	stx	$de02                   ; 0xde02 <end_block9+0xd44e>
     76b: 9c 03 de     	stz	$de03                   ; 0xde03 <end_block9+0xd44f>
     76e: ae 10 de     	ldx	$de10                   ; 0xde10 <end_block9+0xd45c>
     771: ad 11 de     	lda	$de11                   ; 0xde11 <end_block9+0xd45d>
     774: 85 15        	sta	$15                     ; 0x15 <__rc5>
     776: ad 12 de     	lda	$de12                   ; 0xde12 <end_block9+0xd45e>
     779: 85 1c        	sta	$1c                     ; 0x1c <__rc12>
     77b: ad 13 de     	lda	$de13                   ; 0xde13 <end_block9+0xd45f>
     77e: 85 1d        	sta	$1d                     ; 0x1d <__rc13>
     780: 9c 08 de     	stz	$de08                   ; 0xde08 <end_block9+0xd454>
     783: a9 c0        	lda	#$c0
     785: 8d 09 de     	sta	$de09                   ; 0xde09 <end_block9+0xd455>
     788: 9c 0a de     	stz	$de0a                   ; 0xde0a <end_block9+0xd456>
     78b: 9c 0b de     	stz	$de0b                   ; 0xde0b <end_block9+0xd457>
     78e: 8e 0c de     	stx	$de0c                   ; 0xde0c <end_block9+0xd458>
     791: 64 14        	stz	$14                     ; 0x14 <__rc4>
     793: a2 00        	ldx	#$0
     795: 86 16        	stx	$16                     ; 0x16 <__rc6>
     797: a2 c0        	ldx	#$c0
     799: 86 17        	stx	$17                     ; 0x17 <__rc7>
     79b: a2 11        	ldx	#$11
     79d: 86 18        	stx	$18                     ; 0x18 <__rc8>
     79f: a2 c9        	ldx	#$c9
     7a1: 86 19        	stx	$19                     ; 0x19 <__rc9>
     7a3: a2 10        	ldx	#$10
     7a5: 86 1a        	stx	$1a                     ; 0x1a <__rc10>
     7a7: a2 c9        	ldx	#$c9
     7a9: 86 1b        	stx	$1b                     ; 0x1b <__rc11>
     7ab: a6 15        	ldx	$15                     ; 0x15 <__rc5>
     7ad: 8e 0d de     	stx	$de0d                   ; 0xde0d <end_block9+0xd459>
     7b0: a6 1c        	ldx	$1c                     ; 0x1c <__rc12>
     7b2: 8e 0e de     	stx	$de0e                   ; 0xde0e <end_block9+0xd45a>
     7b5: a6 1d        	ldx	$1d                     ; 0x1d <__rc13>
     7b7: 8e 0f de     	stx	$de0f                   ; 0xde0f <end_block9+0xd45b>
     7ba: ae 18 de     	ldx	$de18                   ; 0xde18 <end_block9+0xd464>
     7bd: 86 1c        	stx	$1c                     ; 0x1c <__rc12>
     7bf: ad 19 de     	lda	$de19                   ; 0xde19 <end_block9+0xd465>
     7c2: ae 1a de     	ldx	$de1a                   ; 0xde1a <end_block9+0xd466>
     7c5: ae 1b de     	ldx	$de1b                   ; 0xde1b <end_block9+0xd467>
     7c8: 85 1d        	sta	$1d                     ; 0x1d <__rc13>
     7ca: 64 15        	stz	$15                     ; 0x15 <__rc5>
     7cc: a2 20        	ldx	#$20
     7ce: 86 36        	stx	$36                     ; 0x36 <__rc31+0x7>
     7d0: 80 13        	bra	$7e5 <textPrint+0x8b>
     7d2: a5 1c        	lda	$1c                     ; 0x1c <__rc12>
     7d4: 18           	clc
     7d5: 69 50        	adc	#$50
     7d7: 85 1c        	sta	$1c                     ; 0x1c <__rc12>
     7d9: a5 1d        	lda	$1d                     ; 0x1d <__rc13>
     7db: 69 00        	adc	#$0
     7dd: 85 1d        	sta	$1d                     ; 0x1d <__rc13>
     7df: e6 14        	inc	$14                     ; 0x14 <__rc4>
     7e1: d0 02        	bne	$7e5 <textPrint+0x8b>
     7e3: e6 15        	inc	$15                     ; 0x15 <__rc5>
     7e5: a5 12        	lda	$12                     ; 0x12 <__rc2>
     7e7: 18           	clc
     7e8: 65 14        	adc	$14                     ; 0x14 <__rc4>
     7ea: 85 1e        	sta	$1e                     ; 0x1e <__rc14>
     7ec: a5 13        	lda	$13                     ; 0x13 <__rc3>
     7ee: 65 15        	adc	$15                     ; 0x15 <__rc5>
     7f0: 85 1f        	sta	$1f                     ; 0x1f <__rc15>
     7f2: b2 1e        	lda	($1e)                   ; 0x1e <__rc14>
     7f4: c9 0a        	cmp	#$a
     7f6: f0 2a        	beq	$822 <textPrint+0xc8>
     7f8: c9 0d        	cmp	#$d
     7fa: f0 26        	beq	$822 <textPrint+0xc8>
     7fc: aa           	tax
     7fd: d0 03        	bne	$802 <textPrint+0xa8>
     7ff: 4c 11 09     	jmp	$911 <textPrint+0x1b7>
     802: a2 03        	ldx	#$3
     804: 86 01        	stx	$1                      ; 0x1 <__data_size+0x1>
     806: a5 30        	lda	$30                     ; 0x30 <_ccolor>
     808: 84 22        	sty	$22                     ; 0x22 <__rc18>
     80a: a4 32        	ldy	$32                     ; 0x32 <_col>
     80c: 91 1c        	sta	($1c),y                 ; 0x1c <__rc12>
     80e: ca           	dex
     80f: 86 01        	stx	$1                      ; 0x1 <__data_size+0x1>
     811: b2 1e        	lda	($1e)                   ; 0x1e <__rc14>
     813: a4 32        	ldy	$32                     ; 0x32 <_col>
     815: 91 1c        	sta	($1c),y                 ; 0x1c <__rc12>
     817: a4 22        	ldy	$22                     ; 0x22 <__rc18>
     819: a6 32        	ldx	$32                     ; 0x32 <_col>
     81b: e8           	inx
     81c: e6 32        	inc	$32                     ; 0x32 <_col>
     81e: e0 50        	cpx	#$50
     820: d0 bd        	bne	$7df <textPrint+0x85>
     822: 64 32        	stz	$32                     ; 0x32 <_col>
     824: a6 33        	ldx	$33                     ; 0x33 <_row>
     826: e8           	inx
     827: e6 33        	inc	$33                     ; 0x33 <_row>
     829: e0 1e        	cpx	#$1e
     82b: f0 03        	beq	$830 <textPrint+0xd6>
     82d: 4c d2 07     	jmp	$7d2 <textPrint+0x78>
     830: a2 50        	ldx	#$50
     832: 86 35        	stx	$35                     ; 0x35 <__rc31+0x6>
     834: a2 03        	ldx	#$3
     836: 86 01        	stx	$1                      ; 0x1 <__data_size+0x1>
     838: a2 01        	ldx	#$1
     83a: 86 1c        	stx	$1c                     ; 0x1c <__rc12>
     83c: a2 09        	ldx	#$9
     83e: a9 10        	lda	#$10
     840: a0 00        	ldy	#$0
     842: 84 1e        	sty	$1e                     ; 0x1e <__rc14>
     844: a0 c0        	ldy	#$c0
     846: 84 1f        	sty	$1f                     ; 0x1f <__rc15>
     848: 85 1d        	sta	$1d                     ; 0x1d <__rc13>
     84a: a4 35        	ldy	$35                     ; 0x35 <__rc31+0x6>
     84c: b1 1e        	lda	($1e),y                 ; 0x1e <__rc14>
     84e: 92 1e        	sta	($1e)                   ; 0x1e <__rc14>
     850: a9 ff        	lda	#$ff
     852: c6 1d        	dec	$1d                     ; 0x1d <__rc13>
     854: c5 1d        	cmp	$1d                     ; 0x1d <__rc13>
     856: d0 01        	bne	$859 <textPrint+0xff>
     858: ca           	dex
     859: e6 1e        	inc	$1e                     ; 0x1e <__rc14>
     85b: d0 02        	bne	$85f <textPrint+0x105>
     85d: e6 1f        	inc	$1f                     ; 0x1f <__rc15>
     85f: 8a           	txa
     860: d0 ea        	bne	$84c <textPrint+0xf2>
     862: a5 1d        	lda	$1d                     ; 0x1d <__rc13>
     864: d0 e6        	bne	$84c <textPrint+0xf2>
     866: a2 50        	ldx	#$50
     868: 86 35        	stx	$35                     ; 0x35 <__rc31+0x6>
     86a: a2 02        	ldx	#$2
     86c: 86 01        	stx	$1                      ; 0x1 <__data_size+0x1>
     86e: a2 00        	ldx	#$0
     870: a5 1c        	lda	$1c                     ; 0x1c <__rc12>
     872: d0 c6        	bne	$83a <textPrint+0xe0>
     874: a2 03        	ldx	#$3
     876: 86 01        	stx	$1                      ; 0x1 <__data_size+0x1>
     878: a5 30        	lda	$30                     ; 0x30 <_ccolor>
     87a: a2 50        	ldx	#$50
     87c: a0 11        	ldy	#$11
     87e: 84 1c        	sty	$1c                     ; 0x1c <__rc12>
     880: a0 c9        	ldy	#$c9
     882: 84 1d        	sty	$1d                     ; 0x1d <__rc13>
     884: a0 10        	ldy	#$10
     886: 84 1e        	sty	$1e                     ; 0x1e <__rc14>
     888: a0 c9        	ldy	#$c9
     88a: 84 1f        	sty	$1f                     ; 0x1f <__rc15>
     88c: a4 1e        	ldy	$1e                     ; 0x1e <__rc14>
     88e: 84 22        	sty	$22                     ; 0x22 <__rc18>
     890: a4 1f        	ldy	$1f                     ; 0x1f <__rc15>
     892: 84 23        	sty	$23                     ; 0x23 <__rc19>
     894: a4 1c        	ldy	$1c                     ; 0x1c <__rc12>
     896: 84 1e        	sty	$1e                     ; 0x1e <__rc14>
     898: a4 1d        	ldy	$1d                     ; 0x1d <__rc13>
     89a: 84 1f        	sty	$1f                     ; 0x1f <__rc15>
     89c: 92 22        	sta	($22)                   ; 0x22 <__rc18>
     89e: e6 1c        	inc	$1c                     ; 0x1c <__rc12>
     8a0: d0 02        	bne	$8a4 <textPrint+0x14a>
     8a2: e6 1d        	inc	$1d                     ; 0x1d <__rc13>
     8a4: ca           	dex
     8a5: d0 e5        	bne	$88c <textPrint+0x132>
     8a7: a2 02        	ldx	#$2
     8a9: 86 01        	stx	$1                      ; 0x1 <__data_size+0x1>
     8ab: a2 50        	ldx	#$50
     8ad: a0 11        	ldy	#$11
     8af: 84 1c        	sty	$1c                     ; 0x1c <__rc12>
     8b1: a0 c9        	ldy	#$c9
     8b3: 84 1d        	sty	$1d                     ; 0x1d <__rc13>
     8b5: a0 10        	ldy	#$10
     8b7: 84 1e        	sty	$1e                     ; 0x1e <__rc14>
     8b9: a0 c9        	ldy	#$c9
     8bb: 84 1f        	sty	$1f                     ; 0x1f <__rc15>
     8bd: a5 36        	lda	$36                     ; 0x36 <__rc31+0x7>
     8bf: a4 1e        	ldy	$1e                     ; 0x1e <__rc14>
     8c1: 84 22        	sty	$22                     ; 0x22 <__rc18>
     8c3: a4 1f        	ldy	$1f                     ; 0x1f <__rc15>
     8c5: 84 23        	sty	$23                     ; 0x23 <__rc19>
     8c7: a4 1c        	ldy	$1c                     ; 0x1c <__rc12>
     8c9: 84 1e        	sty	$1e                     ; 0x1e <__rc14>
     8cb: a4 1d        	ldy	$1d                     ; 0x1d <__rc13>
     8cd: 84 1f        	sty	$1f                     ; 0x1f <__rc15>
     8cf: 92 22        	sta	($22)                   ; 0x22 <__rc18>
     8d1: e6 1c        	inc	$1c                     ; 0x1c <__rc12>
     8d3: d0 02        	bne	$8d7 <textPrint+0x17d>
     8d5: e6 1d        	inc	$1d                     ; 0x1d <__rc13>
     8d7: ca           	dex
     8d8: d0 e5        	bne	$8bf <textPrint+0x165>
     8da: a2 20        	ldx	#$20
     8dc: 86 36        	stx	$36                     ; 0x36 <__rc31+0x7>
     8de: c6 33        	dec	$33                     ; 0x33 <_row>
     8e0: 9c 08 de     	stz	$de08                   ; 0xde08 <end_block9+0xd454>
     8e3: a2 c0        	ldx	#$c0
     8e5: 8e 09 de     	stx	$de09                   ; 0xde09 <end_block9+0xd455>
     8e8: 9c 0a de     	stz	$de0a                   ; 0xde0a <end_block9+0xd456>
     8eb: 9c 0b de     	stz	$de0b                   ; 0xde0b <end_block9+0xd457>
     8ee: a2 1d        	ldx	#$1d
     8f0: 8e 0c de     	stx	$de0c                   ; 0xde0c <end_block9+0xd458>
     8f3: 9c 0d de     	stz	$de0d                   ; 0xde0d <end_block9+0xd459>
     8f6: 9c 0e de     	stz	$de0e                   ; 0xde0e <end_block9+0xd45a>
     8f9: 9c 0f de     	stz	$de0f                   ; 0xde0f <end_block9+0xd45b>
     8fc: ae 18 de     	ldx	$de18                   ; 0xde18 <end_block9+0xd464>
     8ff: ac 19 de     	ldy	$de19                   ; 0xde19 <end_block9+0xd465>
     902: ad 1a de     	lda	$de1a                   ; 0xde1a <end_block9+0xd466>
     905: ad 1b de     	lda	$de1b                   ; 0xde1b <end_block9+0xd467>
     908: 86 1c        	stx	$1c                     ; 0x1c <__rc12>
     90a: 84 1d        	sty	$1d                     ; 0x1d <__rc13>
     90c: a4 35        	ldy	$35                     ; 0x35 <__rc31+0x6>
     90e: 4c df 07     	jmp	$7df <textPrint+0x85>
     911: a6 34        	ldx	$34                     ; 0x34 <__rc31+0x5>
     913: 86 01        	stx	$1                      ; 0x1 <__data_size+0x1>
     915: a6 32        	ldx	$32                     ; 0x32 <_col>
     917: a4 33        	ldy	$33                     ; 0x33 <_row>
     919: 8e 14 d0     	stx	$d014                   ; 0xd014 <end_block9+0xc660>
     91c: 9c 15 d0     	stz	$d015                   ; 0xd015 <end_block9+0xc661>
     91f: 84 33        	sty	$33                     ; 0x33 <_row>
     921: 8c 16 d0     	sty	$d016                   ; 0xd016 <end_block9+0xc662>
     924: 9c 17 d0     	stz	$d017                   ; 0xd017 <end_block9+0xc663>
     927: 60           	rts

00000928 <exit>:
     928: 20 19 03     	jsr	$319 <_fini>
     92b: 80 fe        	bra	$92b <exit+0x3>

0000092d <memcpy>:
     92d: a8           	tay
     92e: 8a           	txa
     92f: d0 03        	bne	$934 <memcpy+0x7>
     931: 98           	tya
     932: f0 24        	beq	$958 <memcpy+0x2b>
     934: a5 12        	lda	$12                     ; 0x12 <__rc2>
     936: 85 16        	sta	$16                     ; 0x16 <__rc6>
     938: a5 13        	lda	$13                     ; 0x13 <__rc3>
     93a: 85 17        	sta	$17                     ; 0x17 <__rc7>
     93c: b2 14        	lda	($14)                   ; 0x14 <__rc4>
     93e: 92 16        	sta	($16)                   ; 0x16 <__rc6>
     940: e6 16        	inc	$16                     ; 0x16 <__rc6>
     942: d0 02        	bne	$946 <memcpy+0x19>
     944: e6 17        	inc	$17                     ; 0x17 <__rc7>
     946: e6 14        	inc	$14                     ; 0x14 <__rc4>
     948: d0 02        	bne	$94c <memcpy+0x1f>
     94a: e6 15        	inc	$15                     ; 0x15 <__rc5>
     94c: 88           	dey
     94d: c0 ff        	cpy	#$ff
     94f: d0 01        	bne	$952 <memcpy+0x25>
     951: ca           	dex
     952: 8a           	txa
     953: d0 e7        	bne	$93c <memcpy+0xf>
     955: 98           	tya
     956: d0 e4        	bne	$93c <memcpy+0xf>
     958: 60           	rts

00000959 <__memset>:
     959: a4 14        	ldy	$14                     ; 0x14 <__rc4>
     95b: d0 04        	bne	$961 <__memset+0x8>
     95d: e0 00        	cpx	#$0
     95f: f0 17        	beq	$978 <__memset+0x1f>
     961: 92 12        	sta	($12)                   ; 0x12 <__rc2>
     963: e6 12        	inc	$12                     ; 0x12 <__rc2>
     965: d0 02        	bne	$969 <__memset+0x10>
     967: e6 13        	inc	$13                     ; 0x13 <__rc3>
     969: ca           	dex
     96a: e0 ff        	cpx	#$ff
     96c: d0 02        	bne	$970 <__memset+0x17>
     96e: c6 14        	dec	$14                     ; 0x14 <__rc4>
     970: a4 14        	ldy	$14                     ; 0x14 <__rc4>
     972: d0 ed        	bne	$961 <__memset+0x8>
     974: e0 00        	cpx	#$0
     976: d0 e9        	bne	$961 <__memset+0x8>
     978: 60           	rts
